Log file open, 04/16/15 13:58:27
LogInit:Display: Running engine for game: SpaceGame
LogInit: Version: 4.7.5-2503383+++depot+UE4-Releases+4.7
LogInit: API Version: 2455222
LogInit: Compiled (64-bit): Apr  6 2015 23:21:51
LogInit: Compiled with Visual C++: 18.00.21005.01
LogInit: Build Configuration: Development
LogInit: Branch Name: ++depot+UE4-Releases+4.7
LogInit: Command line:  
LogInit: Base directory: C:/Program Files/Epic Games/4.7/Engine/Binaries/Win64/
LogInit: Rocket: 1
[2015.04.16-11.58.27:900][  0]LogTaskGraph: Started task graph with 3 named threads and 6 total threads.
[2015.04.16-11.58.27:953][  0]LogOnline:Warning: No default platform service specified for OnlineSubsystem
[2015.04.16-11.58.27:964][  0]LogInit: Presizing for 0 objects not considered by GC, pre-allocating 0 bytes.
[2015.04.16-11.58.27:971][  0]LogInit: Object subsystem initialized
[2015.04.16-11.58.27:973][  0]LogConsoleResponse:Warning: Skipping Unknown console variable: 'TranslucentSortAxis = (X=0.000000,Y=-1.000000,Z=0.000000)'
[2015.04.16-11.58.27:973][  0]LogConsoleResponse:Warning:   Found in ini file 'C:/Users/admin/Documents/GitHub/SpaceGame/Saved/Config/Windows/Engine.ini', in section '[/Script/Engine.RendererSettings]'
[2015.04.16-11.58.27:973][  0]LogConsoleResponse:Warning: Skipping Unknown console variable: 'UIScaleRule = ShortestSide'
[2015.04.16-11.58.27:973][  0]LogConsoleResponse:Warning:   Found in ini file 'C:/Users/admin/Documents/GitHub/SpaceGame/Saved/Config/Windows/Engine.ini', in section '[/Script/Engine.RendererSettings]'
[2015.04.16-11.58.27:973][  0]LogConsoleResponse:Warning: Skipping Unknown console variable: 'UIScaleCurve = (EditorCurveData=(Keys=),ExternalCurve=None)'
[2015.04.16-11.58.27:973][  0]LogConsoleResponse:Warning:   Found in ini file 'C:/Users/admin/Documents/GitHub/SpaceGame/Saved/Config/Windows/Engine.ini', in section '[/Script/Engine.RendererSettings]'
[2015.04.16-11.58.27:973][  0]LogInit: Selected Device Profile: [Windows]
[2015.04.16-11.58.27:973][  0]LogInit: Applying CVar settings loaded from the selected device profile: [Windows]
[2015.04.16-11.58.27:979][  0]LogInit: Computer: ADMIN-PC
[2015.04.16-11.58.27:979][  0]LogInit: User: admin
[2015.04.16-11.58.27:979][  0]LogInit: CPU Page size=4096, Cores=4
[2015.04.16-11.58.27:979][  0]LogInit: High frequency timer resolution =14.318180 MHz
[2015.04.16-11.58.27:980][  0]LogMemory: Memory total: Physical=15.9GB (16GB approx) Virtual=131072.0GB
[2015.04.16-11.58.27:980][  0]LogMemory: Platform Memory Stats for Windows
[2015.04.16-11.58.27:980][  0]LogMemory: Process Physical Memory: 47.01 MB used, 47.01 MB peak
[2015.04.16-11.58.27:980][  0]LogMemory: Process Virtual Memory: 25.53 MB used, 25.54 MB peak
[2015.04.16-11.58.27:980][  0]LogMemory: Physical Memory: 4636.77 MB used, 16254.34 MB total
[2015.04.16-11.58.27:980][  0]LogMemory: Virtual Memory: 300.22 MB used, 134217728.00 MB total
[2015.04.16-11.58.28:027][  0]LogD3D11RHI: Found D3D11 adapter 0: NVIDIA GeForce GTX 770 (Feature Level 11_0)
[2015.04.16-11.58.28:027][  0]LogD3D11RHI: Adapter has 1987MB of dedicated video memory, 0MB of dedicated system memory, and 2048MB of shared system memory, 2 output[s]
[2015.04.16-11.58.28:033][  0]LogD3D11RHI: Found D3D11 adapter 1: Intel(R) HD Graphics 4600 (Feature Level 11_0)
[2015.04.16-11.58.28:033][  0]LogD3D11RHI: Adapter has 32MB of dedicated video memory, 0MB of dedicated system memory, and 1760MB of shared system memory, 1 output[s]
[2015.04.16-11.58.28:034][  0]LogD3D11RHI: Found D3D11 adapter 2: Microsoft Basic Render Driver (Feature Level 11_0)
[2015.04.16-11.58.28:034][  0]LogD3D11RHI: Adapter has 0MB of dedicated video memory, 0MB of dedicated system memory, and 256MB of shared system memory, 0 output[s]
[2015.04.16-11.58.28:034][  0]LogD3D11RHI: Chosen D3D11 Adapter Id = 0
[2015.04.16-11.58.28:038][  0]LogRHI: Texture pool is 1361 MB (70% of 1945 MB)
[2015.04.16-11.58.28:047][  0]LogD3D11RHI: Async texture creation enabled
[2015.04.16-11.58.28:103][  0]LogTextLocalizationManager: The requested culture ('de_DE') has no localization data; falling back to 'en' for localization and internationalization data.
[2015.04.16-11.58.28:165][  0]LogTextLocalizationManager:Warning: Loading localization resources contain conflicting entries for (Namespace:UICommands, Key:Save_ToolTip):
Resource: (C:/Program Files/Epic Games/4.7/Engine/Content/Localization/Editor/en/Editor.locres) Hash: (-29098895) String: (Saves the current level to disk)
Resource: (C:/Program Files/Epic Games/4.7/Engine/Content/Localization/Engine/en/Engine.locres) Hash: (-1280300587) String: (Save selected data to vlog file)
[2015.04.16-11.58.28:165][  0]LogTextLocalizationManager:Warning: Loading localization resources contain conflicting entries for (Namespace:ContentBrowser, Key:ImportAssetToolTip):
Resource: (C:/Program Files/Epic Games/4.7/Engine/Content/Localization/Editor/en/Editor.locres) Hash: (-630476809) String: (Import to {0}...)
Resource: (C:/Program Files/Epic Games/4.7/Engine/Content/Localization/Editor/en/Editor.locres) Hash: (1271782899) String: (Imports an asset from file to this folder.)
[2015.04.16-11.58.28:230][  0]LogContentStreaming: Texture pool size is 0.000000MB
[2015.04.16-11.58.29:963][  0]LogTargetPlatformManager:Display: Building Assets For Windows
[2015.04.16-11.58.30:350][  0]LogTargetPlatformManager:Display: Building Assets For Windows
[2015.04.16-11.58.30:396][  0]LogDerivedDataCache:Display: Max Cache Size: 512 MB
[2015.04.16-11.58.30:428][  0]LogDerivedDataCache: Loaded boot cache 0.03s 39MB C:/Users/admin/AppData/Local/UnrealEngine/4.7/DerivedDataCache/Boot.ddc.
[2015.04.16-11.58.30:428][  0]LogDerivedDataCache:Display: Loaded Boot cache: C:/Users/admin/AppData/Local/UnrealEngine/4.7/DerivedDataCache/Boot.ddc
[2015.04.16-11.58.30:428][  0]LogDerivedDataCache: FDerivedDataBackendGraph:  Pak pak cache file ../../../../../../Users/admin/Documents/GitHub/SpaceGame/DerivedDataCache/DDC.ddp not found, will not use a pak cache.
[2015.04.16-11.58.30:428][  0]LogDerivedDataCache: Unable to find inner node Pak for hierarchical cache Hierarchy.
[2015.04.16-11.58.30:516][  0]LogDerivedDataCache:Display: Pak cache opened for reading ../../../Engine/DerivedDataCache/Compressed.ddp.
[2015.04.16-11.58.30:528][  0]LogDerivedDataCache: Using Local data cache path C:/Users/admin/AppData/Local/UnrealEngine/Common/DerivedDataCache: Writable
[2015.04.16-11.58.30:743][  0]LogMeshUtilities: No automatic mesh reduction module available
[2015.04.16-11.58.30:743][  0]LogMeshUtilities: No automatic mesh merging module available
[2015.04.16-11.58.31:069][  0]LogInit: WinSock: version 1.1 (2.2), MaxSocks=32767, MaxUdp=65467
[2015.04.16-11.58.31:125][  0]LogSlate:Warning: Failed to load font data from '../../../Engine/Content/Slate/Fonts/Roboto-Italic.ttf'
[2015.04.16-11.58.31:719][  0]UdpMessaging: Initializing bridge on interface 0.0.0.0:0 to multicast group 230.0.0.1:6666.
[2015.04.16-11.58.31:908][  0]SourceControl: Info Source control is disabled
[2015.04.16-11.58.31:908][  0]SourceControl: Info Source control is disabled
[2015.04.16-11.58.31:908][  0]SourceControl: Info Source control is disabled
[2015.04.16-11.58.31:908][  0]LogSourceControl: RunCommandInternalRaw: 'git version'
[2015.04.16-11.58.31:908][  0]LogSourceControl: RunCommandInternalRaw: ExecProcess ReturnCode=2 OutResults=''
[2015.04.16-11.58.31:914][  0]SourceControl: Info Source control is disabled
[2015.04.16-11.58.32:047][  0]LogObj: 24232 objects as part of root set at end of initial load.
[2015.04.16-11.58.32:047][  0]LogUObjectAllocator: 5137176 out of 0 bytes used by permanent object pool.
[2015.04.16-11.58.32:111][  0]LogEngine: Initializing Engine...
[2015.04.16-11.58.35:276][  0]LogInit: XAudio2 using 'Philips FTV-4 (NVIDIA High Definition Audio)' : 2 channels at 48 kHz using 16 bits per sample (channel mask 0x3)
[2015.04.16-11.58.35:304][  0]LogInit: FAudioDevice initialized.
[2015.04.16-11.58.35:331][  0]LogAIModule: Creating AISystem for world NewWorld
[2015.04.16-11.58.35:350][  0]LogDerivedDataCache: Saved boot cache 0.02s 39MB C:/Users/admin/AppData/Local/UnrealEngine/4.7/DerivedDataCache/Boot.ddc.
[2015.04.16-11.58.35:356][  0]LogInit: Texture streaming: Enabled
[2015.04.16-11.58.35:424][  0]LogAnalytics: Creating configured Analytics provider AnalyticsET
[2015.04.16-11.58.35:424][  0]LogAnalytics: ET APIKey = Rocket.Release. APIServer = http://et2.epicgames.com/ET2/. AppVersion = 4.7.5-2503383+++depot+UE4-Releases+4.7
[2015.04.16-11.58.35:424][  0]LogAnalytics: ET APIKey = Rocket.Release. DataRouterUploadURL = https://datarouter-public-service-gamedev.ol.epicgames.net/datarouter/api/v1/public/data. AppVersion = 4.7.5-2503383+++depot+UE4-Releases+4.7
[2015.04.16-11.58.35:424][  0]LogAnalytics: SetUserId dde3deed4523c0a2a770c48b31092dad|9afb1e8fda0a480cb286d8fd65efbaea|7aadb3ab-5297-4333-a6d6-a0753f16fa7d
[2015.04.16-11.58.35:424][  0]LogAnalytics: AnalyticsET::StartSession [Rocket.Release]
[2015.04.16-11.58.35:444][  0]LogInit: Transaction tracking system initialized
[2015.04.16-11.58.35:576][  0]BlueprintLog: New page: Editor Load
[2015.04.16-11.58.35:606][  0]LogAssetRegistry: FAssetRegistry took 0.0110 seconds to start up
[2015.04.16-11.58.35:606][  0]LogDirectoryWatcher:Warning: Failed to begin reading directory changes for ../../../Engine/Plugins/Experimental/CharacterAI/Content/. Error: 0
[2015.04.16-11.58.36:003][  0]LogTargetPlatformManager:Display: Building Assets For Windows
[2015.04.16-11.58.36:278][  0]LogTargetPlatformManager:Display: Building Assets For Windows
[2015.04.16-11.58.36:466][  0]LogSlate:Warning: Failed to load font data from '../../../Engine/Content/Editor/Slate/Fonts/Roboto-Regular.ttf'
[2015.04.16-11.58.36:466][  0]LogSlate:Warning: Failed to load font data from '../../../Engine/Content/Editor/Slate/Fonts/Roboto-Bold.ttf'
[2015.04.16-11.58.36:470][  0]LogConsoleResponse:Display: 
[2015.04.16-11.58.36:566][  0]LogCook:Display: Done creating registry. It took  0.00s.
[2015.04.16-11.58.36:670][  0]SourceControl: Info Source control is disabled
[2015.04.16-11.58.36:670][  0]Cmd: MAP LOAD FILE="../../../../../../Users/admin/Documents/GitHub/SpaceGame/Content/StarterContent/Maps/Minimal_Default.umap" TEMPLATE=0 SHOWPROGRESS=1 FEATURELEVEL=3
[2015.04.16-11.58.36:670][  0]LightingResults: New page: Lighting Build
[2015.04.16-11.58.36:679][  0]MapCheck: New page: Map Check
[2015.04.16-11.58.36:679][  0]LightingResults: New page: Lighting Build
[2015.04.16-11.58.36:685][  0]LogParticles: Destroying 0 GPU particle simulations for FXSystem 0x00000059CC9B7B00
[2015.04.16-11.58.37:073][  0]LogLinker:Warning: Asset '../../../Engine/Content/EngineMeshes/Humanoid.uasset' has been saved with empty engine version. The asset will be loaded but may be incompatible.
[2015.04.16-11.58.37:357][  0]LogEditorServer: Finished looking for orphan Actors (0.000 secs)
[2015.04.16-11.58.37:366][  0]LogAIModule: Creating AISystem for world Minimal_Default
[2015.04.16-11.58.37:367][  0]Cmd: MAP CHECKDEP
[2015.04.16-11.58.37:367][  0]MapCheck: New page: Minimal_Default - Apr 16, 2015, 3:58:37 PM
[2015.04.16-11.58.37:430][  0]MapCheck: Info Map check complete: 0 Error(s), 0 Warning(s), took 63.293ms to complete.
[2015.04.16-11.58.37:430][  0]LogFileHelpers: Loading map 'Minimal_Default' took 0.761
[2015.04.16-11.58.37:567][  0]LogCollectionManager: Loaded 0 collections in 0.001534 seconds
[2015.04.16-11.58.37:575][  0]LogContentBrowser: Native class hierarchy populated in 0.0076 seconds. Added 1696 classes and 261 folders.
[2015.04.16-11.58.37:609][  0]LogContentBrowser: Native class hierarchy updated for 'SceneOutliner' in 0.0015 seconds. Added 1 classes and 2 folders.
[2015.04.16-11.58.37:668][  0]LogCrashTracker: Crashtracker disabled due to settings.
[2015.04.16-11.58.37:669][  0]LogSlate:Warning: Failed to load font data from 'Veranda'
[2015.04.16-11.58.37:676][  0]LogUObjectGlobals:Warning: Failed to find object 'Class None.'
[2015.04.16-11.58.37:701][  0]LogLoad: Full Startup: 11.50 seconds (BP compile: 0.11 seconds)
[2015.04.16-11.58.38:195][  0]LogContentBrowser:Verbose: The content browser source was changed by the sources view to '/Game/StarterContent/Shapes'
[2015.04.16-11.58.38:285][  0]LogRenderer:Warning: Reallocating scene render targets to support 32x32 (Frame:2).
[2015.04.16-11.58.38:425][  0]LogRenderer:Warning: Reallocating scene render targets to support 1208x512 (Frame:3).
[2015.04.16-11.58.40:660][ 11]LogAssetRegistry: Asset discovery search completed in 5.0644 seconds
[2015.04.16-11.58.44:398][414]LogContentBrowser:Verbose: The content browser source was changed by the sources view to '/Game/StarterContent/addonsPackages'
[2015.04.16-11.58.47:548][787]LogContentBrowser:Verbose: The content browser source was changed by the sources view to '/Game/StarterContent/addonsPackages/AnimStarterPack'
[2015.04.16-11.58.48:892][889]LogContentBrowser:Verbose: The content browser source was changed by the sources view to '/Game/StarterContent/addonsPackages/FXStarStarterKit'
[2015.04.16-11.58.51:582][206]LogContentBrowser:Verbose: The content browser source was changed by the sources view to 'None'
[2015.04.16-11.58.53:492][357]LogContentBrowser:Verbose: The content browser source was changed by the sources view to '/Game/StarterContent/MyCharacter'
[2015.04.16-11.58.55:054][534]LogContentBrowser:Verbose: The content browser source was changed by the sources view to '/Game/StarterContent/MyCharacter/ODST_Character'
[2015.04.16-11.58.57:994][845]LogPlayLevel: PIE:  No blueprints needed recompiling
[2015.04.16-11.58.57:994][845]PIE: New page: PIE session: Minimal_Default (Apr 16, 2015, 3:58:57 PM)
[2015.04.16-11.58.57:999][845]LogPlayLevel: PIE: StaticDuplicateObject took: (0.004031s)
[2015.04.16-11.58.57:999][845]LogPlayLevel: PIE: World Init took: (0.000892s)
[2015.04.16-11.58.58:000][845]LogPlayLevel: PIE: Created PIE world by copying editor world from /Game/StarterContent/Maps/Minimal_Default.Minimal_Default to /Game/StarterContent/Maps/UEDPIE_0_Minimal_Default.Minimal_Default (0.005357s)
[2015.04.16-11.58.58:049][845]LogWorld: Game class is 'MyGame_C'
[2015.04.16-11.58.58:051][845]LogAIModule: Creating AISystem for world Minimal_Default
[2015.04.16-11.58.58:054][845]LogWorld: Bringing World /Game/StarterContent/Maps/UEDPIE_0_Minimal_Default.Minimal_Default up for play (max tick rate 0) at 2015.04.16-13.58.58
[2015.04.16-11.58.58:054][845]LogWorld: Bringing up level for play took: 0.002912
[2015.04.16-11.58.58:057][845]PIE: Info Play in editor start time for /Game/StarterContent/Maps/UEDPIE_0_Minimal_Default -0.261
[2015.04.16-11.59.14:023][678]LogParticles: Destroying 0 GPU particle simulations for FXSystem 0x00000059D979E5C0
[2015.04.16-11.59.18:733][214]LogContentBrowser:Verbose: The content browser source was changed by the sources view to '/Game/StarterContent/Architecture'
[2015.04.16-11.59.19:577][306]LogContentBrowser:Verbose: The content browser source was changed by the sources view to '/Game/StarterContent/addonsPackages'
[2015.04.16-11.59.21:028][479]LogContentBrowser:Verbose: The content browser source was changed by the sources view to '/Game/StarterContent'
[2015.04.16-11.59.24:031][838]LogContentBrowser:Verbose: The content browser source was changed by the sources view to '/Game/StarterContent/addonsPackages/AnimStarterPack'
[2015.04.16-11.59.25:588][951]LogContentBrowser:Verbose: The content browser source was changed by the sources view to '/Game/StarterContent/addonsPackages/AnimStarterPack/Character'
[2015.04.16-11.59.28:232][208]LogBlueprint:Warning: [compiler] Warning InputAction Event references unknown Action 'Crouch' for  InputAction Crouch 
[2015.04.16-11.59.28:242][208]LogBlueprint:Warning: [compiler] Warning [0062.04] Compile of ASP_Character successful, but with 1 Warning(s) [in 33 ms]
[2015.04.16-11.59.28:242][208]LogBlueprint:Warning: [compiler] Warning [0062.04] Compile of ASP_Character successful, but with 2 Warning(s) [in 0 ms]
[2015.04.16-11.59.28:242][208]LogBlueprint:Warning: [compiler] Warning [0062.04] Compile of ASP_Character successful, but with 3 Warning(s) [in 0 ms]
[2015.04.16-11.59.28:242][208]LogBlueprint:Warning: [compiler] Warning [0062.04] Compile of ASP_Character successful, but with 4 Warning(s) [in 0 ms]
[2015.04.16-11.59.28:602][208]LogBlueprint:Warning: [compiler] Warning InputAction Event references unknown Action 'Crouch' for  InputAction Crouch 
[2015.04.16-11.59.28:612][208]LogBlueprint:Warning: [compiler] Warning [0062.41] Compile of ASP_Character successful, but with 1 Warning(s) [in 33 ms]
[2015.04.16-11.59.28:613][208]LogBlueprint:Warning: [compiler] Warning [0062.41] Compile of ASP_Character successful, but with 2 Warning(s) [in 0 ms]
[2015.04.16-11.59.39:039][983]LogContentBrowser:Verbose: The content browser source was changed by the sources view to '/Game/StarterContent/MyCharacter/ODST_Character'
[2015.04.16-11.59.41:732][144]LogSkeletalMesh: InitArticulated: Bodies already created (/Engine/Transient.DebugSkelMeshComponent_2) - call TermArticulated first.
[2015.04.16-11.59.41:786][144]LogLinker:Warning: Asset '../../../Engine/Content/Tutorial/SubEditors/PersonaAnimEditorTutorial.uasset' has been saved with empty engine version. The asset will be loaded but may be incompatible.
[2015.04.16-11.59.41:888][144]LogContentBrowser:Verbose: The majority of assets in the view are of type: AnimSequence
[2015.04.16-12.00.09:483][324]LogPlayLevel: PIE:  No blueprints needed recompiling
[2015.04.16-12.00.09:483][324]PIE: New page: PIE session: Minimal_Default (Apr 16, 2015, 4:00:09 PM)
[2015.04.16-12.00.09:488][324]LogPlayLevel: PIE: StaticDuplicateObject took: (0.004446s)
[2015.04.16-12.00.09:489][324]LogPlayLevel: PIE: World Init took: (0.001464s)
[2015.04.16-12.00.09:489][324]LogPlayLevel: PIE: Created PIE world by copying editor world from /Game/StarterContent/Maps/Minimal_Default.Minimal_Default to /Game/StarterContent/Maps/UEDPIE_0_Minimal_Default.Minimal_Default (0.006165s)
[2015.04.16-12.00.09:557][324]LogWorld: Game class is 'MyGame_C'
[2015.04.16-12.00.09:559][324]LogAIModule: Creating AISystem for world Minimal_Default
[2015.04.16-12.00.09:562][324]LogWorld: Bringing World /Game/StarterContent/Maps/UEDPIE_0_Minimal_Default.Minimal_Default up for play (max tick rate 0) at 2015.04.16-14.00.09
[2015.04.16-12.00.09:562][324]LogWorld: Bringing up level for play took: 0.002864
[2015.04.16-12.00.09:582][324]PIE: Info Play in editor start time for /Game/StarterContent/Maps/UEDPIE_0_Minimal_Default -0.736
[2015.04.16-12.00.09:612][324]LogRenderer:Warning: Reallocating scene render targets to support 1296x760 (Frame:11144).
[2015.04.16-12.00.11:614][446]LogActorComponent: UnregisterComponent: (/Engine/Transient.CharMoveComp) Not registered. Aborting.
[2015.04.16-12.00.11:642][446]LogParticles: Destroying 0 GPU particle simulations for FXSystem 0x00000059D9D14C20
[2015.04.16-12.00.11:642][446]LogParticles: Destroying 0 GPU particle simulations for FXSystem 0x00000059D9D15260
[2015.04.16-12.00.11:644][446]LogParticles: Destroying 0 GPU particle simulations for FXSystem 0x00000059E327B060
[2015.04.16-12.00.14:261][598]LogSavePackage: Save=412.732330ms
[2015.04.16-12.00.14:261][598]LogSavePackage: Moving '../../../../../../Users/admin/Documents/GitHub/SpaceGame/Saved/ASP_HeroTPP_AnimBlueprint_Copy816CD32F46ACACBA0867A1BE8CF1CF79.tmp' to '../../../../../../Users/admin/Documents/GitHub/SpaceGame/Content/StarterContent/MyCharacter/ODST_Character/ASP_HeroTPP_AnimBlueprint_Copy.uasset'
[2015.04.16-12.00.29:721][ 41]LogContentBrowser:Verbose: The content browser source was changed by the sources view to '/Game/StarterContent'
[2015.04.16-12.00.31:569][258]LogContentBrowser:Verbose: The content browser source was changed by the sources view to '/Game/StarterContent/Blueprints'
[2015.04.16-12.01.00:958][575]LogContentBrowser:Verbose: The content browser source was changed by the sources view to '/Game/StarterContent/MyCharacter'
[2015.04.16-12.01.01:820][677]LogContentBrowser:Verbose: The content browser source was changed by the sources view to '/Game/StarterContent/MyCharacter/ODST_Character'
[2015.04.16-12.01.11:230][591]LogContentBrowser:Verbose: The content browser source was changed by the sources view to '/Game/StarterContent/addonsPackages'
[2015.04.16-12.01.11:895][669]LogContentBrowser:Verbose: The content browser source was changed by the sources view to '/Game/StarterContent/Architecture'
[2015.04.16-12.01.12:503][737]LogContentBrowser:Verbose: The content browser source was changed by the sources view to '/Game/StarterContent/Audio'
[2015.04.16-12.01.13:298][796]LogContentBrowser:Verbose: The content browser source was changed by the sources view to '/Game/StarterContent/Blueprints'
[2015.04.16-12.01.14:407][923]LogContentBrowser:Verbose: The content browser source was changed by the sources view to '/Game/StarterContent/HDRI'
[2015.04.16-12.01.15:062][  0]LogContentBrowser:Verbose: The content browser source was changed by the sources view to '/Game/StarterContent/Maps'
[2015.04.16-12.01.15:687][ 74]LogContentBrowser:Verbose: The content browser source was changed by the sources view to '/Game/StarterContent/Materials'
[2015.04.16-12.01.17:101][197]LogContentBrowser:Verbose: The content browser source was changed by the sources view to '/Game/StarterContent/MyCharacter'
[2015.04.16-12.01.17:843][284]LogContentBrowser:Verbose: The content browser source was changed by the sources view to '/Game/StarterContent/MyCharacter/ODST_Character'
[2015.04.16-12.01.25:641][935]LogSkeletalMesh: InitArticulated: Bodies already created (/Engine/Transient.DebugSkelMeshComponent_4) - call TermArticulated first.
[2015.04.16-12.01.25:780][935]LogContentBrowser:Verbose: The majority of assets in the view are of type: AnimSequence
[2015.04.16-12.02.27:393][160]LogActorComponent: UnregisterComponent: (/Engine/Transient.CharMoveComp) Not registered. Aborting.
[2015.04.16-12.02.27:415][160]LogParticles: Destroying 0 GPU particle simulations for FXSystem 0x00000059E823E700
[2015.04.16-12.02.27:415][160]LogParticles: Destroying 0 GPU particle simulations for FXSystem 0x00000059E62A3D80
[2015.04.16-12.02.27:416][160]LogParticles: Destroying 0 GPU particle simulations for FXSystem 0x00000059D3F14900
[2015.04.16-12.02.27:416][160]LogParticles: Destroying 0 GPU particle simulations for FXSystem 0x00000059E1611EE0
[2015.04.16-12.02.27:416][160]LogParticles: Destroying 0 GPU particle simulations for FXSystem 0x00000059E08B5B20
[2015.04.16-12.02.27:416][160]LogParticles: Destroying 0 GPU particle simulations for FXSystem 0x00000059E08B7560
[2015.04.16-12.02.27:417][160]LogParticles: Destroying 0 GPU particle simulations for FXSystem 0x00000059E23458A0
[2015.04.16-12.02.29:564][161]Cmd: QUIT_EDITOR
[2015.04.16-12.02.29:737][161]LogExit: Preparing to exit.
[2015.04.16-12.02.30:881][161]LogExit: Editor shut down
[2015.04.16-12.02.30:881][161]LogExit: Transaction tracking system shut down
[2015.04.16-12.02.30:883][161]LogParticles: Destroying 0 GPU particle simulations for FXSystem 0x00000059D0474D60
[2015.04.16-12.02.30:883][161]LogParticles: Destroying 0 GPU particle simulations for FXSystem 0x00000059D6184C20
[2015.04.16-12.02.30:883][161]LogParticles: Destroying 0 GPU particle simulations for FXSystem 0x00000059D671F1A0
[2015.04.16-12.02.30:883][161]LogParticles: Destroying 0 GPU particle simulations for FXSystem 0x00000059C6AF2520
[2015.04.16-12.02.30:883][161]LogParticles: Destroying 0 GPU particle simulations for FXSystem 0x00000059C7CF5DA0
[2015.04.16-12.02.30:883][161]LogParticles: Destroying 0 GPU particle simulations for FXSystem 0x00000059C8218400
[2015.04.16-12.02.30:883][161]LogParticles: Destroying 0 GPU particle simulations for FXSystem 0x00000059C821A520
[2015.04.16-12.02.30:883][161]LogParticles: Destroying 0 GPU particle simulations for FXSystem 0x00000059C8218FE0
[2015.04.16-12.02.30:884][161]LogParticles: Destroying 0 GPU particle simulations for FXSystem 0x00000059DDB99620
[2015.04.16-12.02.30:953][161]LogExit: Object subsystem successfully closed.
[2015.04.16-12.02.31:002][161]LogModuleManager: Shutting down and abandoning module CrashTracker (177)
[2015.04.16-12.02.31:002][161]LogModuleManager: Shutting down and abandoning module SuperSearch (176)
[2015.04.16-12.02.31:002][161]LogModuleManager: Shutting down and abandoning module SceneOutliner (175)
[2015.04.16-12.02.31:002][161]LogModuleManager: Shutting down and abandoning module EditorWidgets (174)
[2015.04.16-12.02.31:002][161]LogModuleManager: Shutting down and abandoning module CollectionManager (173)
[2015.04.16-12.02.31:002][161]LogModuleManager: Shutting down and abandoning module StatsViewer (172)
[2015.04.16-12.02.31:002][161]LogModuleManager: Shutting down and abandoning module FoliageEdit (171)
[2015.04.16-12.02.31:002][161]LogModuleManager: Shutting down and abandoning module LandscapeEditor (170)
[2015.04.16-12.02.31:002][161]LogModuleManager: Shutting down and abandoning module MeshPaint (169)
[2015.04.16-12.02.31:002][161]LogModuleManager: Shutting down and abandoning module ActorPickerMode (168)
[2015.04.16-12.02.31:002][161]LogModuleManager: Shutting down and abandoning module GeometryMode (167)
[2015.04.16-12.02.31:002][161]LogModuleManager: Shutting down and abandoning module TextureAlignMode (166)
[2015.04.16-12.02.31:002][161]LogModuleManager: Shutting down and abandoning module BspMode (165)
[2015.04.16-12.02.31:002][161]LogModuleManager: Shutting down and abandoning module PlacementMode (164)
[2015.04.16-12.02.31:002][161]LogModuleManager: Shutting down and abandoning module AutomationWorker (163)
[2015.04.16-12.02.31:002][161]LogModuleManager: Shutting down and abandoning module CharacterAI (162)
[2015.04.16-12.02.31:002][161]LogModuleManager: Shutting down and abandoning module SmartSnapping (161)
[2015.04.16-12.02.31:002][161]LogModuleManager: Shutting down and abandoning module ViewportSnapping (160)
[2015.04.16-12.02.31:002][161]LogModuleManager: Shutting down and abandoning module LogVisualizer (159)
[2015.04.16-12.02.31:002][161]LogModuleManager: Shutting down and abandoning module GameProjectGeneration (158)
[2015.04.16-12.02.31:002][161]LogModuleManager: Shutting down and abandoning module IntroTutorials (157)
[2015.04.16-12.02.31:002][161]LogModuleManager: Shutting down and abandoning module EditorLiveStreaming (156)
[2015.04.16-12.02.31:002][161]LogModuleManager: Shutting down and abandoning module HardwareTargeting (155)
[2015.04.16-12.02.31:002][161]LogModuleManager: Shutting down and abandoning module DeviceProfileEditor (154)
[2015.04.16-12.02.31:002][161]LogModuleManager: Shutting down and abandoning module UndoHistory (153)
[2015.04.16-12.02.31:002][161]LogModuleManager: Shutting down and abandoning module GameplayTagsEditor (152)
[2015.04.16-12.02.31:002][161]LogModuleManager: Shutting down and abandoning module UserFeedback (151)
[2015.04.16-12.02.31:002][161]LogModuleManager: Shutting down and abandoning module XmlParser (150)
[2015.04.16-12.02.31:002][161]LogModuleManager: Shutting down and abandoning module Blutility (149)
[2015.04.16-12.02.31:002][161]LogModuleManager: Shutting down and abandoning module IOSPlatformEditor (148)
[2015.04.16-12.02.31:002][161]LogModuleManager: Shutting down and abandoning module IOSRuntimeSettings (147)
[2015.04.16-12.02.31:002][161]LogModuleManager: Shutting down and abandoning module AndroidDeviceDetection (146)
[2015.04.16-12.02.31:454][161]LogModuleManager: Shutting down and abandoning module AndroidPlatformEditor (145)
[2015.04.16-12.02.31:454][161]LogModuleManager: Shutting down and abandoning module AndroidRuntimeSettings (144)
[2015.04.16-12.02.31:454][161]LogModuleManager: Shutting down and abandoning module ProjectTargetPlatformEditor (143)
[2015.04.16-12.02.31:454][161]LogModuleManager: Shutting down and abandoning module ProjectSettingsViewer (142)
[2015.04.16-12.02.31:454][161]LogModuleManager: Shutting down and abandoning module InputBindingEditor (141)
[2015.04.16-12.02.31:454][161]LogModuleManager: Shutting down and abandoning module EditorSettingsViewer (140)
[2015.04.16-12.02.31:454][161]LogModuleManager: Shutting down and abandoning module SettingsEditor (139)
[2015.04.16-12.02.31:454][161]LogModuleManager: Shutting down and abandoning module ProjectLauncher (138)
[2015.04.16-12.02.31:454][161]LogModuleManager: Shutting down and abandoning module SessionFrontend (137)
[2015.04.16-12.02.31:454][161]LogModuleManager: Shutting down and abandoning module ProfilerClient (136)
[2015.04.16-12.02.31:454][161]LogModuleManager: Shutting down and abandoning module TargetDeviceServices (135)
[2015.04.16-12.02.31:454][161]LogModuleManager: Shutting down and abandoning module DeviceManager (134)
[2015.04.16-12.02.31:454][161]LogModuleManager: Shutting down and abandoning module AutomationController (133)
[2015.04.16-12.02.31:454][161]LogModuleManager: Shutting down and abandoning module AutomationWindow (132)
[2015.04.16-12.02.31:454][161]LogModuleManager: Shutting down and abandoning module Layers (131)
[2015.04.16-12.02.31:454][161]LogModuleManager: Shutting down and abandoning module ComponentVisualizers (130)
[2015.04.16-12.02.31:454][161]LogModuleManager: Shutting down and abandoning module DetailCustomizations (129)
[2015.04.16-12.02.31:455][161]LogModuleManager: Shutting down and abandoning module PackagesDialog (128)
[2015.04.16-12.02.31:455][161]LogModuleManager: Shutting down and abandoning module AssetRegistry (127)
[2015.04.16-12.02.31:547][161]LogModuleManager: Shutting down and abandoning module Persona (126)
[2015.04.16-12.02.31:547][161]LogModuleManager: Shutting down and abandoning module SlateReflector (125)
[2015.04.16-12.02.31:547][161]LogModuleManager: Shutting down and abandoning module LevelEditor (124)
[2015.04.16-12.02.31:549][161]LogModuleManager: Shutting down and abandoning module Kismet (123)
[2015.04.16-12.02.31:549][161]LogModuleManager: Shutting down and abandoning module GraphEditor (122)
[2015.04.16-12.02.31:549][161]LogModuleManager: Shutting down and abandoning module ClassViewer (121)
[2015.04.16-12.02.31:549][161]LogModuleManager: Shutting down and abandoning module Toolbox (120)
[2015.04.16-12.02.31:549][161]LogModuleManager: Shutting down and abandoning module ModuleUI (119)
[2015.04.16-12.02.31:549][161]LogModuleManager: Shutting down and abandoning module MovieSceneTools (118)
[2015.04.16-12.02.31:549][161]LogModuleManager: Shutting down and abandoning module OutputLog (117)
[2015.04.16-12.02.31:549][161]LogModuleManager: Shutting down and abandoning module GammaUI (116)
[2015.04.16-12.02.31:549][161]LogModuleManager: Shutting down and abandoning module Documentation (115)
[2015.04.16-12.02.31:549][161]LogModuleManager: Shutting down and abandoning module GameLiveStreaming (114)
[2015.04.16-12.02.31:549][161]LogModuleManager: Shutting down and abandoning module StreamingPauseRendering (113)
[2015.04.16-12.02.31:549][161]LogModuleManager: Shutting down and abandoning module HTTP (112)
[2015.04.16-12.02.31:549][161]LogModuleManager: Shutting down and abandoning module AnalyticsET (111)
[2015.04.16-12.02.31:549][161]LogModuleManager: Shutting down and abandoning module Analytics (110)
[2015.04.16-12.02.31:549][161]LogModuleManager: Shutting down and abandoning module AITestSuite (109)
[2015.04.16-12.02.31:549][161]LogModuleManager: Shutting down and abandoning module GameplayDebugger (108)
[2015.04.16-12.02.31:549][161]LogModuleManager: Shutting down and abandoning module AIModule (107)
[2015.04.16-12.02.31:549][161]LogModuleManager: Shutting down and abandoning module ProfilerService (106)
[2015.04.16-12.02.31:635][161]LogModuleManager: Shutting down and abandoning module TaskGraph (105)
[2015.04.16-12.02.31:635][161]LogModuleManager: Shutting down and abandoning module SlateRemote (104)
[2015.04.16-12.02.31:635][161]LogModuleManager: Shutting down and abandoning module ScriptEditorPlugin (103)
[2015.04.16-12.02.31:635][161]LogModuleManager: Shutting down and abandoning module CustomMeshComponent (102)
[2015.04.16-12.02.31:635][161]LogModuleManager: Shutting down and abandoning module CableComponent (101)
[2015.04.16-12.02.31:635][161]LogModuleManager: Shutting down and abandoning module MessagingDebugger (100)
[2015.04.16-12.02.31:635][161]LogModuleManager: Shutting down and abandoning module MediaPlayerEditor (99)
[2015.04.16-12.02.31:635][161]LogModuleManager: Shutting down and abandoning module SpeedTreeImporter (98)
[2015.04.16-12.02.31:635][161]LogModuleManager: Shutting down and abandoning module PluginsEditor (97)
[2015.04.16-12.02.31:635][161]LogModuleManager: Shutting down and abandoning module MainFrame (96)
[2015.04.16-12.02.31:635][161]LogModuleManager: Shutting down and abandoning module EpicSurvey (95)
[2015.04.16-12.02.31:636][161]LogModuleManager: Shutting down and abandoning module DesktopPlatform (94)
[2015.04.16-12.02.31:636][161]LogModuleManager: Shutting down and abandoning module DirectoryWatcher (93)
[2015.04.16-12.02.31:636][161]LogModuleManager: Shutting down and abandoning module HotReload (92)
[2015.04.16-12.02.31:636][161]LogModuleManager: Shutting down and abandoning module VisualStudioSourceCodeAccess (91)
[2015.04.16-12.02.31:636][161]LogModuleManager: Shutting down and abandoning module UObjectPlugin (90)
[2015.04.16-12.02.31:636][161]LogModuleManager: Shutting down and abandoning module SubversionSourceControl (89)
[2015.04.16-12.02.31:636][161]LogModuleManager: Shutting down and abandoning module PerforceSourceControl (88)
[2015.04.16-12.02.31:636][161]LogModuleManager: Shutting down and abandoning module SourceControl (87)
[2015.04.16-12.02.31:636][161]LogModuleManager: Shutting down and abandoning module GitSourceControl (86)
[2015.04.16-12.02.31:637][161]LogModuleManager: Shutting down and abandoning module BlankPlugin (85)
[2015.04.16-12.02.31:637][161]LogModuleManager: Shutting down and abandoning module PaperTiledImporter (84)
[2015.04.16-12.02.31:637][161]LogModuleManager: Shutting down and abandoning module PaperJsonImporter (83)
[2015.04.16-12.02.31:637][161]LogModuleManager: Shutting down and abandoning module ContentBrowser (82)
[2015.04.16-12.02.31:638][161]LogModuleManager: Shutting down and abandoning module Paper2DEditor (81)
[2015.04.16-12.02.31:638][161]LogModuleManager: Shutting down and abandoning module ScriptPlugin (80)
[2015.04.16-12.02.31:638][161]LogModuleManager: Shutting down and abandoning module UdpMessaging (79)
[2015.04.16-12.02.31:739][161]LogModuleManager: Shutting down and abandoning module Paper2D (78)
[2015.04.16-12.02.31:739][161]LogModuleManager: Shutting down and abandoning module WindowsMoviePlayer (77)
[2015.04.16-12.02.31:745][161]LogModuleManager: Shutting down and abandoning module Media (76)
[2015.04.16-12.02.31:745][161]LogModuleManager: Shutting down and abandoning module WmfMedia (75)
[2015.04.16-12.02.31:746][161]LogModuleManager: Shutting down and abandoning module OnlineBlueprintSupport (74)
[2015.04.16-12.02.31:746][161]LogModuleManager: Shutting down and abandoning module PropertyEditor (73)
[2015.04.16-12.02.31:746][161]LogModuleManager: Shutting down and abandoning module BehaviorTreeEditor (72)
[2015.04.16-12.02.31:746][161]LogModuleManager: Shutting down and abandoning module FunctionalTesting (71)
[2015.04.16-12.02.31:746][161]LogModuleManager: Shutting down and abandoning module CollisionAnalyzer (70)
[2015.04.16-12.02.31:746][161]LogModuleManager: Shutting down and abandoning module WorkspaceMenuStructure (69)
[2015.04.16-12.02.31:746][161]LogModuleManager: Shutting down and abandoning module MessageLog (68)
[2015.04.16-12.02.31:746][161]LogModuleManager: Shutting down and abandoning module Sequencer (67)
[2015.04.16-12.02.31:746][161]LogModuleManager: Shutting down and abandoning module AssetTools (66)
[2015.04.16-12.02.31:746][161]LogModuleManager: Shutting down and abandoning module UMGEditor (65)
[2015.04.16-12.02.31:746][161]LogModuleManager: Shutting down and abandoning module UMG (64)
[2015.04.16-12.02.31:746][161]LogModuleManager: Shutting down and abandoning module Slate (63)
[2015.04.16-12.02.31:746][161]LogModuleManager: Shutting down and abandoning module EditorStyle (62)
[2015.04.16-12.02.31:756][161]LogModuleManager: Shutting down and abandoning module SessionServices (61)
[2015.04.16-12.02.31:756][161]LogModuleManager: Shutting down and abandoning module SourceCodeAccess (60)
[2015.04.16-12.02.31:756][161]LogModuleManager: Shutting down and abandoning module HeadMountedDisplay (59)
[2015.04.16-12.02.31:756][161]LogModuleManager: Shutting down and abandoning module XAudio2 (58)
[2015.04.16-12.02.31:756][161]LogModuleManager: Shutting down and abandoning module Networking (56)
[2015.04.16-12.02.31:756][161]LogModuleManager: Shutting down and abandoning module Core (55)
[2015.04.16-12.02.31:756][161]LogModuleManager: Shutting down and abandoning module KismetCompiler (54)
[2015.04.16-12.02.31:756][161]LogModuleManager: Shutting down and abandoning module PhysXFormats (53)
[2015.04.16-12.02.31:756][161]LogModuleManager: Shutting down and abandoning module MeshUtilities (52)
[2015.04.16-12.02.31:756][161]LogModuleManager: Shutting down and abandoning module DerivedDataCache (51)
[2015.04.16-12.02.31:789][161]LogDerivedDataCache: Shutdown
[2015.04.16-12.02.31:789][161]LogModuleManager: Shutting down and abandoning module ShaderFormatOpenGL (50)
[2015.04.16-12.02.31:789][161]LogModuleManager: Shutting down and abandoning module ShaderFormatD3D (49)
[2015.04.16-12.02.31:789][161]LogModuleManager: Shutting down and abandoning module MetalShaderFormat (48)
[2015.04.16-12.02.31:789][161]LogModuleManager: Shutting down and abandoning module TextureFormatUncompressed (47)
[2015.04.16-12.02.31:789][161]LogModuleManager: Shutting down and abandoning module TextureFormatPVR (46)
[2015.04.16-12.02.31:789][161]LogModuleManager: Shutting down and abandoning module TextureFormatIntelISPCTexComp (45)
[2015.04.16-12.02.31:789][161]LogModuleManager: Shutting down and abandoning module TextureFormatDXT (44)
[2015.04.16-12.02.31:789][161]LogModuleManager: Shutting down and abandoning module ImageWrapper (43)
[2015.04.16-12.02.31:789][161]LogModuleManager: Shutting down and abandoning module TextureFormatASTC (42)
[2015.04.16-12.02.31:789][161]LogModuleManager: Shutting down and abandoning module TextureFormatAndroid (41)
[2015.04.16-12.02.31:789][161]LogModuleManager: Shutting down and abandoning module AudioFormatOpus (40)
[2015.04.16-12.02.31:789][161]LogModuleManager: Shutting down and abandoning module AudioFormatOgg (39)
[2015.04.16-12.02.31:789][161]LogModuleManager: Shutting down and abandoning module AudioFormatADPCM (38)
[2015.04.16-12.02.31:789][161]LogModuleManager: Shutting down and abandoning module LinuxTargetPlatform (37)
[2015.04.16-12.02.31:789][161]LogModuleManager: Shutting down and abandoning module LinuxServerTargetPlatform (36)
[2015.04.16-12.02.31:789][161]LogModuleManager: Shutting down and abandoning module LinuxNoEditorTargetPlatform (35)
[2015.04.16-12.02.31:789][161]LogModuleManager: Shutting down and abandoning module Messaging (34)
[2015.04.16-12.02.31:789][161]LogModuleManager: Shutting down and abandoning module IOSTargetPlatform (33)
[2015.04.16-12.02.31:789][161]LogModuleManager: Shutting down and abandoning module HTML5TargetPlatform (32)
[2015.04.16-12.02.31:789][161]LogModuleManager: Shutting down and abandoning module Android_PVRTCTargetPlatform (31)
[2015.04.16-12.02.31:789][161]LogModuleManager: Shutting down and abandoning module Android_ETC2TargetPlatform (30)
[2015.04.16-12.02.31:789][161]LogModuleManager: Shutting down and abandoning module Android_ETC1TargetPlatform (29)
[2015.04.16-12.02.31:789][161]LogModuleManager: Shutting down and abandoning module Android_ES31TargetPlatform (28)
[2015.04.16-12.02.31:789][161]LogModuleManager: Shutting down and abandoning module Android_DXTTargetPlatform (27)
[2015.04.16-12.02.31:789][161]LogModuleManager: Shutting down and abandoning module Android_ATCTargetPlatform (26)
[2015.04.16-12.02.31:789][161]LogModuleManager: Shutting down and abandoning module AndroidTargetPlatform (25)
[2015.04.16-12.02.31:789][161]LogModuleManager: Shutting down and abandoning module WindowsTargetPlatform (24)
[2015.04.16-12.02.31:789][161]LogModuleManager: Shutting down and abandoning module WindowsServerTargetPlatform (23)
[2015.04.16-12.02.31:789][161]LogModuleManager: Shutting down and abandoning module WindowsNoEditorTargetPlatform (22)
[2015.04.16-12.02.31:789][161]LogModuleManager: Shutting down and abandoning module WindowsClientTargetPlatform (21)
[2015.04.16-12.02.31:789][161]LogModuleManager: Shutting down and abandoning module TargetPlatform (20)
[2015.04.16-12.02.31:789][161]LogModuleManager: Shutting down and abandoning module InputCore (19)
[2015.04.16-12.02.31:789][161]LogModuleManager: Shutting down and abandoning module Settings (18)
[2015.04.16-12.02.31:789][161]LogModuleManager: Shutting down and abandoning module OnlineSubsystem (16)
[2015.04.16-12.02.31:789][161]LogModuleManager: Shutting down and abandoning module OculusRift (15)
[2015.04.16-12.02.31:789][161]LogModuleManager: Shutting down and abandoning module ExampleDeviceProfileSelector (14)
[2015.04.16-12.02.31:789][161]LogModuleManager: Shutting down and abandoning module TextureCompressor (13)
[2015.04.16-12.02.31:789][161]LogModuleManager: Shutting down and abandoning module ShaderCore (12)
[2015.04.16-12.02.31:789][161]LogModuleManager: Shutting down and abandoning module Landscape (11)
[2015.04.16-12.02.31:789][161]LogModuleManager: Shutting down and abandoning module SlateRHIRenderer (10)
[2015.04.16-12.02.31:792][161]LogModuleManager: Shutting down and abandoning module OpenGLDrv (9)
[2015.04.16-12.02.31:792][161]LogModuleManager: Shutting down and abandoning module D3D11RHI (8)
[2015.04.16-12.02.31:792][161]LogModuleManager: Shutting down and abandoning module Renderer (7)
[2015.04.16-12.02.31:792][161]LogModuleManager: Shutting down and abandoning module Engine (6)
[2015.04.16-12.02.31:792][161]LogModuleManager: Shutting down and abandoning module CoreUObject (5)
[2015.04.16-12.02.31:792][161]LogModuleManager: Shutting down and abandoning module NetworkFile (4)
[2015.04.16-12.02.31:792][161]LogModuleManager: Shutting down and abandoning module StreamingFile (3)
[2015.04.16-12.02.31:792][161]LogModuleManager: Shutting down and abandoning module SandboxFile (2)
[2015.04.16-12.02.31:792][161]LogModuleManager: Shutting down and abandoning module PakFile (1)
[2015.04.16-12.02.31:793][161]LogExit: Exiting.
[2015.04.16-12.02.31:798][161]Log file closed, 04/16/15 14:02:31
