Log file open, 04/14/15 13:37:12
LogInit:Display: Running engine for game: SpaceGame
LogInit: Version: 4.7.5-2503383+++depot+UE4-Releases+4.7
LogInit: API Version: 2455222
LogInit: Compiled (64-bit): Apr  6 2015 23:21:51
LogInit: Compiled with Visual C++: 18.00.21005.01
LogInit: Build Configuration: Development
LogInit: Branch Name: ++depot+UE4-Releases+4.7
LogInit: Command line:  
LogInit: Base directory: C:/Program Files/Epic Games/4.7/Engine/Binaries/Win64/
LogInit: Rocket: 1
[2015.04.14-11.37.12:734][  0]LogTaskGraph: Started task graph with 3 named threads and 6 total threads.
[2015.04.14-11.37.12:804][  0]LogOnline:Warning: No default platform service specified for OnlineSubsystem
[2015.04.14-11.37.12:824][  0]LogInit: Presizing for 0 objects not considered by GC, pre-allocating 0 bytes.
[2015.04.14-11.37.12:833][  0]LogInit: Object subsystem initialized
[2015.04.14-11.37.12:834][  0]LogConsoleResponse:Warning: Skipping Unknown console variable: 'TranslucentSortAxis = (X=0.000000,Y=-1.000000,Z=0.000000)'
[2015.04.14-11.37.12:834][  0]LogConsoleResponse:Warning:   Found in ini file 'C:/Users/admin/Documents/GitHub/SpaceGame/Saved/Config/Windows/Engine.ini', in section '[/Script/Engine.RendererSettings]'
[2015.04.14-11.37.12:834][  0]LogConsoleResponse:Warning: Skipping Unknown console variable: 'UIScaleRule = ShortestSide'
[2015.04.14-11.37.12:834][  0]LogConsoleResponse:Warning:   Found in ini file 'C:/Users/admin/Documents/GitHub/SpaceGame/Saved/Config/Windows/Engine.ini', in section '[/Script/Engine.RendererSettings]'
[2015.04.14-11.37.12:834][  0]LogConsoleResponse:Warning: Skipping Unknown console variable: 'UIScaleCurve = (EditorCurveData=(Keys=),ExternalCurve=None)'
[2015.04.14-11.37.12:834][  0]LogConsoleResponse:Warning:   Found in ini file 'C:/Users/admin/Documents/GitHub/SpaceGame/Saved/Config/Windows/Engine.ini', in section '[/Script/Engine.RendererSettings]'
[2015.04.14-11.37.12:835][  0]LogInit: Selected Device Profile: [Windows]
[2015.04.14-11.37.12:835][  0]LogInit: Applying CVar settings loaded from the selected device profile: [Windows]
[2015.04.14-11.37.12:841][  0]LogInit: Computer: ADMIN-PC
[2015.04.14-11.37.12:841][  0]LogInit: User: admin
[2015.04.14-11.37.12:841][  0]LogInit: CPU Page size=4096, Cores=4
[2015.04.14-11.37.12:841][  0]LogInit: High frequency timer resolution =14.318180 MHz
[2015.04.14-11.37.12:841][  0]LogMemory: Memory total: Physical=15.9GB (16GB approx) Virtual=131072.0GB
[2015.04.14-11.37.12:841][  0]LogMemory: Platform Memory Stats for Windows
[2015.04.14-11.37.12:841][  0]LogMemory: Process Physical Memory: 46.71 MB used, 46.71 MB peak
[2015.04.14-11.37.12:841][  0]LogMemory: Process Virtual Memory: 23.51 MB used, 23.52 MB peak
[2015.04.14-11.37.12:841][  0]LogMemory: Physical Memory: 4173.22 MB used, 16254.34 MB total
[2015.04.14-11.37.12:841][  0]LogMemory: Virtual Memory: 302.11 MB used, 134217728.00 MB total
[2015.04.14-11.37.12:885][  0]LogD3D11RHI: Found D3D11 adapter 0: NVIDIA GeForce GTX 770 (Feature Level 11_0)
[2015.04.14-11.37.12:885][  0]LogD3D11RHI: Adapter has 1987MB of dedicated video memory, 0MB of dedicated system memory, and 2048MB of shared system memory, 2 output[s]
[2015.04.14-11.37.12:891][  0]LogD3D11RHI: Found D3D11 adapter 1: Intel(R) HD Graphics 4600 (Feature Level 11_0)
[2015.04.14-11.37.12:891][  0]LogD3D11RHI: Adapter has 32MB of dedicated video memory, 0MB of dedicated system memory, and 1760MB of shared system memory, 1 output[s]
[2015.04.14-11.37.12:892][  0]LogD3D11RHI: Found D3D11 adapter 2: Microsoft Basic Render Driver (Feature Level 11_0)
[2015.04.14-11.37.12:892][  0]LogD3D11RHI: Adapter has 0MB of dedicated video memory, 0MB of dedicated system memory, and 256MB of shared system memory, 0 output[s]
[2015.04.14-11.37.12:892][  0]LogD3D11RHI: Chosen D3D11 Adapter Id = 0
[2015.04.14-11.37.12:896][  0]LogRHI: Texture pool is 1361 MB (70% of 1945 MB)
[2015.04.14-11.37.12:904][  0]LogD3D11RHI: Async texture creation enabled
[2015.04.14-11.37.12:959][  0]LogTextLocalizationManager: The requested culture ('de_DE') has no localization data; falling back to 'en' for localization and internationalization data.
[2015.04.14-11.37.13:021][  0]LogTextLocalizationManager:Warning: Loading localization resources contain conflicting entries for (Namespace:UICommands, Key:Save_ToolTip):
Resource: (C:/Program Files/Epic Games/4.7/Engine/Content/Localization/Editor/en/Editor.locres) Hash: (-29098895) String: (Saves the current level to disk)
Resource: (C:/Program Files/Epic Games/4.7/Engine/Content/Localization/Engine/en/Engine.locres) Hash: (-1280300587) String: (Save selected data to vlog file)
[2015.04.14-11.37.13:021][  0]LogTextLocalizationManager:Warning: Loading localization resources contain conflicting entries for (Namespace:ContentBrowser, Key:ImportAssetToolTip):
Resource: (C:/Program Files/Epic Games/4.7/Engine/Content/Localization/Editor/en/Editor.locres) Hash: (-630476809) String: (Import to {0}...)
Resource: (C:/Program Files/Epic Games/4.7/Engine/Content/Localization/Editor/en/Editor.locres) Hash: (1271782899) String: (Imports an asset from file to this folder.)
[2015.04.14-11.37.13:085][  0]LogContentStreaming: Texture pool size is 0.000000MB
[2015.04.14-11.37.14:817][  0]LogTargetPlatformManager:Display: Building Assets For Windows
[2015.04.14-11.37.15:202][  0]LogTargetPlatformManager:Display: Building Assets For Windows
[2015.04.14-11.37.15:248][  0]LogDerivedDataCache:Display: Max Cache Size: 512 MB
[2015.04.14-11.37.15:279][  0]LogDerivedDataCache: Loaded boot cache 0.03s 39MB C:/Users/admin/AppData/Local/UnrealEngine/4.7/DerivedDataCache/Boot.ddc.
[2015.04.14-11.37.15:279][  0]LogDerivedDataCache:Display: Loaded Boot cache: C:/Users/admin/AppData/Local/UnrealEngine/4.7/DerivedDataCache/Boot.ddc
[2015.04.14-11.37.15:279][  0]LogDerivedDataCache: FDerivedDataBackendGraph:  Pak pak cache file ../../../../../../Users/admin/Documents/GitHub/SpaceGame/DerivedDataCache/DDC.ddp not found, will not use a pak cache.
[2015.04.14-11.37.15:279][  0]LogDerivedDataCache: Unable to find inner node Pak for hierarchical cache Hierarchy.
[2015.04.14-11.37.15:368][  0]LogDerivedDataCache:Display: Pak cache opened for reading ../../../Engine/DerivedDataCache/Compressed.ddp.
[2015.04.14-11.37.15:379][  0]LogDerivedDataCache: Using Local data cache path C:/Users/admin/AppData/Local/UnrealEngine/Common/DerivedDataCache: Writable
[2015.04.14-11.37.15:589][  0]LogMeshUtilities: No automatic mesh reduction module available
[2015.04.14-11.37.15:589][  0]LogMeshUtilities: No automatic mesh merging module available
[2015.04.14-11.37.15:913][  0]LogInit: WinSock: version 1.1 (2.2), MaxSocks=32767, MaxUdp=65467
[2015.04.14-11.37.15:971][  0]LogSlate:Warning: Failed to load font data from '../../../Engine/Content/Slate/Fonts/Roboto-Italic.ttf'
[2015.04.14-11.37.16:558][  0]UdpMessaging: Initializing bridge on interface 0.0.0.0:0 to multicast group 230.0.0.1:6666.
[2015.04.14-11.37.16:751][  0]SourceControl: Info Source control is disabled
[2015.04.14-11.37.16:751][  0]SourceControl: Info Source control is disabled
[2015.04.14-11.37.16:751][  0]SourceControl: Info Source control is disabled
[2015.04.14-11.37.16:751][  0]LogSourceControl: RunCommandInternalRaw: 'git version'
[2015.04.14-11.37.16:751][  0]LogSourceControl: RunCommandInternalRaw: ExecProcess ReturnCode=2 OutResults=''
[2015.04.14-11.37.16:758][  0]SourceControl: Info Source control is disabled
[2015.04.14-11.37.16:896][  0]LogObj: 24232 objects as part of root set at end of initial load.
[2015.04.14-11.37.16:896][  0]LogUObjectAllocator: 5137176 out of 0 bytes used by permanent object pool.
[2015.04.14-11.37.16:960][  0]LogEngine: Initializing Engine...
[2015.04.14-11.37.19:128][  0]LogInit: XAudio2 using 'Lautsprecher (Logitech USB Headset)' : 2 channels at 44.1 kHz using 16 bits per sample (channel mask 0x3)
[2015.04.14-11.37.19:139][  0]LogInit: FAudioDevice initialized.
[2015.04.14-11.37.19:166][  0]LogAIModule: Creating AISystem for world NewWorld
[2015.04.14-11.37.19:183][  0]LogDerivedDataCache: Saved boot cache 0.02s 39MB C:/Users/admin/AppData/Local/UnrealEngine/4.7/DerivedDataCache/Boot.ddc.
[2015.04.14-11.37.19:188][  0]LogInit: Texture streaming: Enabled
[2015.04.14-11.37.19:256][  0]LogAnalytics: Creating configured Analytics provider AnalyticsET
[2015.04.14-11.37.19:256][  0]LogAnalytics: ET APIKey = Rocket.Release. APIServer = http://et2.epicgames.com/ET2/. AppVersion = 4.7.5-2503383+++depot+UE4-Releases+4.7
[2015.04.14-11.37.19:256][  0]LogAnalytics: ET APIKey = Rocket.Release. DataRouterUploadURL = https://datarouter-public-service-gamedev.ol.epicgames.net/datarouter/api/v1/public/data. AppVersion = 4.7.5-2503383+++depot+UE4-Releases+4.7
[2015.04.14-11.37.19:256][  0]LogAnalytics: SetUserId dde3deed4523c0a2a770c48b31092dad|9afb1e8fda0a480cb286d8fd65efbaea|7aadb3ab-5297-4333-a6d6-a0753f16fa7d
[2015.04.14-11.37.19:256][  0]LogAnalytics: AnalyticsET::StartSession [Rocket.Release]
[2015.04.14-11.37.19:276][  0]LogInit: Transaction tracking system initialized
[2015.04.14-11.37.19:405][  0]BlueprintLog: New page: Editor Load
[2015.04.14-11.37.19:434][  0]LogAssetRegistry: FAssetRegistry took 0.0109 seconds to start up
[2015.04.14-11.37.19:434][  0]LogDirectoryWatcher:Warning: Failed to begin reading directory changes for ../../../Engine/Plugins/Experimental/CharacterAI/Content/. Error: 0
[2015.04.14-11.37.19:824][  0]LogTargetPlatformManager:Display: Building Assets For Windows
[2015.04.14-11.37.20:092][  0]LogTargetPlatformManager:Display: Building Assets For Windows
[2015.04.14-11.37.20:283][  0]LogSlate:Warning: Failed to load font data from '../../../Engine/Content/Editor/Slate/Fonts/Roboto-Regular.ttf'
[2015.04.14-11.37.20:284][  0]LogSlate:Warning: Failed to load font data from '../../../Engine/Content/Editor/Slate/Fonts/Roboto-Bold.ttf'
[2015.04.14-11.37.20:317][  0]LogConsoleResponse:Display: 
[2015.04.14-11.37.20:412][  0]LogCook:Display: Done creating registry. It took  0.00s.
[2015.04.14-11.37.20:517][  0]SourceControl: Info Source control is disabled
[2015.04.14-11.37.20:517][  0]Cmd: MAP LOAD FILE="../../../../../../Users/admin/Documents/GitHub/SpaceGame/Content/StarterContent/Maps/Minimal_Default.umap" TEMPLATE=0 SHOWPROGRESS=1 FEATURELEVEL=3
[2015.04.14-11.37.20:517][  0]LightingResults: New page: Lighting Build
[2015.04.14-11.37.20:526][  0]MapCheck: New page: Map Check
[2015.04.14-11.37.20:526][  0]LightingResults: New page: Lighting Build
[2015.04.14-11.37.20:533][  0]LogParticles: Destroying 0 GPU particle simulations for FXSystem 0x000000B4A954BB00
[2015.04.14-11.37.21:078][  0]LogEditorServer: Finished looking for orphan Actors (0.000 secs)
[2015.04.14-11.37.21:092][  0]LogAIModule: Creating AISystem for world Minimal_Default
[2015.04.14-11.37.21:092][  0]Cmd: MAP CHECKDEP
[2015.04.14-11.37.21:093][  0]MapCheck: New page: Minimal_Default - Apr 14, 2015, 3:37:21 PM
[2015.04.14-11.37.21:155][  0]MapCheck: Info Map check complete: 0 Error(s), 0 Warning(s), took 62.728ms to complete.
[2015.04.14-11.37.21:155][  0]LogFileHelpers: Loading map 'Minimal_Default' took 0.639
[2015.04.14-11.37.21:311][  0]LogCollectionManager: Loaded 0 collections in 0.001254 seconds
[2015.04.14-11.37.21:318][  0]LogContentBrowser: Native class hierarchy populated in 0.0075 seconds. Added 1696 classes and 261 folders.
[2015.04.14-11.37.21:350][  0]LogContentBrowser: Native class hierarchy updated for 'SceneOutliner' in 0.0016 seconds. Added 1 classes and 2 folders.
[2015.04.14-11.37.21:388][  0]LogCrashTracker: Crashtracker disabled due to settings.
[2015.04.14-11.37.21:389][  0]LogSlate:Warning: Failed to load font data from 'Veranda'
[2015.04.14-11.37.21:396][  0]LogUObjectGlobals:Warning: Failed to find object 'Class None.'
[2015.04.14-11.37.21:421][  0]LogLoad: Full Startup: 10.38 seconds (BP compile: 0.06 seconds)
[2015.04.14-11.37.21:915][  0]LogContentBrowser:Verbose: The content browser source was changed by the sources view to '/Game/StarterContent/ODSTCharacter/Animation'
[2015.04.14-11.37.22:052][  0]LogRenderer:Warning: Reallocating scene render targets to support 1208x576 (Frame:2).
[2015.04.14-11.37.25:895][ 12]LogAssetRegistry: Asset discovery search completed in 6.4720 seconds
[2015.04.14-11.37.37:051][173]LogLinker:Warning: Can't find file '/Game/ODSTCharacter/Character/ODST_Skeleton'
[2015.04.14-11.37.37:051][173]LogLinker:Warning: Can't find file for asset '/Game/ODSTCharacter/Character/ODST_Skeleton' while loading ../../../../../../Users/admin/Documents/GitHub/SpaceGame/Content/StarterContent/ODSTCharacter/Animation/Death_2_Copy.uasset.
[2015.04.14-11.37.37:051][173]LoadErrors:Error: Error /Game/StarterContent/ODSTCharacter/Animation/Death_2_Copy : Can't find file for asset. /Game/ODSTCharacter/Character/ODST_Skeleton
[2015.04.14-11.37.37:052][173]LogLinker:Warning: Can't find file '/Game/ODSTCharacter/Character/ODST_Skeleton'
[2015.04.14-11.37.37:052][173]LogLinker:Warning: Can't find file for asset '/Game/ODSTCharacter/Character/ODST_Skeleton' while loading ../../../../../../Users/admin/Documents/GitHub/SpaceGame/Content/StarterContent/ODSTCharacter/Animation/Death_2_Copy.uasset.
[2015.04.14-11.37.37:052][173]LogLinker:Warning: Can't find file '/Game/ODSTCharacter/Character/ODST_Skeleton'
[2015.04.14-11.37.37:052][173]LoadErrors: Info Failed to load /Game/ODSTCharacter/Character/ODST_Skeleton.ODST_Skeleton Referenced by Death_2_Copy
[2015.04.14-11.37.37:053][173]LogLinker:Warning: Can't find file for asset '/Game/ODSTCharacter/Character/ODST_Skeleton' while loading NULL.
[2015.04.14-11.37.43:689][673]LogContentBrowser:Verbose: The content browser source was changed by the sources view to '/Game/StarterContent/ODSTCharacter'
[2015.04.14-11.37.45:360][870]LogLinker:Warning: Can't find file '/Game/ODSTCharacter/Animation/Idle_Rifle_Ironsights_Copy'
[2015.04.14-11.37.45:361][870]LogLinker:Warning: Can't find file for asset '/Game/ODSTCharacter/Animation/Idle_Rifle_Ironsights_Copy' while loading ../../../../../../Users/admin/Documents/GitHub/SpaceGame/Content/StarterContent/ODSTCharacter/Idle_Walk_Run.uasset.
[2015.04.14-11.37.45:361][870]LoadErrors:Error: Error /Game/StarterContent/ODSTCharacter/Idle_Walk_Run : Can't find file for asset. /Game/ODSTCharacter/Animation/Idle_Rifle_Ironsights_Copy
[2015.04.14-11.37.45:361][870]LogLinker:Warning: Can't find file '/Game/ODSTCharacter/Animation/Jog_Bwd_Rifle_Copy'
[2015.04.14-11.37.45:361][870]LogLinker:Warning: Can't find file for asset '/Game/ODSTCharacter/Animation/Jog_Bwd_Rifle_Copy' while loading ../../../../../../Users/admin/Documents/GitHub/SpaceGame/Content/StarterContent/ODSTCharacter/Idle_Walk_Run.uasset.
[2015.04.14-11.37.45:361][870]LoadErrors:Error: Error /Game/StarterContent/ODSTCharacter/Idle_Walk_Run : Can't find file for asset. /Game/ODSTCharacter/Animation/Jog_Bwd_Rifle_Copy
[2015.04.14-11.37.45:361][870]LogLinker:Warning: Can't find file '/Game/ODSTCharacter/Animation/Jog_Fwd_Rifle_Copy'
[2015.04.14-11.37.45:361][870]LogLinker:Warning: Can't find file for asset '/Game/ODSTCharacter/Animation/Jog_Fwd_Rifle_Copy' while loading ../../../../../../Users/admin/Documents/GitHub/SpaceGame/Content/StarterContent/ODSTCharacter/Idle_Walk_Run.uasset.
[2015.04.14-11.37.45:362][870]LoadErrors:Error: Error /Game/StarterContent/ODSTCharacter/Idle_Walk_Run : Can't find file for asset. /Game/ODSTCharacter/Animation/Jog_Fwd_Rifle_Copy
[2015.04.14-11.37.45:362][870]LogLinker:Warning: Can't find file '/Game/ODSTCharacter/Animation/Walk_Bwd_Rifle_Ironsights_Copy'
[2015.04.14-11.37.45:362][870]LogLinker:Warning: Can't find file for asset '/Game/ODSTCharacter/Animation/Walk_Bwd_Rifle_Ironsights_Copy' while loading ../../../../../../Users/admin/Documents/GitHub/SpaceGame/Content/StarterContent/ODSTCharacter/Idle_Walk_Run.uasset.
[2015.04.14-11.37.45:362][870]LoadErrors:Error: Error /Game/StarterContent/ODSTCharacter/Idle_Walk_Run : Can't find file for asset. /Game/ODSTCharacter/Animation/Walk_Bwd_Rifle_Ironsights_Copy
[2015.04.14-11.37.45:362][870]LogLinker:Warning: Can't find file '/Game/ODSTCharacter/Animation/Walk_Fwd_Rifle_Ironsights_Copy'
[2015.04.14-11.37.45:362][870]LogLinker:Warning: Can't find file for asset '/Game/ODSTCharacter/Animation/Walk_Fwd_Rifle_Ironsights_Copy' while loading ../../../../../../Users/admin/Documents/GitHub/SpaceGame/Content/StarterContent/ODSTCharacter/Idle_Walk_Run.uasset.
[2015.04.14-11.37.45:362][870]LoadErrors:Error: Error /Game/StarterContent/ODSTCharacter/Idle_Walk_Run : Can't find file for asset. /Game/ODSTCharacter/Animation/Walk_Fwd_Rifle_Ironsights_Copy
[2015.04.14-11.37.45:363][870]LogLinker:Warning: Can't find file '/Game/ODSTCharacter/Animation/Walk_Lt_Rifle_Ironsights_Copy'
[2015.04.14-11.37.45:363][870]LogLinker:Warning: Can't find file for asset '/Game/ODSTCharacter/Animation/Walk_Lt_Rifle_Ironsights_Copy' while loading ../../../../../../Users/admin/Documents/GitHub/SpaceGame/Content/StarterContent/ODSTCharacter/Idle_Walk_Run.uasset.
[2015.04.14-11.37.45:363][870]LoadErrors:Error: Error /Game/StarterContent/ODSTCharacter/Idle_Walk_Run : Can't find file for asset. /Game/ODSTCharacter/Animation/Walk_Lt_Rifle_Ironsights_Copy
[2015.04.14-11.37.45:363][870]LogLinker:Warning: Can't find file '/Game/ODSTCharacter/Animation/Walk_Rt_Rifle_Ironsights_Copy'
[2015.04.14-11.37.45:363][870]LogLinker:Warning: Can't find file for asset '/Game/ODSTCharacter/Animation/Walk_Rt_Rifle_Ironsights_Copy' while loading ../../../../../../Users/admin/Documents/GitHub/SpaceGame/Content/StarterContent/ODSTCharacter/Idle_Walk_Run.uasset.
[2015.04.14-11.37.45:363][870]LoadErrors:Error: Error /Game/StarterContent/ODSTCharacter/Idle_Walk_Run : Can't find file for asset. /Game/ODSTCharacter/Animation/Walk_Rt_Rifle_Ironsights_Copy
[2015.04.14-11.37.45:364][870]LogLinker:Warning: Can't find file '/Game/ODSTCharacter/Animation/Idle_Rifle_Ironsights_Copy'
[2015.04.14-11.37.45:364][870]LogLinker:Warning: Can't find file for asset '/Game/ODSTCharacter/Animation/Idle_Rifle_Ironsights_Copy' while loading ../../../../../../Users/admin/Documents/GitHub/SpaceGame/Content/StarterContent/ODSTCharacter/Idle_Walk_Run.uasset.
[2015.04.14-11.37.45:364][870]LogLinker:Warning: Can't find file '/Game/ODSTCharacter/Animation/Jog_Bwd_Rifle_Copy'
[2015.04.14-11.37.45:364][870]LogLinker:Warning: Can't find file for asset '/Game/ODSTCharacter/Animation/Jog_Bwd_Rifle_Copy' while loading ../../../../../../Users/admin/Documents/GitHub/SpaceGame/Content/StarterContent/ODSTCharacter/Idle_Walk_Run.uasset.
[2015.04.14-11.37.45:364][870]LogLinker:Warning: Can't find file '/Game/ODSTCharacter/Animation/Jog_Fwd_Rifle_Copy'
[2015.04.14-11.37.45:364][870]LogLinker:Warning: Can't find file for asset '/Game/ODSTCharacter/Animation/Jog_Fwd_Rifle_Copy' while loading ../../../../../../Users/admin/Documents/GitHub/SpaceGame/Content/StarterContent/ODSTCharacter/Idle_Walk_Run.uasset.
[2015.04.14-11.37.45:365][870]LogLinker:Warning: Can't find file '/Game/ODSTCharacter/Animation/Walk_Bwd_Rifle_Ironsights_Copy'
[2015.04.14-11.37.45:365][870]LogLinker:Warning: Can't find file for asset '/Game/ODSTCharacter/Animation/Walk_Bwd_Rifle_Ironsights_Copy' while loading ../../../../../../Users/admin/Documents/GitHub/SpaceGame/Content/StarterContent/ODSTCharacter/Idle_Walk_Run.uasset.
[2015.04.14-11.37.45:365][870]LogLinker:Warning: Can't find file '/Game/ODSTCharacter/Animation/Walk_Fwd_Rifle_Ironsights_Copy'
[2015.04.14-11.37.45:365][870]LogLinker:Warning: Can't find file for asset '/Game/ODSTCharacter/Animation/Walk_Fwd_Rifle_Ironsights_Copy' while loading ../../../../../../Users/admin/Documents/GitHub/SpaceGame/Content/StarterContent/ODSTCharacter/Idle_Walk_Run.uasset.
[2015.04.14-11.37.45:365][870]LogLinker:Warning: Can't find file '/Game/ODSTCharacter/Animation/Walk_Lt_Rifle_Ironsights_Copy'
[2015.04.14-11.37.45:365][870]LogLinker:Warning: Can't find file for asset '/Game/ODSTCharacter/Animation/Walk_Lt_Rifle_Ironsights_Copy' while loading ../../../../../../Users/admin/Documents/GitHub/SpaceGame/Content/StarterContent/ODSTCharacter/Idle_Walk_Run.uasset.
[2015.04.14-11.37.45:366][870]LogLinker:Warning: Can't find file '/Game/ODSTCharacter/Animation/Walk_Rt_Rifle_Ironsights_Copy'
[2015.04.14-11.37.45:366][870]LogLinker:Warning: Can't find file for asset '/Game/ODSTCharacter/Animation/Walk_Rt_Rifle_Ironsights_Copy' while loading ../../../../../../Users/admin/Documents/GitHub/SpaceGame/Content/StarterContent/ODSTCharacter/Idle_Walk_Run.uasset.
[2015.04.14-11.37.45:366][870]LogLinker:Warning: Can't find file '/Game/ODSTCharacter/Character/ODST_Skeleton'
[2015.04.14-11.37.45:366][870]LogLinker:Warning: Can't find file for asset '/Game/ODSTCharacter/Character/ODST_Skeleton' while loading ../../../../../../Users/admin/Documents/GitHub/SpaceGame/Content/StarterContent/ODSTCharacter/Idle_Walk_Run.uasset.
[2015.04.14-11.37.45:366][870]LoadErrors:Error: Error /Game/StarterContent/ODSTCharacter/Idle_Walk_Run : Can't find file for asset. /Game/ODSTCharacter/Character/ODST_Skeleton
[2015.04.14-11.37.45:366][870]LogLinker:Warning: Can't find file '/Game/ODSTCharacter/Character/ODST_Skeleton'
[2015.04.14-11.37.45:367][870]LogLinker:Warning: Can't find file for asset '/Game/ODSTCharacter/Character/ODST_Skeleton' while loading ../../../../../../Users/admin/Documents/GitHub/SpaceGame/Content/StarterContent/ODSTCharacter/Idle_Walk_Run.uasset.
[2015.04.14-11.37.45:367][870]LogLinker:Warning: Can't find file '/Game/ODSTCharacter/Animation/Walk_Fwd_Rifle_Ironsights_Copy'
[2015.04.14-11.37.45:367][870]LoadErrors: Info Failed to load /Game/ODSTCharacter/Animation/Walk_Fwd_Rifle_Ironsights_Copy.Walk_Fwd_Rifle_Ironsights_Copy Referenced by Idle_Walk_Run
[2015.04.14-11.37.45:367][870]LogLinker:Warning: Can't find file for asset '/Game/ODSTCharacter/Animation/Walk_Fwd_Rifle_Ironsights_Copy' while loading NULL.
[2015.04.14-11.37.45:367][870]LogLinker:Warning: Can't find file '/Game/ODSTCharacter/Animation/Walk_Lt_Rifle_Ironsights_Copy'
[2015.04.14-11.37.45:368][870]LoadErrors: Info Failed to load /Game/ODSTCharacter/Animation/Walk_Lt_Rifle_Ironsights_Copy.Walk_Lt_Rifle_Ironsights_Copy Referenced by Idle_Walk_Run
[2015.04.14-11.37.45:368][870]LogLinker:Warning: Can't find file for asset '/Game/ODSTCharacter/Animation/Walk_Lt_Rifle_Ironsights_Copy' while loading NULL.
[2015.04.14-11.37.45:368][870]LogLinker:Warning: Can't find file '/Game/ODSTCharacter/Animation/Walk_Bwd_Rifle_Ironsights_Copy'
[2015.04.14-11.37.45:368][870]LoadErrors: Info Failed to load /Game/ODSTCharacter/Animation/Walk_Bwd_Rifle_Ironsights_Copy.Walk_Bwd_Rifle_Ironsights_Copy Referenced by Idle_Walk_Run
[2015.04.14-11.37.45:368][870]LogLinker:Warning: Can't find file for asset '/Game/ODSTCharacter/Animation/Walk_Bwd_Rifle_Ironsights_Copy' while loading NULL.
[2015.04.14-11.37.45:368][870]LogLinker:Warning: Can't find file '/Game/ODSTCharacter/Animation/Walk_Bwd_Rifle_Ironsights_Copy'
[2015.04.14-11.37.45:368][870]LogLinker:Warning: Can't find file for asset '/Game/ODSTCharacter/Animation/Walk_Bwd_Rifle_Ironsights_Copy' while loading NULL.
[2015.04.14-11.37.45:369][870]LogLinker:Warning: Can't find file '/Game/ODSTCharacter/Animation/Walk_Rt_Rifle_Ironsights_Copy'
[2015.04.14-11.37.45:369][870]LoadErrors: Info Failed to load /Game/ODSTCharacter/Animation/Walk_Rt_Rifle_Ironsights_Copy.Walk_Rt_Rifle_Ironsights_Copy Referenced by Idle_Walk_Run
[2015.04.14-11.37.45:369][870]LogLinker:Warning: Can't find file for asset '/Game/ODSTCharacter/Animation/Walk_Rt_Rifle_Ironsights_Copy' while loading NULL.
[2015.04.14-11.37.45:369][870]LogLinker:Warning: Can't find file '/Game/ODSTCharacter/Animation/Jog_Fwd_Rifle_Copy'
[2015.04.14-11.37.45:369][870]LoadErrors: Info Failed to load /Game/ODSTCharacter/Animation/Jog_Fwd_Rifle_Copy.Jog_Fwd_Rifle_Copy Referenced by Idle_Walk_Run
[2015.04.14-11.37.45:369][870]LogLinker:Warning: Can't find file for asset '/Game/ODSTCharacter/Animation/Jog_Fwd_Rifle_Copy' while loading NULL.
[2015.04.14-11.37.45:369][870]LogLinker:Warning: Can't find file '/Game/ODSTCharacter/Animation/Jog_Bwd_Rifle_Copy'
[2015.04.14-11.37.45:369][870]LoadErrors: Info Failed to load /Game/ODSTCharacter/Animation/Jog_Bwd_Rifle_Copy.Jog_Bwd_Rifle_Copy Referenced by Idle_Walk_Run
[2015.04.14-11.37.45:370][870]LogLinker:Warning: Can't find file for asset '/Game/ODSTCharacter/Animation/Jog_Bwd_Rifle_Copy' while loading NULL.
[2015.04.14-11.37.45:370][870]LogLinker:Warning: Can't find file '/Game/ODSTCharacter/Animation/Jog_Bwd_Rifle_Copy'
[2015.04.14-11.37.45:370][870]LogLinker:Warning: Can't find file for asset '/Game/ODSTCharacter/Animation/Jog_Bwd_Rifle_Copy' while loading NULL.
[2015.04.14-11.37.45:370][870]LogLinker:Warning: Can't find file '/Game/ODSTCharacter/Animation/Idle_Rifle_Ironsights_Copy'
[2015.04.14-11.37.45:370][870]LoadErrors: Info Failed to load /Game/ODSTCharacter/Animation/Idle_Rifle_Ironsights_Copy.Idle_Rifle_Ironsights_Copy Referenced by Idle_Walk_Run
[2015.04.14-11.37.45:370][870]LogLinker:Warning: Can't find file for asset '/Game/ODSTCharacter/Animation/Idle_Rifle_Ironsights_Copy' while loading NULL.
[2015.04.14-11.37.45:371][870]LogLinker:Warning: Can't find file '/Game/ODSTCharacter/Character/ODST_Skeleton'
[2015.04.14-11.37.45:371][870]LoadErrors: Info Failed to load /Game/ODSTCharacter/Character/ODST_Skeleton.ODST_Skeleton Referenced by Idle_Walk_Run
[2015.04.14-11.37.45:371][870]LogLinker:Warning: Can't find file for asset '/Game/ODSTCharacter/Character/ODST_Skeleton' while loading NULL.
[2015.04.14-11.37.54:368][320]LogLinker:Warning: Asset '../../../Engine/Content/EngineMeshes/Humanoid.uasset' has been saved with empty engine version. The asset will be loaded but may be incompatible.
[2015.04.14-11.37.54:370][320]LogLinker:Warning: Can't find file '/Game/ODSTCharacter/Character/ODST'
[2015.04.14-11.37.54:370][320]LogLinker:Warning: Can't find file '/Game/ODSTCharacter/Character/ODST'
[2015.04.14-11.37.54:370][320]LogUObjectGlobals:Warning: Failed to find object 'SkeletalMesh /Game/ODSTCharacter/Character/ODST.ODST'
[2015.04.14-11.37.55:358][437]LogLinker:Warning: Can't find file '/Game/ODSTCharacter/Character/ODST'
[2015.04.14-11.37.55:358][437]LogLinker:Warning: Can't find file '/Game/ODSTCharacter/Character/ODST'
[2015.04.14-11.37.55:358][437]LogUObjectGlobals:Warning: Failed to find object 'SkeletalMesh /Game/ODSTCharacter/Character/ODST.ODST'
[2015.04.14-11.38.04:785][211]LogContentBrowser:Verbose: The content browser source was changed by the sources view to '/Game/StarterContent/ODSTCharacter/Character'
[2015.04.14-11.38.17:046][646]LogContentBrowser:Verbose: The content browser source was changed by the sources view to '/Game/StarterContent/ODSTCharacter/Animation'
[2015.04.14-11.38.21:593][161]LogContentBrowser:Verbose: The content browser source was changed by the sources view to '/Game/StarterContent/ODSTCharacter'
[2015.04.14-11.38.22:108][221]LogContentBrowser:Verbose: The content browser source was changed by the sources view to '/Game/StarterContent/ODSTCharacter/Animation'
[2015.04.14-11.38.22:822][277]LogContentBrowser:Verbose: The content browser source was changed by the sources view to '/Game/StarterContent/ODSTCharacter/Character'
[2015.04.14-11.38.24:401][460]LogContentBrowser:Verbose: The content browser source was changed by the sources view to '/Game/StarterContent/ODSTCharacter/Animation'
[2015.04.14-11.38.25:867][607]LogContentBrowser:Verbose: The content browser source was changed by the sources view to '/Game/StarterContent/ODSTCharacter'
[2015.04.14-11.38.26:690][704]LogContentBrowser:Verbose: The content browser source was changed by the sources view to '/Game/StarterContent/ODSTCharacter/Animation'
[2015.04.14-11.38.27:424][761]LogContentBrowser:Verbose: The content browser source was changed by the sources view to '/Game/StarterContent/ODSTCharacter/Character'
[2015.04.14-11.38.28:577][893]LogContentBrowser:Verbose: The content browser source was changed by the sources view to '/Game/StarterContent/ODSTCharacter/Animation'
[2015.04.14-11.38.31:858][257]LogContentBrowser:Verbose: The content browser source was changed by the sources view to '/Game/StarterContent/ODSTCharacter/Character'
[2015.04.14-11.38.34:612][581]LogContentBrowser:Verbose: The content browser source was changed by the sources view to '/Game/StarterContent/ODSTCharacter/Animation'
[2015.04.14-11.38.41:195][334]LogLinker:Warning: Can't find file '/Game/ODSTCharacter/Character/ODST_Skeleton'
[2015.04.14-11.38.41:195][334]LogLinker:Warning: Can't find file for asset '/Game/ODSTCharacter/Character/ODST_Skeleton' while loading ../../../../../../Users/admin/Documents/GitHub/SpaceGame/Content/StarterContent/ODSTCharacter/Animation/Walk_Lt_Rifle_Ironsights_Copy.uasset.
[2015.04.14-11.38.41:196][334]LoadErrors:Error: Error /Game/StarterContent/ODSTCharacter/Animation/Walk_Lt_Rifle_Ironsights_Copy : Can't find file for asset. /Game/ODSTCharacter/Character/ODST_Skeleton
[2015.04.14-11.38.41:196][334]LogLinker:Warning: Can't find file '/Game/ODSTCharacter/Character/ODST_Skeleton'
[2015.04.14-11.38.41:196][334]LogLinker:Warning: Can't find file for asset '/Game/ODSTCharacter/Character/ODST_Skeleton' while loading ../../../../../../Users/admin/Documents/GitHub/SpaceGame/Content/StarterContent/ODSTCharacter/Animation/Walk_Lt_Rifle_Ironsights_Copy.uasset.
[2015.04.14-11.38.41:197][334]LogLinker:Warning: Can't find file '/Game/ODSTCharacter/Character/ODST_Skeleton'
[2015.04.14-11.38.41:197][334]LoadErrors: Info Failed to load /Game/ODSTCharacter/Character/ODST_Skeleton.ODST_Skeleton Referenced by Walk_Lt_Rifle_Ironsights_Copy
[2015.04.14-11.38.41:197][334]LogLinker:Warning: Can't find file for asset '/Game/ODSTCharacter/Character/ODST_Skeleton' while loading NULL.
[2015.04.14-11.38.47:024][739]LogParticles: Destroying 0 GPU particle simulations for FXSystem 0x000000B4C6AE54E0
[2015.04.14-11.38.47:024][739]LogParticles: Destroying 0 GPU particle simulations for FXSystem 0x000000B4C6AE5940
[2015.04.14-11.38.47:024][739]LogParticles: Destroying 0 GPU particle simulations for FXSystem 0x000000B4C4F0D940
[2015.04.14-11.38.47:104][739]LogParticles: Destroying 0 GPU particle simulations for FXSystem 0x000000B4C4F0E700
[2015.04.14-11.38.47:438][740]Cmd: QUIT_EDITOR
[2015.04.14-11.38.47:617][740]LogExit: Preparing to exit.
[2015.04.14-11.38.48:656][740]LogExit: Editor shut down
[2015.04.14-11.38.48:656][740]LogExit: Transaction tracking system shut down
[2015.04.14-11.38.48:657][740]LogParticles: Destroying 0 GPU particle simulations for FXSystem 0x000000B4B14120C0
[2015.04.14-11.38.48:657][740]LogParticles: Destroying 0 GPU particle simulations for FXSystem 0x000000B4C04879C0
[2015.04.14-11.38.48:658][740]LogParticles: Destroying 0 GPU particle simulations for FXSystem 0x000000B4B1B3A840
[2015.04.14-11.38.48:700][740]LogParticles: Destroying 0 GPU particle simulations for FXSystem 0x000000B4C4EB18A0
[2015.04.14-11.38.48:700][740]LogExit: Object subsystem successfully closed.
[2015.04.14-11.38.48:737][740]LogModuleManager: Shutting down and abandoning module CrashTracker (177)
[2015.04.14-11.38.48:737][740]LogModuleManager: Shutting down and abandoning module SuperSearch (176)
[2015.04.14-11.38.48:737][740]LogModuleManager: Shutting down and abandoning module SceneOutliner (175)
[2015.04.14-11.38.48:737][740]LogModuleManager: Shutting down and abandoning module EditorWidgets (174)
[2015.04.14-11.38.48:737][740]LogModuleManager: Shutting down and abandoning module CollectionManager (173)
[2015.04.14-11.38.48:737][740]LogModuleManager: Shutting down and abandoning module StatsViewer (172)
[2015.04.14-11.38.48:738][740]LogModuleManager: Shutting down and abandoning module FoliageEdit (171)
[2015.04.14-11.38.48:738][740]LogModuleManager: Shutting down and abandoning module LandscapeEditor (170)
[2015.04.14-11.38.48:738][740]LogModuleManager: Shutting down and abandoning module MeshPaint (169)
[2015.04.14-11.38.48:738][740]LogModuleManager: Shutting down and abandoning module ActorPickerMode (168)
[2015.04.14-11.38.48:738][740]LogModuleManager: Shutting down and abandoning module GeometryMode (167)
[2015.04.14-11.38.48:738][740]LogModuleManager: Shutting down and abandoning module TextureAlignMode (166)
[2015.04.14-11.38.48:738][740]LogModuleManager: Shutting down and abandoning module BspMode (165)
[2015.04.14-11.38.48:738][740]LogModuleManager: Shutting down and abandoning module PlacementMode (164)
[2015.04.14-11.38.48:738][740]LogModuleManager: Shutting down and abandoning module AutomationWorker (163)
[2015.04.14-11.38.48:738][740]LogModuleManager: Shutting down and abandoning module CharacterAI (162)
[2015.04.14-11.38.48:738][740]LogModuleManager: Shutting down and abandoning module SmartSnapping (161)
[2015.04.14-11.38.48:738][740]LogModuleManager: Shutting down and abandoning module ViewportSnapping (160)
[2015.04.14-11.38.48:738][740]LogModuleManager: Shutting down and abandoning module LogVisualizer (159)
[2015.04.14-11.38.48:738][740]LogModuleManager: Shutting down and abandoning module GameProjectGeneration (158)
[2015.04.14-11.38.48:738][740]LogModuleManager: Shutting down and abandoning module IntroTutorials (157)
[2015.04.14-11.38.48:738][740]LogModuleManager: Shutting down and abandoning module EditorLiveStreaming (156)
[2015.04.14-11.38.48:738][740]LogModuleManager: Shutting down and abandoning module HardwareTargeting (155)
[2015.04.14-11.38.48:738][740]LogModuleManager: Shutting down and abandoning module DeviceProfileEditor (154)
[2015.04.14-11.38.48:738][740]LogModuleManager: Shutting down and abandoning module UndoHistory (153)
[2015.04.14-11.38.48:738][740]LogModuleManager: Shutting down and abandoning module GameplayTagsEditor (152)
[2015.04.14-11.38.48:738][740]LogModuleManager: Shutting down and abandoning module UserFeedback (151)
[2015.04.14-11.38.48:738][740]LogModuleManager: Shutting down and abandoning module XmlParser (150)
[2015.04.14-11.38.48:738][740]LogModuleManager: Shutting down and abandoning module Blutility (149)
[2015.04.14-11.38.48:738][740]LogModuleManager: Shutting down and abandoning module IOSPlatformEditor (148)
[2015.04.14-11.38.48:738][740]LogModuleManager: Shutting down and abandoning module IOSRuntimeSettings (147)
[2015.04.14-11.38.48:738][740]LogModuleManager: Shutting down and abandoning module AndroidDeviceDetection (146)
[2015.04.14-11.38.49:194][740]LogModuleManager: Shutting down and abandoning module AndroidPlatformEditor (145)
[2015.04.14-11.38.49:194][740]LogModuleManager: Shutting down and abandoning module AndroidRuntimeSettings (144)
[2015.04.14-11.38.49:194][740]LogModuleManager: Shutting down and abandoning module ProjectTargetPlatformEditor (143)
[2015.04.14-11.38.49:194][740]LogModuleManager: Shutting down and abandoning module ProjectSettingsViewer (142)
[2015.04.14-11.38.49:194][740]LogModuleManager: Shutting down and abandoning module InputBindingEditor (141)
[2015.04.14-11.38.49:195][740]LogModuleManager: Shutting down and abandoning module EditorSettingsViewer (140)
[2015.04.14-11.38.49:195][740]LogModuleManager: Shutting down and abandoning module SettingsEditor (139)
[2015.04.14-11.38.49:195][740]LogModuleManager: Shutting down and abandoning module ProjectLauncher (138)
[2015.04.14-11.38.49:195][740]LogModuleManager: Shutting down and abandoning module SessionFrontend (137)
[2015.04.14-11.38.49:195][740]LogModuleManager: Shutting down and abandoning module ProfilerClient (136)
[2015.04.14-11.38.49:195][740]LogModuleManager: Shutting down and abandoning module TargetDeviceServices (135)
[2015.04.14-11.38.49:195][740]LogModuleManager: Shutting down and abandoning module DeviceManager (134)
[2015.04.14-11.38.49:195][740]LogModuleManager: Shutting down and abandoning module AutomationController (133)
[2015.04.14-11.38.49:195][740]LogModuleManager: Shutting down and abandoning module AutomationWindow (132)
[2015.04.14-11.38.49:195][740]LogModuleManager: Shutting down and abandoning module Layers (131)
[2015.04.14-11.38.49:196][740]LogModuleManager: Shutting down and abandoning module ComponentVisualizers (130)
[2015.04.14-11.38.49:196][740]LogModuleManager: Shutting down and abandoning module DetailCustomizations (129)
[2015.04.14-11.38.49:196][740]LogModuleManager: Shutting down and abandoning module PackagesDialog (128)
[2015.04.14-11.38.49:196][740]LogModuleManager: Shutting down and abandoning module AssetRegistry (127)
[2015.04.14-11.38.49:251][740]LogModuleManager: Shutting down and abandoning module Persona (126)
[2015.04.14-11.38.49:251][740]LogModuleManager: Shutting down and abandoning module SlateReflector (125)
[2015.04.14-11.38.49:251][740]LogModuleManager: Shutting down and abandoning module LevelEditor (124)
[2015.04.14-11.38.49:252][740]LogModuleManager: Shutting down and abandoning module Kismet (123)
[2015.04.14-11.38.49:252][740]LogModuleManager: Shutting down and abandoning module GraphEditor (122)
[2015.04.14-11.38.49:252][740]LogModuleManager: Shutting down and abandoning module ClassViewer (121)
[2015.04.14-11.38.49:252][740]LogModuleManager: Shutting down and abandoning module Toolbox (120)
[2015.04.14-11.38.49:252][740]LogModuleManager: Shutting down and abandoning module ModuleUI (119)
[2015.04.14-11.38.49:252][740]LogModuleManager: Shutting down and abandoning module MovieSceneTools (118)
[2015.04.14-11.38.49:252][740]LogModuleManager: Shutting down and abandoning module OutputLog (117)
[2015.04.14-11.38.49:252][740]LogModuleManager: Shutting down and abandoning module GammaUI (116)
[2015.04.14-11.38.49:252][740]LogModuleManager: Shutting down and abandoning module Documentation (115)
[2015.04.14-11.38.49:252][740]LogModuleManager: Shutting down and abandoning module GameLiveStreaming (114)
[2015.04.14-11.38.49:253][740]LogModuleManager: Shutting down and abandoning module StreamingPauseRendering (113)
[2015.04.14-11.38.49:253][740]LogModuleManager: Shutting down and abandoning module HTTP (112)
[2015.04.14-11.38.49:253][740]LogModuleManager: Shutting down and abandoning module AnalyticsET (111)
[2015.04.14-11.38.49:253][740]LogModuleManager: Shutting down and abandoning module Analytics (110)
[2015.04.14-11.38.49:253][740]LogModuleManager: Shutting down and abandoning module AITestSuite (109)
[2015.04.14-11.38.49:253][740]LogModuleManager: Shutting down and abandoning module GameplayDebugger (108)
[2015.04.14-11.38.49:253][740]LogModuleManager: Shutting down and abandoning module AIModule (107)
[2015.04.14-11.38.49:253][740]LogModuleManager: Shutting down and abandoning module ProfilerService (106)
[2015.04.14-11.38.49:269][740]LogModuleManager: Shutting down and abandoning module TaskGraph (105)
[2015.04.14-11.38.49:269][740]LogModuleManager: Shutting down and abandoning module SlateRemote (104)
[2015.04.14-11.38.49:269][740]LogModuleManager: Shutting down and abandoning module ScriptEditorPlugin (103)
[2015.04.14-11.38.49:269][740]LogModuleManager: Shutting down and abandoning module CustomMeshComponent (102)
[2015.04.14-11.38.49:269][740]LogModuleManager: Shutting down and abandoning module CableComponent (101)
[2015.04.14-11.38.49:269][740]LogModuleManager: Shutting down and abandoning module MessagingDebugger (100)
[2015.04.14-11.38.49:269][740]LogModuleManager: Shutting down and abandoning module MediaPlayerEditor (99)
[2015.04.14-11.38.49:269][740]LogModuleManager: Shutting down and abandoning module SpeedTreeImporter (98)
[2015.04.14-11.38.49:269][740]LogModuleManager: Shutting down and abandoning module PluginsEditor (97)
[2015.04.14-11.38.49:269][740]LogModuleManager: Shutting down and abandoning module MainFrame (96)
[2015.04.14-11.38.49:269][740]LogModuleManager: Shutting down and abandoning module EpicSurvey (95)
[2015.04.14-11.38.49:269][740]LogModuleManager: Shutting down and abandoning module DesktopPlatform (94)
[2015.04.14-11.38.49:269][740]LogModuleManager: Shutting down and abandoning module DirectoryWatcher (93)
[2015.04.14-11.38.49:269][740]LogModuleManager: Shutting down and abandoning module HotReload (92)
[2015.04.14-11.38.49:269][740]LogModuleManager: Shutting down and abandoning module VisualStudioSourceCodeAccess (91)
[2015.04.14-11.38.49:269][740]LogModuleManager: Shutting down and abandoning module UObjectPlugin (90)
[2015.04.14-11.38.49:269][740]LogModuleManager: Shutting down and abandoning module SubversionSourceControl (89)
[2015.04.14-11.38.49:269][740]LogModuleManager: Shutting down and abandoning module PerforceSourceControl (88)
[2015.04.14-11.38.49:269][740]LogModuleManager: Shutting down and abandoning module SourceControl (87)
[2015.04.14-11.38.49:269][740]LogModuleManager: Shutting down and abandoning module GitSourceControl (86)
[2015.04.14-11.38.49:269][740]LogModuleManager: Shutting down and abandoning module BlankPlugin (85)
[2015.04.14-11.38.49:270][740]LogModuleManager: Shutting down and abandoning module PaperTiledImporter (84)
[2015.04.14-11.38.49:270][740]LogModuleManager: Shutting down and abandoning module PaperJsonImporter (83)
[2015.04.14-11.38.49:270][740]LogModuleManager: Shutting down and abandoning module ContentBrowser (82)
[2015.04.14-11.38.49:270][740]LogModuleManager: Shutting down and abandoning module Paper2DEditor (81)
[2015.04.14-11.38.49:271][740]LogModuleManager: Shutting down and abandoning module ScriptPlugin (80)
[2015.04.14-11.38.49:271][740]LogModuleManager: Shutting down and abandoning module UdpMessaging (79)
[2015.04.14-11.38.49:372][740]LogModuleManager: Shutting down and abandoning module Paper2D (78)
[2015.04.14-11.38.49:372][740]LogModuleManager: Shutting down and abandoning module WindowsMoviePlayer (77)
[2015.04.14-11.38.49:379][740]LogModuleManager: Shutting down and abandoning module Media (76)
[2015.04.14-11.38.49:379][740]LogModuleManager: Shutting down and abandoning module WmfMedia (75)
[2015.04.14-11.38.49:379][740]LogModuleManager: Shutting down and abandoning module OnlineBlueprintSupport (74)
[2015.04.14-11.38.49:379][740]LogModuleManager: Shutting down and abandoning module PropertyEditor (73)
[2015.04.14-11.38.49:379][740]LogModuleManager: Shutting down and abandoning module BehaviorTreeEditor (72)
[2015.04.14-11.38.49:379][740]LogModuleManager: Shutting down and abandoning module FunctionalTesting (71)
[2015.04.14-11.38.49:379][740]LogModuleManager: Shutting down and abandoning module CollisionAnalyzer (70)
[2015.04.14-11.38.49:379][740]LogModuleManager: Shutting down and abandoning module WorkspaceMenuStructure (69)
[2015.04.14-11.38.49:379][740]LogModuleManager: Shutting down and abandoning module MessageLog (68)
[2015.04.14-11.38.49:379][740]LogModuleManager: Shutting down and abandoning module Sequencer (67)
[2015.04.14-11.38.49:379][740]LogModuleManager: Shutting down and abandoning module AssetTools (66)
[2015.04.14-11.38.49:380][740]LogModuleManager: Shutting down and abandoning module UMGEditor (65)
[2015.04.14-11.38.49:380][740]LogModuleManager: Shutting down and abandoning module UMG (64)
[2015.04.14-11.38.49:380][740]LogModuleManager: Shutting down and abandoning module Slate (63)
[2015.04.14-11.38.49:380][740]LogModuleManager: Shutting down and abandoning module EditorStyle (62)
[2015.04.14-11.38.49:392][740]LogModuleManager: Shutting down and abandoning module SessionServices (61)
[2015.04.14-11.38.49:392][740]LogModuleManager: Shutting down and abandoning module SourceCodeAccess (60)
[2015.04.14-11.38.49:392][740]LogModuleManager: Shutting down and abandoning module HeadMountedDisplay (59)
[2015.04.14-11.38.49:392][740]LogModuleManager: Shutting down and abandoning module XAudio2 (58)
[2015.04.14-11.38.49:392][740]LogModuleManager: Shutting down and abandoning module Networking (56)
[2015.04.14-11.38.49:392][740]LogModuleManager: Shutting down and abandoning module Core (55)
[2015.04.14-11.38.49:392][740]LogModuleManager: Shutting down and abandoning module KismetCompiler (54)
[2015.04.14-11.38.49:392][740]LogModuleManager: Shutting down and abandoning module PhysXFormats (53)
[2015.04.14-11.38.49:392][740]LogModuleManager: Shutting down and abandoning module MeshUtilities (52)
[2015.04.14-11.38.49:392][740]LogModuleManager: Shutting down and abandoning module DerivedDataCache (51)
[2015.04.14-11.38.49:448][740]LogDerivedDataCache: Shutdown
[2015.04.14-11.38.49:448][740]LogModuleManager: Shutting down and abandoning module ShaderFormatOpenGL (50)
[2015.04.14-11.38.49:448][740]LogModuleManager: Shutting down and abandoning module ShaderFormatD3D (49)
[2015.04.14-11.38.49:448][740]LogModuleManager: Shutting down and abandoning module MetalShaderFormat (48)
[2015.04.14-11.38.49:448][740]LogModuleManager: Shutting down and abandoning module TextureFormatUncompressed (47)
[2015.04.14-11.38.49:448][740]LogModuleManager: Shutting down and abandoning module TextureFormatPVR (46)
[2015.04.14-11.38.49:449][740]LogModuleManager: Shutting down and abandoning module TextureFormatIntelISPCTexComp (45)
[2015.04.14-11.38.49:449][740]LogModuleManager: Shutting down and abandoning module TextureFormatDXT (44)
[2015.04.14-11.38.49:449][740]LogModuleManager: Shutting down and abandoning module ImageWrapper (43)
[2015.04.14-11.38.49:449][740]LogModuleManager: Shutting down and abandoning module TextureFormatASTC (42)
[2015.04.14-11.38.49:449][740]LogModuleManager: Shutting down and abandoning module TextureFormatAndroid (41)
[2015.04.14-11.38.49:449][740]LogModuleManager: Shutting down and abandoning module AudioFormatOpus (40)
[2015.04.14-11.38.49:449][740]LogModuleManager: Shutting down and abandoning module AudioFormatOgg (39)
[2015.04.14-11.38.49:449][740]LogModuleManager: Shutting down and abandoning module AudioFormatADPCM (38)
[2015.04.14-11.38.49:449][740]LogModuleManager: Shutting down and abandoning module LinuxTargetPlatform (37)
[2015.04.14-11.38.49:449][740]LogModuleManager: Shutting down and abandoning module LinuxServerTargetPlatform (36)
[2015.04.14-11.38.49:449][740]LogModuleManager: Shutting down and abandoning module LinuxNoEditorTargetPlatform (35)
[2015.04.14-11.38.49:449][740]LogModuleManager: Shutting down and abandoning module Messaging (34)
[2015.04.14-11.38.49:449][740]LogModuleManager: Shutting down and abandoning module IOSTargetPlatform (33)
[2015.04.14-11.38.49:449][740]LogModuleManager: Shutting down and abandoning module HTML5TargetPlatform (32)
[2015.04.14-11.38.49:449][740]LogModuleManager: Shutting down and abandoning module Android_PVRTCTargetPlatform (31)
[2015.04.14-11.38.49:449][740]LogModuleManager: Shutting down and abandoning module Android_ETC2TargetPlatform (30)
[2015.04.14-11.38.49:449][740]LogModuleManager: Shutting down and abandoning module Android_ETC1TargetPlatform (29)
[2015.04.14-11.38.49:449][740]LogModuleManager: Shutting down and abandoning module Android_ES31TargetPlatform (28)
[2015.04.14-11.38.49:449][740]LogModuleManager: Shutting down and abandoning module Android_DXTTargetPlatform (27)
[2015.04.14-11.38.49:449][740]LogModuleManager: Shutting down and abandoning module Android_ATCTargetPlatform (26)
[2015.04.14-11.38.49:449][740]LogModuleManager: Shutting down and abandoning module AndroidTargetPlatform (25)
[2015.04.14-11.38.49:449][740]LogModuleManager: Shutting down and abandoning module WindowsTargetPlatform (24)
[2015.04.14-11.38.49:449][740]LogModuleManager: Shutting down and abandoning module WindowsServerTargetPlatform (23)
[2015.04.14-11.38.49:449][740]LogModuleManager: Shutting down and abandoning module WindowsNoEditorTargetPlatform (22)
[2015.04.14-11.38.49:449][740]LogModuleManager: Shutting down and abandoning module WindowsClientTargetPlatform (21)
[2015.04.14-11.38.49:449][740]LogModuleManager: Shutting down and abandoning module TargetPlatform (20)
[2015.04.14-11.38.49:449][740]LogModuleManager: Shutting down and abandoning module InputCore (19)
[2015.04.14-11.38.49:450][740]LogModuleManager: Shutting down and abandoning module Settings (18)
[2015.04.14-11.38.49:450][740]LogModuleManager: Shutting down and abandoning module OnlineSubsystem (16)
[2015.04.14-11.38.49:450][740]LogModuleManager: Shutting down and abandoning module OculusRift (15)
[2015.04.14-11.38.49:450][740]LogModuleManager: Shutting down and abandoning module ExampleDeviceProfileSelector (14)
[2015.04.14-11.38.49:450][740]LogModuleManager: Shutting down and abandoning module TextureCompressor (13)
[2015.04.14-11.38.49:450][740]LogModuleManager: Shutting down and abandoning module ShaderCore (12)
[2015.04.14-11.38.49:450][740]LogModuleManager: Shutting down and abandoning module Landscape (11)
[2015.04.14-11.38.49:450][740]LogModuleManager: Shutting down and abandoning module SlateRHIRenderer (10)
[2015.04.14-11.38.49:454][740]LogModuleManager: Shutting down and abandoning module OpenGLDrv (9)
[2015.04.14-11.38.49:454][740]LogModuleManager: Shutting down and abandoning module D3D11RHI (8)
[2015.04.14-11.38.49:454][740]LogModuleManager: Shutting down and abandoning module Renderer (7)
[2015.04.14-11.38.49:454][740]LogModuleManager: Shutting down and abandoning module Engine (6)
[2015.04.14-11.38.49:454][740]LogModuleManager: Shutting down and abandoning module CoreUObject (5)
[2015.04.14-11.38.49:454][740]LogModuleManager: Shutting down and abandoning module NetworkFile (4)
[2015.04.14-11.38.49:454][740]LogModuleManager: Shutting down and abandoning module StreamingFile (3)
[2015.04.14-11.38.49:454][740]LogModuleManager: Shutting down and abandoning module SandboxFile (2)
[2015.04.14-11.38.49:454][740]LogModuleManager: Shutting down and abandoning module PakFile (1)
[2015.04.14-11.38.49:455][740]LogExit: Exiting.
[2015.04.14-11.38.49:470][740]Log file closed, 04/14/15 13:38:49
