Log file open, 04/14/15 13:33:59
LogInit:Display: Running engine for game: SpaceGame
LogInit: Version: 4.7.5-2503383+++depot+UE4-Releases+4.7
LogInit: API Version: 2455222
LogInit: Compiled (64-bit): Apr  6 2015 23:21:51
LogInit: Compiled with Visual C++: 18.00.21005.01
LogInit: Build Configuration: Development
LogInit: Branch Name: ++depot+UE4-Releases+4.7
LogInit: Command line:  
LogInit: Base directory: C:/Program Files/Epic Games/4.7/Engine/Binaries/Win64/
LogInit: Rocket: 1
[2015.04.14-11.33.59:446][  0]LogTaskGraph: Started task graph with 3 named threads and 6 total threads.
[2015.04.14-11.33.59:523][  0]LogOnline:Warning: No default platform service specified for OnlineSubsystem
[2015.04.14-11.33.59:554][  0]LogInit: Presizing for 0 objects not considered by GC, pre-allocating 0 bytes.
[2015.04.14-11.33.59:566][  0]LogInit: Object subsystem initialized
[2015.04.14-11.33.59:574][  0]LogConsoleResponse:Warning: Skipping Unknown console variable: 'TranslucentSortAxis = (X=0.000000,Y=-1.000000,Z=0.000000)'
[2015.04.14-11.33.59:574][  0]LogConsoleResponse:Warning:   Found in ini file 'C:/Users/admin/Documents/GitHub/SpaceGame/Saved/Config/Windows/Engine.ini', in section '[/Script/Engine.RendererSettings]'
[2015.04.14-11.33.59:574][  0]LogConsoleResponse:Warning: Skipping Unknown console variable: 'UIScaleRule = ShortestSide'
[2015.04.14-11.33.59:574][  0]LogConsoleResponse:Warning:   Found in ini file 'C:/Users/admin/Documents/GitHub/SpaceGame/Saved/Config/Windows/Engine.ini', in section '[/Script/Engine.RendererSettings]'
[2015.04.14-11.33.59:574][  0]LogConsoleResponse:Warning: Skipping Unknown console variable: 'UIScaleCurve = (EditorCurveData=(Keys=),ExternalCurve=None)'
[2015.04.14-11.33.59:574][  0]LogConsoleResponse:Warning:   Found in ini file 'C:/Users/admin/Documents/GitHub/SpaceGame/Saved/Config/Windows/Engine.ini', in section '[/Script/Engine.RendererSettings]'
[2015.04.14-11.33.59:579][  0]LogInit: Selected Device Profile: [Windows]
[2015.04.14-11.33.59:579][  0]LogInit: Applying CVar settings loaded from the selected device profile: [Windows]
[2015.04.14-11.33.59:593][  0]LogInit: Computer: ADMIN-PC
[2015.04.14-11.33.59:593][  0]LogInit: User: admin
[2015.04.14-11.33.59:593][  0]LogInit: CPU Page size=4096, Cores=4
[2015.04.14-11.33.59:593][  0]LogInit: High frequency timer resolution =14.318180 MHz
[2015.04.14-11.33.59:594][  0]LogMemory: Memory total: Physical=15.9GB (16GB approx) Virtual=131072.0GB
[2015.04.14-11.33.59:594][  0]LogMemory: Platform Memory Stats for Windows
[2015.04.14-11.33.59:594][  0]LogMemory: Process Physical Memory: 46.77 MB used, 46.77 MB peak
[2015.04.14-11.33.59:594][  0]LogMemory: Process Virtual Memory: 23.51 MB used, 23.51 MB peak
[2015.04.14-11.33.59:594][  0]LogMemory: Physical Memory: 4252.58 MB used, 16254.34 MB total
[2015.04.14-11.33.59:594][  0]LogMemory: Virtual Memory: 302.11 MB used, 134217728.00 MB total
[2015.04.14-11.33.59:618][  0]LogD3D11RHI: Found D3D11 adapter 0: NVIDIA GeForce GTX 770 (Feature Level 11_0)
[2015.04.14-11.33.59:618][  0]LogD3D11RHI: Adapter has 1987MB of dedicated video memory, 0MB of dedicated system memory, and 2048MB of shared system memory, 2 output[s]
[2015.04.14-11.33.59:624][  0]LogD3D11RHI: Found D3D11 adapter 1: Intel(R) HD Graphics 4600 (Feature Level 11_0)
[2015.04.14-11.33.59:624][  0]LogD3D11RHI: Adapter has 32MB of dedicated video memory, 0MB of dedicated system memory, and 1760MB of shared system memory, 1 output[s]
[2015.04.14-11.33.59:625][  0]LogD3D11RHI: Found D3D11 adapter 2: Microsoft Basic Render Driver (Feature Level 11_0)
[2015.04.14-11.33.59:625][  0]LogD3D11RHI: Adapter has 0MB of dedicated video memory, 0MB of dedicated system memory, and 256MB of shared system memory, 0 output[s]
[2015.04.14-11.33.59:625][  0]LogD3D11RHI: Chosen D3D11 Adapter Id = 0
[2015.04.14-11.33.59:630][  0]LogRHI: Texture pool is 1361 MB (70% of 1945 MB)
[2015.04.14-11.33.59:638][  0]LogD3D11RHI: Async texture creation enabled
[2015.04.14-11.33.59:791][  0]LogTextLocalizationManager: The requested culture ('de_DE') has no localization data; falling back to 'en' for localization and internationalization data.
[2015.04.14-11.33.59:860][  0]LogTextLocalizationManager:Warning: Loading localization resources contain conflicting entries for (Namespace:UICommands, Key:Save_ToolTip):
Resource: (C:/Program Files/Epic Games/4.7/Engine/Content/Localization/Editor/en/Editor.locres) Hash: (-29098895) String: (Saves the current level to disk)
Resource: (C:/Program Files/Epic Games/4.7/Engine/Content/Localization/Engine/en/Engine.locres) Hash: (-1280300587) String: (Save selected data to vlog file)
[2015.04.14-11.33.59:860][  0]LogTextLocalizationManager:Warning: Loading localization resources contain conflicting entries for (Namespace:ContentBrowser, Key:ImportAssetToolTip):
Resource: (C:/Program Files/Epic Games/4.7/Engine/Content/Localization/Editor/en/Editor.locres) Hash: (-630476809) String: (Import to {0}...)
Resource: (C:/Program Files/Epic Games/4.7/Engine/Content/Localization/Editor/en/Editor.locres) Hash: (1271782899) String: (Imports an asset from file to this folder.)
[2015.04.14-11.33.59:924][  0]LogContentStreaming: Texture pool size is 0.000000MB
[2015.04.14-11.34.02:057][  0]LogTargetPlatformManager:Display: Building Assets For Windows
[2015.04.14-11.34.02:503][  0]LogTargetPlatformManager:Display: Building Assets For Windows
[2015.04.14-11.34.02:554][  0]LogDerivedDataCache:Display: Max Cache Size: 512 MB
[2015.04.14-11.34.02:641][  0]LogDerivedDataCache: Loaded boot cache 0.09s 39MB C:/Users/admin/AppData/Local/UnrealEngine/4.7/DerivedDataCache/Boot.ddc.
[2015.04.14-11.34.02:641][  0]LogDerivedDataCache:Display: Loaded Boot cache: C:/Users/admin/AppData/Local/UnrealEngine/4.7/DerivedDataCache/Boot.ddc
[2015.04.14-11.34.02:641][  0]LogDerivedDataCache: FDerivedDataBackendGraph:  Pak pak cache file ../../../../../../Users/admin/Documents/GitHub/SpaceGame/DerivedDataCache/DDC.ddp not found, will not use a pak cache.
[2015.04.14-11.34.02:641][  0]LogDerivedDataCache: Unable to find inner node Pak for hierarchical cache Hierarchy.
[2015.04.14-11.34.02:735][  0]LogDerivedDataCache:Display: Pak cache opened for reading ../../../Engine/DerivedDataCache/Compressed.ddp.
[2015.04.14-11.34.02:748][  0]LogDerivedDataCache: Using Local data cache path C:/Users/admin/AppData/Local/UnrealEngine/Common/DerivedDataCache: Writable
[2015.04.14-11.34.03:681][  0]LogMeshUtilities: No automatic mesh reduction module available
[2015.04.14-11.34.03:681][  0]LogMeshUtilities: No automatic mesh merging module available
[2015.04.14-11.34.04:161][  0]LogInit: WinSock: version 1.1 (2.2), MaxSocks=32767, MaxUdp=65467
[2015.04.14-11.34.04:240][  0]LogSlate:Warning: Failed to load font data from '../../../Engine/Content/Slate/Fonts/Roboto-Italic.ttf'
[2015.04.14-11.34.05:924][  0]UdpMessaging: Initializing bridge on interface 0.0.0.0:0 to multicast group 230.0.0.1:6666.
[2015.04.14-11.34.06:183][  0]SourceControl: Info Source control is disabled
[2015.04.14-11.34.06:183][  0]SourceControl: Info Source control is disabled
[2015.04.14-11.34.06:183][  0]SourceControl: Info Source control is disabled
[2015.04.14-11.34.06:183][  0]LogSourceControl: RunCommandInternalRaw: 'git version'
[2015.04.14-11.34.06:184][  0]LogSourceControl: RunCommandInternalRaw: ExecProcess ReturnCode=2 OutResults=''
[2015.04.14-11.34.06:190][  0]SourceControl: Info Source control is disabled
[2015.04.14-11.34.06:379][  0]LogObj: 24232 objects as part of root set at end of initial load.
[2015.04.14-11.34.06:379][  0]LogUObjectAllocator: 5137176 out of 0 bytes used by permanent object pool.
[2015.04.14-11.34.06:470][  0]LogEngine: Initializing Engine...
[2015.04.14-11.34.08:697][  0]LogInit: XAudio2 using 'Lautsprecher (Logitech USB Headset)' : 2 channels at 44.1 kHz using 16 bits per sample (channel mask 0x3)
[2015.04.14-11.34.08:710][  0]LogInit: FAudioDevice initialized.
[2015.04.14-11.34.08:766][  0]LogAIModule: Creating AISystem for world NewWorld
[2015.04.14-11.34.08:785][  0]LogDerivedDataCache: Saved boot cache 0.02s 39MB C:/Users/admin/AppData/Local/UnrealEngine/4.7/DerivedDataCache/Boot.ddc.
[2015.04.14-11.34.08:791][  0]LogInit: Texture streaming: Enabled
[2015.04.14-11.34.08:891][  0]LogAnalytics: Creating configured Analytics provider AnalyticsET
[2015.04.14-11.34.08:891][  0]LogAnalytics: ET APIKey = Rocket.Release. APIServer = http://et2.epicgames.com/ET2/. AppVersion = 4.7.5-2503383+++depot+UE4-Releases+4.7
[2015.04.14-11.34.08:891][  0]LogAnalytics: ET APIKey = Rocket.Release. DataRouterUploadURL = https://datarouter-public-service-gamedev.ol.epicgames.net/datarouter/api/v1/public/data. AppVersion = 4.7.5-2503383+++depot+UE4-Releases+4.7
[2015.04.14-11.34.08:891][  0]LogAnalytics: SetUserId dde3deed4523c0a2a770c48b31092dad|9afb1e8fda0a480cb286d8fd65efbaea|7aadb3ab-5297-4333-a6d6-a0753f16fa7d
[2015.04.14-11.34.08:891][  0]LogAnalytics: AnalyticsET::StartSession [Rocket.Release]
[2015.04.14-11.34.08:917][  0]LogInit: Transaction tracking system initialized
[2015.04.14-11.34.09:088][  0]BlueprintLog: New page: Editor Load
[2015.04.14-11.34.09:122][  0]LogAssetRegistry: FAssetRegistry took 0.0112 seconds to start up
[2015.04.14-11.34.09:122][  0]LogDirectoryWatcher:Warning: Failed to begin reading directory changes for ../../../Engine/Plugins/Experimental/CharacterAI/Content/. Error: 0
[2015.04.14-11.34.09:576][  0]LogTargetPlatformManager:Display: Building Assets For Windows
[2015.04.14-11.34.09:861][  0]LogTargetPlatformManager:Display: Building Assets For Windows
[2015.04.14-11.34.10:102][  0]LogSlate:Warning: Failed to load font data from '../../../Engine/Content/Editor/Slate/Fonts/Roboto-Regular.ttf'
[2015.04.14-11.34.10:102][  0]LogSlate:Warning: Failed to load font data from '../../../Engine/Content/Editor/Slate/Fonts/Roboto-Bold.ttf'
[2015.04.14-11.34.10:158][  0]LogConsoleResponse:Display: 
[2015.04.14-11.34.10:299][  0]LogCook:Display: Done creating registry. It took  0.00s.
[2015.04.14-11.34.10:438][  0]SourceControl: Info Source control is disabled
[2015.04.14-11.34.10:438][  0]Cmd: MAP LOAD FILE="../../../../../../Users/admin/Documents/GitHub/SpaceGame/Content/StarterContent/Maps/Minimal_Default.umap" TEMPLATE=0 SHOWPROGRESS=1 FEATURELEVEL=3
[2015.04.14-11.34.10:440][  0]LightingResults: New page: Lighting Build
[2015.04.14-11.34.10:452][  0]MapCheck: New page: Map Check
[2015.04.14-11.34.10:452][  0]LightingResults: New page: Lighting Build
[2015.04.14-11.34.10:462][  0]LogParticles: Destroying 0 GPU particle simulations for FXSystem 0x0000005CE1167B00
[2015.04.14-11.34.11:176][  0]LogEditorServer: Finished looking for orphan Actors (0.000 secs)
[2015.04.14-11.34.11:192][  0]LogAIModule: Creating AISystem for world Minimal_Default
[2015.04.14-11.34.11:192][  0]Cmd: MAP CHECKDEP
[2015.04.14-11.34.11:193][  0]MapCheck: New page: Minimal_Default - Apr 14, 2015, 3:34:11 PM
[2015.04.14-11.34.11:252][  0]MapCheck: Info Map check complete: 0 Error(s), 0 Warning(s), took 60.074ms to complete.
[2015.04.14-11.34.11:252][  0]LogFileHelpers: Loading map 'Minimal_Default' took 0.815
[2015.04.14-11.34.11:501][  0]LogCollectionManager: Loaded 0 collections in 0.001534 seconds
[2015.04.14-11.34.11:510][  0]LogContentBrowser: Native class hierarchy populated in 0.0084 seconds. Added 1696 classes and 261 folders.
[2015.04.14-11.34.11:553][  0]LogContentBrowser: Native class hierarchy updated for 'SceneOutliner' in 0.0017 seconds. Added 1 classes and 2 folders.
[2015.04.14-11.34.11:624][  0]LogCrashTracker: Crashtracker disabled due to settings.
[2015.04.14-11.34.11:628][  0]LogSlate:Warning: Failed to load font data from 'Veranda'
[2015.04.14-11.34.11:637][  0]LogUObjectGlobals:Warning: Failed to find object 'Class None.'
[2015.04.14-11.34.11:663][  0]LogLoad: Full Startup: 14.55 seconds (BP compile: 0.07 seconds)
[2015.04.14-11.34.12:141][  0]LogContentBrowser:Verbose: The content browser source was changed by the sources view to '/Game/StarterContent/Textures'
[2015.04.14-11.34.12:353][  0]LogRenderer:Warning: Reallocating scene render targets to support 1208x576 (Frame:2).
[2015.04.14-11.34.14:845][  8]LogAssetRegistry: Asset discovery search completed in 5.7348 seconds
[2015.04.14-11.34.20:620][ 29]LogContentBrowser:Verbose: The content browser source was changed by the sources view to '/Game/StarterContent/ODSTCharacter'
[2015.04.14-11.34.22:922][280]LogSynthBenchmark:Display: FSynthBenchmark (V0.95):  requested WorkScale=1.00
[2015.04.14-11.34.22:922][280]LogSynthBenchmark:Display: ===============
[2015.04.14-11.34.22:922][280]LogSynthBenchmark:Display: Main Processor:
[2015.04.14-11.34.22:957][280]LogSynthBenchmark:Display:          ... 0.016313 s/Run 'RayIntersect'
[2015.04.14-11.34.22:957][280]LogSynthBenchmark:Display:          ... 0.019015 s/Run 'Fractal'
[2015.04.14-11.34.22:957][280]LogSynthBenchmark:Display: 
[2015.04.14-11.34.22:957][280]LogSynthBenchmark:Display:   CompiledTarget_x_Bits: 64
[2015.04.14-11.34.22:957][280]LogSynthBenchmark:Display:   UE_BUILD_SHIPPING: 0
[2015.04.14-11.34.22:957][280]LogSynthBenchmark:Display:   UE_BUILD_TEST: 0
[2015.04.14-11.34.22:957][280]LogSynthBenchmark:Display:   UE_BUILD_DEBUG: 0
[2015.04.14-11.34.22:957][280]LogSynthBenchmark:Display:   TotalPhysicalGBRam: 16
[2015.04.14-11.34.22:957][280]LogSynthBenchmark:Display:   NumberOfCores (physical): 4
[2015.04.14-11.34.22:957][280]LogSynthBenchmark:Display:   NumberOfCores (logical): 8
[2015.04.14-11.34.22:957][280]LogSynthBenchmark:Display:   CPU Perf Index 0: 157.0
[2015.04.14-11.34.22:957][280]LogSynthBenchmark:Display:   CPU Perf Index 1: 150.4
[2015.04.14-11.34.22:957][280]LogSynthBenchmark:Display:  
[2015.04.14-11.34.22:957][280]LogSynthBenchmark:Display: Graphics:
[2015.04.14-11.34.22:957][280]LogSynthBenchmark:Display:   Adapter Name: 'NVIDIA GeForce GTX 770'
[2015.04.14-11.34.22:957][280]LogSynthBenchmark:Display:   (On Optimus the name might be wrong, memory should be ok)
[2015.04.14-11.34.22:957][280]LogSynthBenchmark:Display:   Vendor Id: 0x10de
[2015.04.14-11.34.22:957][280]LogSynthBenchmark:Display:   GPU Memory: 1988/0/2049 MB
[2015.04.14-11.34.22:957][280]LogSynthBenchmark:Display:   CPUIndex: 157.0
[2015.04.14-11.34.22:957][280]LogSynthBenchmark:Display:   GPUIndex: -1.$
[2015.04.14-11.34.22:957][280]LogSynthBenchmark:Display: 
[2015.04.14-11.34.22:957][280]LogSynthBenchmark:Display:          ... Total Time: 0.035495 sec
[2015.04.14-11.34.23:432][336]LogContentBrowser:Verbose: The content browser source was changed by the sources view to '/Game/StarterContent/Materials'
[2015.04.14-11.34.23:930][370]LogContentBrowser:Verbose: The content browser source was changed by the sources view to '/Game/StarterContent/ODSTCharacter'
[2015.04.14-11.34.26:950][728]LogContentBrowser:Verbose: The content browser source was changed by the sources view to '/Game/StarterContent/addonsPackages'
[2015.04.14-11.34.28:484][911]LogContentBrowser:Verbose: The content browser source was changed by the sources view to '/Game/StarterContent/Architecture'
[2015.04.14-11.34.28:927][959]LogContentBrowser:Verbose: The content browser source was changed by the sources view to '/Game/StarterContent/addonsPackages'
[2015.04.14-11.34.30:046][ 93]LogContentBrowser:Verbose: The content browser source was changed by the sources view to '/Game/StarterContent'
[2015.04.14-11.34.31:002][207]LogContentBrowser:Verbose: The content browser source was changed by the sources view to '/Game/StarterContent/addonsPackages'
[2015.04.14-11.34.31:819][305]LogContentBrowser:Verbose: The content browser source was changed by the sources view to '/Game/StarterContent/ODSTCharacter'
[2015.04.14-11.34.37:148][944]LogContentBrowser:Verbose: The content browser source was changed by the sources view to '/Game/StarterContent/ODSTCharacter/Character'
[2015.04.14-11.34.39:886][256]LogLinker:Warning: Can't find file '/Game/ODSTCharacter/Animation/falling_idle_3'
[2015.04.14-11.34.39:886][256]LogLinker:Warning: Can't find file for asset '/Game/ODSTCharacter/Animation/falling_idle_3' while loading ../../../../../../Users/admin/Documents/GitHub/SpaceGame/Content/StarterContent/ODSTCharacter/Character/ODST_Anim_Blueprint.uasset.
[2015.04.14-11.34.39:886][256]LoadErrors:Error: Error /Game/StarterContent/ODSTCharacter/Character/ODST_Anim_Blueprint : Can't find file for asset. /Game/ODSTCharacter/Animation/falling_idle_3
[2015.04.14-11.34.39:886][256]LogLinker:Warning: Can't find file '/Game/ODSTCharacter/Animation/Idle_Rifle_Hip_Break1_Copy'
[2015.04.14-11.34.39:886][256]LogLinker:Warning: Can't find file for asset '/Game/ODSTCharacter/Animation/Idle_Rifle_Hip_Break1_Copy' while loading ../../../../../../Users/admin/Documents/GitHub/SpaceGame/Content/StarterContent/ODSTCharacter/Character/ODST_Anim_Blueprint.uasset.
[2015.04.14-11.34.39:886][256]LoadErrors:Error: Error /Game/StarterContent/ODSTCharacter/Character/ODST_Anim_Blueprint : Can't find file for asset. /Game/ODSTCharacter/Animation/Idle_Rifle_Hip_Break1_Copy
[2015.04.14-11.34.39:886][256]LogLinker:Warning: Can't find file '/Game/ODSTCharacter/Animation/Jump_From_Jog_Copy'
[2015.04.14-11.34.39:887][256]LogLinker:Warning: Can't find file for asset '/Game/ODSTCharacter/Animation/Jump_From_Jog_Copy' while loading ../../../../../../Users/admin/Documents/GitHub/SpaceGame/Content/StarterContent/ODSTCharacter/Character/ODST_Anim_Blueprint.uasset.
[2015.04.14-11.34.39:887][256]LoadErrors:Error: Error /Game/StarterContent/ODSTCharacter/Character/ODST_Anim_Blueprint : Can't find file for asset. /Game/ODSTCharacter/Animation/Jump_From_Jog_Copy
[2015.04.14-11.34.39:887][256]LogLinker:Warning: Can't find file '/Game/ODSTCharacter/Animation/jumping_down_2'
[2015.04.14-11.34.39:887][256]LogLinker:Warning: Can't find file for asset '/Game/ODSTCharacter/Animation/jumping_down_2' while loading ../../../../../../Users/admin/Documents/GitHub/SpaceGame/Content/StarterContent/ODSTCharacter/Character/ODST_Anim_Blueprint.uasset.
[2015.04.14-11.34.39:887][256]LoadErrors:Error: Error /Game/StarterContent/ODSTCharacter/Character/ODST_Anim_Blueprint : Can't find file for asset. /Game/ODSTCharacter/Animation/jumping_down_2
[2015.04.14-11.34.39:887][256]LogLinker:Warning: Can't find file '/Game/ODSTCharacter/Animation/jumping_up_2'
[2015.04.14-11.34.39:887][256]LogLinker:Warning: Can't find file for asset '/Game/ODSTCharacter/Animation/jumping_up_2' while loading ../../../../../../Users/admin/Documents/GitHub/SpaceGame/Content/StarterContent/ODSTCharacter/Character/ODST_Anim_Blueprint.uasset.
[2015.04.14-11.34.39:887][256]LoadErrors:Error: Error /Game/StarterContent/ODSTCharacter/Character/ODST_Anim_Blueprint : Can't find file for asset. /Game/ODSTCharacter/Animation/jumping_up_2
[2015.04.14-11.34.39:889][256]LogLinker:Warning: Can't find file '/Game/ODSTCharacter/Idle_Walk_Run'
[2015.04.14-11.34.39:889][256]LogLinker:Warning: Can't find file for asset '/Game/ODSTCharacter/Idle_Walk_Run' while loading ../../../../../../Users/admin/Documents/GitHub/SpaceGame/Content/StarterContent/ODSTCharacter/Character/ODST_Anim_Blueprint.uasset.
[2015.04.14-11.34.39:889][256]LoadErrors:Error: Error /Game/StarterContent/ODSTCharacter/Character/ODST_Anim_Blueprint : Can't find file for asset. /Game/ODSTCharacter/Idle_Walk_Run
[2015.04.14-11.34.39:892][256]LogLinker:Warning: Can't find file '/Game/ODSTCharacter/Animation/falling_idle_3'
[2015.04.14-11.34.39:892][256]LogLinker:Warning: Can't find file for asset '/Game/ODSTCharacter/Animation/falling_idle_3' while loading ../../../../../../Users/admin/Documents/GitHub/SpaceGame/Content/StarterContent/ODSTCharacter/Character/ODST_Anim_Blueprint.uasset.
[2015.04.14-11.34.39:892][256]LogLinker:Warning: Can't find file '/Game/ODSTCharacter/Animation/Idle_Rifle_Hip_Break1_Copy'
[2015.04.14-11.34.39:893][256]LogLinker:Warning: Can't find file for asset '/Game/ODSTCharacter/Animation/Idle_Rifle_Hip_Break1_Copy' while loading ../../../../../../Users/admin/Documents/GitHub/SpaceGame/Content/StarterContent/ODSTCharacter/Character/ODST_Anim_Blueprint.uasset.
[2015.04.14-11.34.39:893][256]LogLinker:Warning: Can't find file '/Game/ODSTCharacter/Animation/Jump_From_Jog_Copy'
[2015.04.14-11.34.39:893][256]LogLinker:Warning: Can't find file for asset '/Game/ODSTCharacter/Animation/Jump_From_Jog_Copy' while loading ../../../../../../Users/admin/Documents/GitHub/SpaceGame/Content/StarterContent/ODSTCharacter/Character/ODST_Anim_Blueprint.uasset.
[2015.04.14-11.34.39:893][256]LogLinker:Warning: Can't find file '/Game/ODSTCharacter/Animation/jumping_down_2'
[2015.04.14-11.34.39:893][256]LogLinker:Warning: Can't find file for asset '/Game/ODSTCharacter/Animation/jumping_down_2' while loading ../../../../../../Users/admin/Documents/GitHub/SpaceGame/Content/StarterContent/ODSTCharacter/Character/ODST_Anim_Blueprint.uasset.
[2015.04.14-11.34.39:894][256]LogLinker:Warning: Can't find file '/Game/ODSTCharacter/Animation/jumping_up_2'
[2015.04.14-11.34.39:894][256]LogLinker:Warning: Can't find file for asset '/Game/ODSTCharacter/Animation/jumping_up_2' while loading ../../../../../../Users/admin/Documents/GitHub/SpaceGame/Content/StarterContent/ODSTCharacter/Character/ODST_Anim_Blueprint.uasset.
[2015.04.14-11.34.39:894][256]LogLinker:Warning: Can't find file '/Game/ODSTCharacter/Character/ODST_Skeleton'
[2015.04.14-11.34.39:894][256]LogLinker:Warning: Can't find file for asset '/Game/ODSTCharacter/Character/ODST_Skeleton' while loading ../../../../../../Users/admin/Documents/GitHub/SpaceGame/Content/StarterContent/ODSTCharacter/Character/ODST_Anim_Blueprint.uasset.
[2015.04.14-11.34.39:894][256]LoadErrors:Error: Error /Game/StarterContent/ODSTCharacter/Character/ODST_Anim_Blueprint : Can't find file for asset. /Game/ODSTCharacter/Character/ODST_Skeleton
[2015.04.14-11.34.39:894][256]LogLinker:Warning: Can't find file '/Game/ODSTCharacter/Idle_Walk_Run'
[2015.04.14-11.34.39:894][256]LogLinker:Warning: Can't find file for asset '/Game/ODSTCharacter/Idle_Walk_Run' while loading ../../../../../../Users/admin/Documents/GitHub/SpaceGame/Content/StarterContent/ODSTCharacter/Character/ODST_Anim_Blueprint.uasset.
[2015.04.14-11.34.39:895][256]LogLinker:Warning: Can't find file '/Game/ODSTCharacter/Character/ODST_Skeleton'
[2015.04.14-11.34.39:895][256]LogLinker:Warning: Can't find file for asset '/Game/ODSTCharacter/Character/ODST_Skeleton' while loading ../../../../../../Users/admin/Documents/GitHub/SpaceGame/Content/StarterContent/ODSTCharacter/Character/ODST_Anim_Blueprint.uasset.
[2015.04.14-11.34.39:896][256]LogLinker:Warning: Can't find file '/Game/ODSTCharacter/Character/ODST_Skeleton'
[2015.04.14-11.34.39:896][256]LoadErrors: Info Failed to load /Game/ODSTCharacter/Character/ODST_Skeleton.ODST_Skeleton Referenced by ODST_Anim_Blueprint_C
[2015.04.14-11.34.39:896][256]LogLinker:Warning: Can't find file for asset '/Game/ODSTCharacter/Character/ODST_Skeleton' while loading NULL.
[2015.04.14-11.34.39:899][256]LogLinker:Warning: Can't find file '/Game/ODSTCharacter/Animation/falling_idle_3'
[2015.04.14-11.34.39:899][256]LogLinker:Warning: Can't find file for asset '/Game/ODSTCharacter/Animation/falling_idle_3' while loading NULL.
[2015.04.14-11.34.39:899][256]LogLinker:Warning: Can't find file '/Game/ODSTCharacter/Animation/Idle_Rifle_Hip_Break1_Copy'
[2015.04.14-11.34.39:900][256]LogLinker:Warning: Can't find file for asset '/Game/ODSTCharacter/Animation/Idle_Rifle_Hip_Break1_Copy' while loading NULL.
[2015.04.14-11.34.39:900][256]LogLinker:Warning: Can't find file '/Game/ODSTCharacter/Animation/Jump_From_Jog_Copy'
[2015.04.14-11.34.39:900][256]LogLinker:Warning: Can't find file for asset '/Game/ODSTCharacter/Animation/Jump_From_Jog_Copy' while loading NULL.
[2015.04.14-11.34.39:900][256]LogLinker:Warning: Can't find file '/Game/ODSTCharacter/Animation/jumping_down_2'
[2015.04.14-11.34.39:900][256]LogLinker:Warning: Can't find file for asset '/Game/ODSTCharacter/Animation/jumping_down_2' while loading NULL.
[2015.04.14-11.34.39:900][256]LogLinker:Warning: Can't find file '/Game/ODSTCharacter/Animation/jumping_up_2'
[2015.04.14-11.34.39:900][256]LogLinker:Warning: Can't find file for asset '/Game/ODSTCharacter/Animation/jumping_up_2' while loading NULL.
[2015.04.14-11.34.39:901][256]LogLinker:Warning: Can't find file '/Game/ODSTCharacter/Idle_Walk_Run'
[2015.04.14-11.34.39:901][256]LogLinker:Warning: Can't find file for asset '/Game/ODSTCharacter/Idle_Walk_Run' while loading NULL.
[2015.04.14-11.34.39:901][256]LogLinker:Warning: Can't find file '/Game/ODSTCharacter/Animation/falling_idle_3'
[2015.04.14-11.34.39:901][256]LogLinker:Warning: Can't find file for asset '/Game/ODSTCharacter/Animation/falling_idle_3' while loading NULL.
[2015.04.14-11.34.39:901][256]LogLinker:Warning: Can't find file '/Game/ODSTCharacter/Animation/Idle_Rifle_Hip_Break1_Copy'
[2015.04.14-11.34.39:901][256]LogLinker:Warning: Can't find file for asset '/Game/ODSTCharacter/Animation/Idle_Rifle_Hip_Break1_Copy' while loading NULL.
[2015.04.14-11.34.39:901][256]LogLinker:Warning: Can't find file '/Game/ODSTCharacter/Animation/Jump_From_Jog_Copy'
[2015.04.14-11.34.39:901][256]LogLinker:Warning: Can't find file for asset '/Game/ODSTCharacter/Animation/Jump_From_Jog_Copy' while loading NULL.
[2015.04.14-11.34.39:902][256]LogLinker:Warning: Can't find file '/Game/ODSTCharacter/Animation/jumping_down_2'
[2015.04.14-11.34.39:902][256]LogLinker:Warning: Can't find file for asset '/Game/ODSTCharacter/Animation/jumping_down_2' while loading NULL.
[2015.04.14-11.34.39:902][256]LogLinker:Warning: Can't find file '/Game/ODSTCharacter/Animation/jumping_up_2'
[2015.04.14-11.34.39:902][256]LogLinker:Warning: Can't find file for asset '/Game/ODSTCharacter/Animation/jumping_up_2' while loading NULL.
[2015.04.14-11.34.39:902][256]LogLinker:Warning: Can't find file '/Game/ODSTCharacter/Character/ODST_Skeleton'
[2015.04.14-11.34.39:902][256]LogLinker:Warning: Can't find file for asset '/Game/ODSTCharacter/Character/ODST_Skeleton' while loading NULL.
[2015.04.14-11.34.39:902][256]LogLinker:Warning: Can't find file '/Game/ODSTCharacter/Idle_Walk_Run'
[2015.04.14-11.34.39:902][256]LogLinker:Warning: Can't find file for asset '/Game/ODSTCharacter/Idle_Walk_Run' while loading NULL.
[2015.04.14-11.34.39:903][256]LogLinker:Warning: Can't find file '/Game/ODSTCharacter/Character/ODST_Skeleton'
[2015.04.14-11.34.39:903][256]LogLinker:Warning: Can't find file for asset '/Game/ODSTCharacter/Character/ODST_Skeleton' while loading NULL.
[2015.04.14-11.34.39:903][256]LogLinker:Warning: Can't find file '/Game/ODSTCharacter/Animation/Jump_From_Jog_Copy'
[2015.04.14-11.34.39:903][256]LogLinker:Warning: Can't find file for asset '/Game/ODSTCharacter/Animation/Jump_From_Jog_Copy' while loading NULL.
[2015.04.14-11.34.39:903][256]LogLinker:Warning: Can't find file '/Game/ODSTCharacter/Animation/jumping_down_2'
[2015.04.14-11.34.39:903][256]LogLinker:Warning: Can't find file for asset '/Game/ODSTCharacter/Animation/jumping_down_2' while loading NULL.
[2015.04.14-11.34.39:903][256]LogLinker:Warning: Can't find file '/Game/ODSTCharacter/Animation/falling_idle_3'
[2015.04.14-11.34.39:904][256]LogLinker:Warning: Can't find file for asset '/Game/ODSTCharacter/Animation/falling_idle_3' while loading NULL.
[2015.04.14-11.34.39:904][256]LogLinker:Warning: Can't find file '/Game/ODSTCharacter/Animation/jumping_up_2'
[2015.04.14-11.34.39:904][256]LogLinker:Warning: Can't find file for asset '/Game/ODSTCharacter/Animation/jumping_up_2' while loading NULL.
[2015.04.14-11.34.39:904][256]LogLinker:Warning: Can't find file '/Game/ODSTCharacter/Animation/Idle_Rifle_Hip_Break1_Copy'
[2015.04.14-11.34.39:904][256]LogLinker:Warning: Can't find file for asset '/Game/ODSTCharacter/Animation/Idle_Rifle_Hip_Break1_Copy' while loading NULL.
[2015.04.14-11.34.39:904][256]LogLinker:Warning: Can't find file '/Game/ODSTCharacter/Idle_Walk_Run'
[2015.04.14-11.34.39:904][256]LogLinker:Warning: Can't find file for asset '/Game/ODSTCharacter/Idle_Walk_Run' while loading NULL.
[2015.04.14-11.34.39:905][256]LogLinker:Warning: Can't find file '/Game/ODSTCharacter/Character/ODST_Skeleton'
[2015.04.14-11.34.39:905][256]LoadErrors: Info Failed to load /Game/ODSTCharacter/Character/ODST_Skeleton.ODST_Skeleton Referenced by ODST_Anim_Blueprint
[2015.04.14-11.34.39:905][256]LogLinker:Warning: Can't find file for asset '/Game/ODSTCharacter/Character/ODST_Skeleton' while loading NULL.
[2015.04.14-11.34.39:910][256]LogLinker:Warning: Can't find file '/Game/ODSTCharacter/Idle_Walk_Run'
[2015.04.14-11.34.39:910][256]LoadErrors: Info Failed to load /Game/ODSTCharacter/Idle_Walk_Run.Idle_Walk_Run Referenced by AnimGraphNode_BlendSpacePlayer_75
[2015.04.14-11.34.39:910][256]LogLinker:Warning: Can't find file for asset '/Game/ODSTCharacter/Idle_Walk_Run' while loading NULL.
[2015.04.14-11.34.39:911][256]LogLinker:Warning: Can't find file '/Game/ODSTCharacter/Animation/Idle_Rifle_Hip_Break1_Copy'
[2015.04.14-11.34.39:911][256]LoadErrors: Info Failed to load /Game/ODSTCharacter/Animation/Idle_Rifle_Hip_Break1_Copy.Idle_Rifle_Hip_Break1_Copy Referenced by AnimGraphNode_SequencePlayer_355
[2015.04.14-11.34.39:911][256]LogLinker:Warning: Can't find file for asset '/Game/ODSTCharacter/Animation/Idle_Rifle_Hip_Break1_Copy' while loading NULL.
[2015.04.14-11.34.39:914][256]LogLinker:Warning: Can't find file '/Game/ODSTCharacter/Animation/jumping_up_2'
[2015.04.14-11.34.39:914][256]LoadErrors: Info Failed to load /Game/ODSTCharacter/Animation/jumping_up_2.jumping_up_2 Referenced by AnimGraphNode_SequencePlayer_215
[2015.04.14-11.34.39:914][256]LogLinker:Warning: Can't find file for asset '/Game/ODSTCharacter/Animation/jumping_up_2' while loading NULL.
[2015.04.14-11.34.39:915][256]LogLinker:Warning: Can't find file '/Game/ODSTCharacter/Animation/falling_idle_3'
[2015.04.14-11.34.39:915][256]LoadErrors: Info Failed to load /Game/ODSTCharacter/Animation/falling_idle_3.falling_idle_3 Referenced by AnimGraphNode_SequencePlayer_250
[2015.04.14-11.34.39:915][256]LogLinker:Warning: Can't find file for asset '/Game/ODSTCharacter/Animation/falling_idle_3' while loading NULL.
[2015.04.14-11.34.39:917][256]LogLinker:Warning: Can't find file '/Game/ODSTCharacter/Animation/jumping_down_2'
[2015.04.14-11.34.39:917][256]LoadErrors: Info Failed to load /Game/ODSTCharacter/Animation/jumping_down_2.jumping_down_2 Referenced by AnimGraphNode_SequencePlayer_294
[2015.04.14-11.34.39:917][256]LogLinker:Warning: Can't find file for asset '/Game/ODSTCharacter/Animation/jumping_down_2' while loading NULL.
[2015.04.14-11.34.39:919][256]LogLinker:Warning: Can't find file '/Game/ODSTCharacter/Animation/Jump_From_Jog_Copy'
[2015.04.14-11.34.39:919][256]LoadErrors: Info Failed to load /Game/ODSTCharacter/Animation/Jump_From_Jog_Copy.Jump_From_Jog_Copy Referenced by AnimGraphNode_SequencePlayer_416
[2015.04.14-11.34.39:919][256]LogLinker:Warning: Can't find file for asset '/Game/ODSTCharacter/Animation/Jump_From_Jog_Copy' while loading NULL.
[2015.04.14-11.34.40:049][256]LogBlueprint:Error: [compiler] Error  Blendspace Player '(None)'  references an unknown blend space
[2015.04.14-11.34.40:050][256]LogBlueprint:Error: [compiler] Error  Play (None)  references an unknown sequence
[2015.04.14-11.34.40:050][256]LogBlueprint:Error: [compiler] Error  Play (None)  references an unknown sequence
[2015.04.14-11.34.40:050][256]LogBlueprint:Error: [compiler] Error  Play (None)  references an unknown sequence
[2015.04.14-11.34.40:051][256]LogBlueprint:Error: [compiler] Error  Play (None)  references an unknown sequence
[2015.04.14-11.34.40:051][256]LogBlueprint:Error: [compiler] Error  Play (None)  references an unknown sequence
[2015.04.14-11.34.40:060][256]LogBlueprint:Error: [compiler] Error ICE: Player node  Play (None)  was not processed prior to handling a transition getter  K2Node_TransitionRuleGetter  that used it
[2015.04.14-11.34.40:063][256]LogBlueprint:Error: [compiler] Error ICE: Player node  Play (None)  was not processed prior to handling a transition getter  K2Node_TransitionRuleGetter  that used it
[2015.04.14-11.34.40:065][256]LogBlueprint:Error: [compiler] Error ICE: Player node  Play (None)  was not processed prior to handling a transition getter  K2Node_TransitionRuleGetter  that used it
[2015.04.14-11.34.40:109][256]LogBlueprint:Warning: [compiler] Warning [0043.00] Compile of ODST_Anim_Blueprint failed. 9 Fatal Issue(s) 0 Warning(s) [in 98 ms]
[2015.04.14-11.34.40:109][256]LogBlueprint:Warning: [compiler] Warning [0043.00] Compile of ODST_Anim_Blueprint failed. 9 Fatal Issue(s) 1 Warning(s) [in 0 ms]
[2015.04.14-11.34.40:109][256]LogBlueprint:Warning: [compiler] Warning [0043.00] Compile of ODST_Anim_Blueprint failed. 9 Fatal Issue(s) 2 Warning(s) [in 0 ms]
[2015.04.14-11.34.40:109][256]LogBlueprint:Warning: [compiler] Warning [0043.00] Compile of ODST_Anim_Blueprint failed. 9 Fatal Issue(s) 3 Warning(s) [in 0 ms]
[2015.04.14-11.35.21:054][475]LogLinker:Warning: Asset '../../../Engine/Content/EngineMeshes/Humanoid.uasset' has been saved with empty engine version. The asset will be loaded but may be incompatible.
[2015.04.14-11.35.21:056][475]LogLinker:Warning: Can't find file '/Game/ODSTCharacter/Character/ODST'
[2015.04.14-11.35.21:056][475]LogLinker:Warning: Can't find file '/Game/ODSTCharacter/Character/ODST'
[2015.04.14-11.35.21:056][475]LogUObjectGlobals:Warning: Failed to find object 'SkeletalMesh /Game/ODSTCharacter/Character/ODST.ODST'
[2015.04.14-11.35.22:545][652]LogLinker:Warning: Can't find file '/Game/ODSTCharacter/Character/ODST'
[2015.04.14-11.35.22:545][652]LogLinker:Warning: Can't find file '/Game/ODSTCharacter/Character/ODST'
[2015.04.14-11.35.22:545][652]LogUObjectGlobals:Warning: Failed to find object 'SkeletalMesh /Game/ODSTCharacter/Character/ODST.ODST'
[2015.04.14-11.35.27:307][157]LogContentBrowser:Verbose: The content browser source was changed by the sources view to '/Game/StarterContent/ODSTCharacter'
[2015.04.14-11.35.30:223][506]LogContentBrowser:Verbose: The content browser source was changed by the sources view to '/Game/StarterContent/addonsPackages'
[2015.04.14-11.35.31:241][628]LogContentBrowser:Verbose: The content browser source was changed by the sources view to '/Game/StarterContent/Architecture'
[2015.04.14-11.35.31:801][692]LogContentBrowser:Verbose: The content browser source was changed by the sources view to '/Game/StarterContent/Audio'
[2015.04.14-11.35.32:423][745]LogContentBrowser:Verbose: The content browser source was changed by the sources view to '/Game/StarterContent/HDRI'
[2015.04.14-11.35.33:081][822]LogContentBrowser:Verbose: The content browser source was changed by the sources view to '/Game/StarterContent/Maps'
[2015.04.14-11.35.33:616][885]LogContentBrowser:Verbose: The content browser source was changed by the sources view to '/Game/StarterContent/Materials'
[2015.04.14-11.35.34:348][957]LogContentBrowser:Verbose: The content browser source was changed by the sources view to '/Game/StarterContent/Particles'
[2015.04.14-11.35.35:026][ 35]LogContentBrowser:Verbose: The content browser source was changed by the sources view to '/Game/StarterContent/ODSTCharacter'
[2015.04.14-11.35.36:690][234]LogContentBrowser:Verbose: The content browser source was changed by the sources view to '/Game/StarterContent/ODSTCharacter/Character'
[2015.04.14-11.36.01:159][644]LogParticles: Destroying 0 GPU particle simulations for FXSystem 0x0000005C8351E2A0
[2015.04.14-11.36.01:159][644]LogParticles: Destroying 0 GPU particle simulations for FXSystem 0x0000005C8351DB20
[2015.04.14-11.36.01:159][644]LogParticles: Destroying 0 GPU particle simulations for FXSystem 0x0000005CE9334B80
[2015.04.14-11.36.01:159][644]LogParticles: Destroying 0 GPU particle simulations for FXSystem 0x0000005CE93342C0
[2015.04.14-11.36.01:159][644]LogParticles: Destroying 0 GPU particle simulations for FXSystem 0x0000005CE407C4A0
[2015.04.14-11.36.01:159][644]LogParticles: Destroying 0 GPU particle simulations for FXSystem 0x0000005CE407D9E0
[2015.04.14-11.36.05:061][967]LogContentBrowser:Verbose: The content browser source was changed by the sources view to '/Game/StarterContent/ODSTCharacter'
[2015.04.14-11.36.05:993][ 78]LogContentBrowser:Verbose: The content browser source was changed by the sources view to '/Game/StarterContent/ODSTCharacter/Animation'
[2015.04.14-11.36.09:872][510]LogLinker:Warning: Can't find file '/Game/ODSTCharacter/Animation/Aim_Space_Ironsights_Copy'
[2015.04.14-11.36.09:872][510]LogLinker:Warning: Can't find file for asset '/Game/ODSTCharacter/Animation/Aim_Space_Ironsights_Copy' while loading ../../../../../../Users/admin/Documents/GitHub/SpaceGame/Content/StarterContent/ODSTCharacter/Animation/Aim_Down.uasset.
[2015.04.14-11.36.09:872][510]LoadErrors:Error: Error /Game/StarterContent/ODSTCharacter/Animation/Aim_Down : Can't find file for asset. /Game/ODSTCharacter/Animation/Aim_Space_Ironsights_Copy
[2015.04.14-11.36.09:872][510]LogLinker:Warning: Can't find file '/Game/ODSTCharacter/Animation/Aim_Space_Ironsights_Copy'
[2015.04.14-11.36.09:873][510]LogLinker:Warning: Can't find file for asset '/Game/ODSTCharacter/Animation/Aim_Space_Ironsights_Copy' while loading ../../../../../../Users/admin/Documents/GitHub/SpaceGame/Content/StarterContent/ODSTCharacter/Animation/Aim_Down.uasset.
[2015.04.14-11.36.09:873][510]LogLinker:Warning: Can't find file '/Game/ODSTCharacter/Character/ODST_Skeleton'
[2015.04.14-11.36.09:873][510]LogLinker:Warning: Can't find file for asset '/Game/ODSTCharacter/Character/ODST_Skeleton' while loading ../../../../../../Users/admin/Documents/GitHub/SpaceGame/Content/StarterContent/ODSTCharacter/Animation/Aim_Down.uasset.
[2015.04.14-11.36.09:873][510]LoadErrors:Error: Error /Game/StarterContent/ODSTCharacter/Animation/Aim_Down : Can't find file for asset. /Game/ODSTCharacter/Character/ODST_Skeleton
[2015.04.14-11.36.09:873][510]LogLinker:Warning: Can't find file '/Game/ODSTCharacter/Character/ODST_Skeleton'
[2015.04.14-11.36.09:873][510]LogLinker:Warning: Can't find file for asset '/Game/ODSTCharacter/Character/ODST_Skeleton' while loading ../../../../../../Users/admin/Documents/GitHub/SpaceGame/Content/StarterContent/ODSTCharacter/Animation/Aim_Down.uasset.
[2015.04.14-11.36.09:876][510]LogLinker:Warning: Can't find file '/Game/ODSTCharacter/Animation/Aim_Space_Ironsights_Copy'
[2015.04.14-11.36.09:876][510]LoadErrors: Info Failed to load /Game/ODSTCharacter/Animation/Aim_Space_Ironsights_Copy.Aim_Space_Ironsights_Copy Referenced by Aim_Down
[2015.04.14-11.36.09:876][510]LogLinker:Warning: Can't find file for asset '/Game/ODSTCharacter/Animation/Aim_Space_Ironsights_Copy' while loading NULL.
[2015.04.14-11.36.09:876][510]LogLinker:Warning: Can't find file '/Game/ODSTCharacter/Character/ODST_Skeleton'
[2015.04.14-11.36.09:876][510]LoadErrors: Info Failed to load /Game/ODSTCharacter/Character/ODST_Skeleton.ODST_Skeleton Referenced by Aim_Down
[2015.04.14-11.36.09:877][510]LogLinker:Warning: Can't find file for asset '/Game/ODSTCharacter/Character/ODST_Skeleton' while loading NULL.
[2015.04.14-11.36.25:760][781]LogLinker:Warning: Can't find file '/Game/ODSTCharacter/Character/ODST'
[2015.04.14-11.36.25:760][781]LogLinker:Warning: Can't find file '/Game/ODSTCharacter/Character/ODST'
[2015.04.14-11.36.25:760][781]LogUObjectGlobals:Warning: Failed to find object 'SkeletalMesh /Game/ODSTCharacter/Character/ODST.ODST'
[2015.04.14-11.36.26:695][886]LogLinker:Warning: Can't find file '/Game/ODSTCharacter/Character/ODST'
[2015.04.14-11.36.26:695][886]LogLinker:Warning: Can't find file '/Game/ODSTCharacter/Character/ODST'
[2015.04.14-11.36.26:696][886]LogUObjectGlobals:Warning: Failed to find object 'SkeletalMesh /Game/ODSTCharacter/Character/ODST.ODST'
[2015.04.14-11.36.36:046][297]LogContentBrowser:Verbose: The content browser source was changed by the sources view to 'None'
[2015.04.14-11.36.37:443][444]LogContentBrowser:Verbose: The content browser source was changed by the sources view to '/Game/StarterContent/ODSTCharacter/Animation'
[2015.04.14-11.36.38:367][523]LogContentBrowser:Verbose: The content browser source was changed by the sources view to '/Game/StarterContent/ODSTCharacter/Character'
[2015.04.14-11.36.41:100][844]LogContentBrowser:Verbose: The content browser source was changed by the sources view to '/Game/StarterContent/ODSTCharacter/Animation'
[2015.04.14-11.36.46:545][445]LogParticles: Destroying 0 GPU particle simulations for FXSystem 0x0000005CFFAE9DA0
[2015.04.14-11.36.46:610][445]LogParticles: Destroying 0 GPU particle simulations for FXSystem 0x0000005CFFAE94E0
[2015.04.14-11.36.46:979][446]Cmd: QUIT_EDITOR
[2015.04.14-11.36.47:174][446]LogExit: Preparing to exit.
[2015.04.14-11.36.48:119][446]LogExit: Editor shut down
[2015.04.14-11.36.48:119][446]LogExit: Transaction tracking system shut down
[2015.04.14-11.36.48:121][446]LogParticles: Destroying 0 GPU particle simulations for FXSystem 0x0000005CE90CA0C0
[2015.04.14-11.36.48:121][446]LogParticles: Destroying 0 GPU particle simulations for FXSystem 0x0000005CF7E0B6A0
[2015.04.14-11.36.48:122][446]LogParticles: Destroying 0 GPU particle simulations for FXSystem 0x0000005C8351F1A0
[2015.04.14-11.36.48:122][446]LogParticles: Destroying 0 GPU particle simulations for FXSystem 0x0000005CF9B40B80
[2015.04.14-11.36.48:122][446]LogParticles: Destroying 0 GPU particle simulations for FXSystem 0x0000005CFFAEB600
[2015.04.14-11.36.48:122][446]LogParticles: Destroying 0 GPU particle simulations for FXSystem 0x0000005CEB447880
[2015.04.14-11.36.48:184][446]LogExit: Object subsystem successfully closed.
[2015.04.14-11.36.48:230][446]LogModuleManager: Shutting down and abandoning module SynthBenchmark (178)
[2015.04.14-11.36.48:230][446]LogModuleManager: Shutting down and abandoning module CrashTracker (177)
[2015.04.14-11.36.48:230][446]LogModuleManager: Shutting down and abandoning module SuperSearch (176)
[2015.04.14-11.36.48:230][446]LogModuleManager: Shutting down and abandoning module SceneOutliner (175)
[2015.04.14-11.36.48:230][446]LogModuleManager: Shutting down and abandoning module EditorWidgets (174)
[2015.04.14-11.36.48:230][446]LogModuleManager: Shutting down and abandoning module CollectionManager (173)
[2015.04.14-11.36.48:230][446]LogModuleManager: Shutting down and abandoning module StatsViewer (172)
[2015.04.14-11.36.48:230][446]LogModuleManager: Shutting down and abandoning module FoliageEdit (171)
[2015.04.14-11.36.48:230][446]LogModuleManager: Shutting down and abandoning module LandscapeEditor (170)
[2015.04.14-11.36.48:231][446]LogModuleManager: Shutting down and abandoning module MeshPaint (169)
[2015.04.14-11.36.48:231][446]LogModuleManager: Shutting down and abandoning module ActorPickerMode (168)
[2015.04.14-11.36.48:231][446]LogModuleManager: Shutting down and abandoning module GeometryMode (167)
[2015.04.14-11.36.48:231][446]LogModuleManager: Shutting down and abandoning module TextureAlignMode (166)
[2015.04.14-11.36.48:231][446]LogModuleManager: Shutting down and abandoning module BspMode (165)
[2015.04.14-11.36.48:231][446]LogModuleManager: Shutting down and abandoning module PlacementMode (164)
[2015.04.14-11.36.48:231][446]LogModuleManager: Shutting down and abandoning module AutomationWorker (163)
[2015.04.14-11.36.48:231][446]LogModuleManager: Shutting down and abandoning module CharacterAI (162)
[2015.04.14-11.36.48:231][446]LogModuleManager: Shutting down and abandoning module SmartSnapping (161)
[2015.04.14-11.36.48:231][446]LogModuleManager: Shutting down and abandoning module ViewportSnapping (160)
[2015.04.14-11.36.48:231][446]LogModuleManager: Shutting down and abandoning module LogVisualizer (159)
[2015.04.14-11.36.48:231][446]LogModuleManager: Shutting down and abandoning module GameProjectGeneration (158)
[2015.04.14-11.36.48:231][446]LogModuleManager: Shutting down and abandoning module IntroTutorials (157)
[2015.04.14-11.36.48:232][446]LogModuleManager: Shutting down and abandoning module EditorLiveStreaming (156)
[2015.04.14-11.36.48:232][446]LogModuleManager: Shutting down and abandoning module HardwareTargeting (155)
[2015.04.14-11.36.48:232][446]LogModuleManager: Shutting down and abandoning module DeviceProfileEditor (154)
[2015.04.14-11.36.48:232][446]LogModuleManager: Shutting down and abandoning module UndoHistory (153)
[2015.04.14-11.36.48:232][446]LogModuleManager: Shutting down and abandoning module GameplayTagsEditor (152)
[2015.04.14-11.36.48:232][446]LogModuleManager: Shutting down and abandoning module UserFeedback (151)
[2015.04.14-11.36.48:232][446]LogModuleManager: Shutting down and abandoning module XmlParser (150)
[2015.04.14-11.36.48:232][446]LogModuleManager: Shutting down and abandoning module Blutility (149)
[2015.04.14-11.36.48:232][446]LogModuleManager: Shutting down and abandoning module IOSPlatformEditor (148)
[2015.04.14-11.36.48:232][446]LogModuleManager: Shutting down and abandoning module IOSRuntimeSettings (147)
[2015.04.14-11.36.48:232][446]LogModuleManager: Shutting down and abandoning module AndroidDeviceDetection (146)
[2015.04.14-11.36.49:004][446]LogModuleManager: Shutting down and abandoning module AndroidPlatformEditor (145)
[2015.04.14-11.36.49:004][446]LogModuleManager: Shutting down and abandoning module AndroidRuntimeSettings (144)
[2015.04.14-11.36.49:004][446]LogModuleManager: Shutting down and abandoning module ProjectTargetPlatformEditor (143)
[2015.04.14-11.36.49:004][446]LogModuleManager: Shutting down and abandoning module ProjectSettingsViewer (142)
[2015.04.14-11.36.49:004][446]LogModuleManager: Shutting down and abandoning module InputBindingEditor (141)
[2015.04.14-11.36.49:007][446]LogModuleManager: Shutting down and abandoning module EditorSettingsViewer (140)
[2015.04.14-11.36.49:007][446]LogModuleManager: Shutting down and abandoning module SettingsEditor (139)
[2015.04.14-11.36.49:009][446]LogModuleManager: Shutting down and abandoning module ProjectLauncher (138)
[2015.04.14-11.36.49:009][446]LogModuleManager: Shutting down and abandoning module SessionFrontend (137)
[2015.04.14-11.36.49:009][446]LogModuleManager: Shutting down and abandoning module ProfilerClient (136)
[2015.04.14-11.36.49:011][446]LogModuleManager: Shutting down and abandoning module TargetDeviceServices (135)
[2015.04.14-11.36.49:011][446]LogModuleManager: Shutting down and abandoning module DeviceManager (134)
[2015.04.14-11.36.49:012][446]LogModuleManager: Shutting down and abandoning module AutomationController (133)
[2015.04.14-11.36.49:012][446]LogModuleManager: Shutting down and abandoning module AutomationWindow (132)
[2015.04.14-11.36.49:012][446]LogModuleManager: Shutting down and abandoning module Layers (131)
[2015.04.14-11.36.49:014][446]LogModuleManager: Shutting down and abandoning module ComponentVisualizers (130)
[2015.04.14-11.36.49:014][446]LogModuleManager: Shutting down and abandoning module DetailCustomizations (129)
[2015.04.14-11.36.49:015][446]LogModuleManager: Shutting down and abandoning module PackagesDialog (128)
[2015.04.14-11.36.49:016][446]LogModuleManager: Shutting down and abandoning module AssetRegistry (127)
[2015.04.14-11.36.49:113][446]LogModuleManager: Shutting down and abandoning module Persona (126)
[2015.04.14-11.36.49:115][446]LogModuleManager: Shutting down and abandoning module SlateReflector (125)
[2015.04.14-11.36.49:115][446]LogModuleManager: Shutting down and abandoning module LevelEditor (124)
[2015.04.14-11.36.49:116][446]LogModuleManager: Shutting down and abandoning module Kismet (123)
[2015.04.14-11.36.49:116][446]LogModuleManager: Shutting down and abandoning module GraphEditor (122)
[2015.04.14-11.36.49:117][446]LogModuleManager: Shutting down and abandoning module ClassViewer (121)
[2015.04.14-11.36.49:118][446]LogModuleManager: Shutting down and abandoning module Toolbox (120)
[2015.04.14-11.36.49:118][446]LogModuleManager: Shutting down and abandoning module ModuleUI (119)
[2015.04.14-11.36.49:118][446]LogModuleManager: Shutting down and abandoning module MovieSceneTools (118)
[2015.04.14-11.36.49:118][446]LogModuleManager: Shutting down and abandoning module OutputLog (117)
[2015.04.14-11.36.49:118][446]LogModuleManager: Shutting down and abandoning module GammaUI (116)
[2015.04.14-11.36.49:119][446]LogModuleManager: Shutting down and abandoning module Documentation (115)
[2015.04.14-11.36.49:119][446]LogModuleManager: Shutting down and abandoning module GameLiveStreaming (114)
[2015.04.14-11.36.49:119][446]LogModuleManager: Shutting down and abandoning module StreamingPauseRendering (113)
[2015.04.14-11.36.49:119][446]LogModuleManager: Shutting down and abandoning module HTTP (112)
[2015.04.14-11.36.49:119][446]LogModuleManager: Shutting down and abandoning module AnalyticsET (111)
[2015.04.14-11.36.49:119][446]LogModuleManager: Shutting down and abandoning module Analytics (110)
[2015.04.14-11.36.49:119][446]LogModuleManager: Shutting down and abandoning module AITestSuite (109)
[2015.04.14-11.36.49:119][446]LogModuleManager: Shutting down and abandoning module GameplayDebugger (108)
[2015.04.14-11.36.49:119][446]LogModuleManager: Shutting down and abandoning module AIModule (107)
[2015.04.14-11.36.49:119][446]LogModuleManager: Shutting down and abandoning module ProfilerService (106)
[2015.04.14-11.36.49:368][446]LogModuleManager: Shutting down and abandoning module TaskGraph (105)
[2015.04.14-11.36.49:370][446]LogModuleManager: Shutting down and abandoning module SlateRemote (104)
[2015.04.14-11.36.49:370][446]LogModuleManager: Shutting down and abandoning module ScriptEditorPlugin (103)
[2015.04.14-11.36.49:370][446]LogModuleManager: Shutting down and abandoning module CustomMeshComponent (102)
[2015.04.14-11.36.49:370][446]LogModuleManager: Shutting down and abandoning module CableComponent (101)
[2015.04.14-11.36.49:370][446]LogModuleManager: Shutting down and abandoning module MessagingDebugger (100)
[2015.04.14-11.36.49:371][446]LogModuleManager: Shutting down and abandoning module MediaPlayerEditor (99)
[2015.04.14-11.36.49:372][446]LogModuleManager: Shutting down and abandoning module SpeedTreeImporter (98)
[2015.04.14-11.36.49:372][446]LogModuleManager: Shutting down and abandoning module PluginsEditor (97)
[2015.04.14-11.36.49:372][446]LogModuleManager: Shutting down and abandoning module MainFrame (96)
[2015.04.14-11.36.49:372][446]LogModuleManager: Shutting down and abandoning module EpicSurvey (95)
[2015.04.14-11.36.49:372][446]LogModuleManager: Shutting down and abandoning module DesktopPlatform (94)
[2015.04.14-11.36.49:372][446]LogModuleManager: Shutting down and abandoning module DirectoryWatcher (93)
[2015.04.14-11.36.49:373][446]LogModuleManager: Shutting down and abandoning module HotReload (92)
[2015.04.14-11.36.49:373][446]LogModuleManager: Shutting down and abandoning module VisualStudioSourceCodeAccess (91)
[2015.04.14-11.36.49:373][446]LogModuleManager: Shutting down and abandoning module UObjectPlugin (90)
[2015.04.14-11.36.49:373][446]LogModuleManager: Shutting down and abandoning module SubversionSourceControl (89)
[2015.04.14-11.36.49:373][446]LogModuleManager: Shutting down and abandoning module PerforceSourceControl (88)
[2015.04.14-11.36.49:374][446]LogModuleManager: Shutting down and abandoning module SourceControl (87)
[2015.04.14-11.36.49:374][446]LogModuleManager: Shutting down and abandoning module GitSourceControl (86)
[2015.04.14-11.36.49:374][446]LogModuleManager: Shutting down and abandoning module BlankPlugin (85)
[2015.04.14-11.36.49:374][446]LogModuleManager: Shutting down and abandoning module PaperTiledImporter (84)
[2015.04.14-11.36.49:374][446]LogModuleManager: Shutting down and abandoning module PaperJsonImporter (83)
[2015.04.14-11.36.49:374][446]LogModuleManager: Shutting down and abandoning module ContentBrowser (82)
[2015.04.14-11.36.49:375][446]LogModuleManager: Shutting down and abandoning module Paper2DEditor (81)
[2015.04.14-11.36.49:376][446]LogModuleManager: Shutting down and abandoning module ScriptPlugin (80)
[2015.04.14-11.36.49:377][446]LogModuleManager: Shutting down and abandoning module UdpMessaging (79)
[2015.04.14-11.36.49:477][446]LogModuleManager: Shutting down and abandoning module Paper2D (78)
[2015.04.14-11.36.49:477][446]LogModuleManager: Shutting down and abandoning module WindowsMoviePlayer (77)
[2015.04.14-11.36.49:484][446]LogModuleManager: Shutting down and abandoning module Media (76)
[2015.04.14-11.36.49:484][446]LogModuleManager: Shutting down and abandoning module WmfMedia (75)
[2015.04.14-11.36.49:484][446]LogModuleManager: Shutting down and abandoning module OnlineBlueprintSupport (74)
[2015.04.14-11.36.49:484][446]LogModuleManager: Shutting down and abandoning module PropertyEditor (73)
[2015.04.14-11.36.49:486][446]LogModuleManager: Shutting down and abandoning module BehaviorTreeEditor (72)
[2015.04.14-11.36.49:487][446]LogModuleManager: Shutting down and abandoning module FunctionalTesting (71)
[2015.04.14-11.36.49:487][446]LogModuleManager: Shutting down and abandoning module CollisionAnalyzer (70)
[2015.04.14-11.36.49:487][446]LogModuleManager: Shutting down and abandoning module WorkspaceMenuStructure (69)
[2015.04.14-11.36.49:488][446]LogModuleManager: Shutting down and abandoning module MessageLog (68)
[2015.04.14-11.36.49:488][446]LogModuleManager: Shutting down and abandoning module Sequencer (67)
[2015.04.14-11.36.49:488][446]LogModuleManager: Shutting down and abandoning module AssetTools (66)
[2015.04.14-11.36.49:489][446]LogModuleManager: Shutting down and abandoning module UMGEditor (65)
[2015.04.14-11.36.49:489][446]LogModuleManager: Shutting down and abandoning module UMG (64)
[2015.04.14-11.36.49:490][446]LogModuleManager: Shutting down and abandoning module Slate (63)
[2015.04.14-11.36.49:490][446]LogModuleManager: Shutting down and abandoning module EditorStyle (62)
[2015.04.14-11.36.49:496][446]LogModuleManager: Shutting down and abandoning module SessionServices (61)
[2015.04.14-11.36.49:496][446]LogModuleManager: Shutting down and abandoning module SourceCodeAccess (60)
[2015.04.14-11.36.49:496][446]LogModuleManager: Shutting down and abandoning module HeadMountedDisplay (59)
[2015.04.14-11.36.49:496][446]LogModuleManager: Shutting down and abandoning module XAudio2 (58)
[2015.04.14-11.36.49:496][446]LogModuleManager: Shutting down and abandoning module Networking (56)
[2015.04.14-11.36.49:496][446]LogModuleManager: Shutting down and abandoning module Core (55)
[2015.04.14-11.36.49:496][446]LogModuleManager: Shutting down and abandoning module KismetCompiler (54)
[2015.04.14-11.36.49:496][446]LogModuleManager: Shutting down and abandoning module PhysXFormats (53)
[2015.04.14-11.36.49:496][446]LogModuleManager: Shutting down and abandoning module MeshUtilities (52)
[2015.04.14-11.36.49:497][446]LogModuleManager: Shutting down and abandoning module DerivedDataCache (51)
[2015.04.14-11.36.49:558][446]LogDerivedDataCache: Shutdown
[2015.04.14-11.36.49:558][446]LogModuleManager: Shutting down and abandoning module ShaderFormatOpenGL (50)
[2015.04.14-11.36.49:560][446]LogModuleManager: Shutting down and abandoning module ShaderFormatD3D (49)
[2015.04.14-11.36.49:560][446]LogModuleManager: Shutting down and abandoning module MetalShaderFormat (48)
[2015.04.14-11.36.49:561][446]LogModuleManager: Shutting down and abandoning module TextureFormatUncompressed (47)
[2015.04.14-11.36.49:561][446]LogModuleManager: Shutting down and abandoning module TextureFormatPVR (46)
[2015.04.14-11.36.49:561][446]LogModuleManager: Shutting down and abandoning module TextureFormatIntelISPCTexComp (45)
[2015.04.14-11.36.49:561][446]LogModuleManager: Shutting down and abandoning module TextureFormatDXT (44)
[2015.04.14-11.36.49:561][446]LogModuleManager: Shutting down and abandoning module ImageWrapper (43)
[2015.04.14-11.36.49:561][446]LogModuleManager: Shutting down and abandoning module TextureFormatASTC (42)
[2015.04.14-11.36.49:561][446]LogModuleManager: Shutting down and abandoning module TextureFormatAndroid (41)
[2015.04.14-11.36.49:561][446]LogModuleManager: Shutting down and abandoning module AudioFormatOpus (40)
[2015.04.14-11.36.49:561][446]LogModuleManager: Shutting down and abandoning module AudioFormatOgg (39)
[2015.04.14-11.36.49:561][446]LogModuleManager: Shutting down and abandoning module AudioFormatADPCM (38)
[2015.04.14-11.36.49:561][446]LogModuleManager: Shutting down and abandoning module LinuxTargetPlatform (37)
[2015.04.14-11.36.49:561][446]LogModuleManager: Shutting down and abandoning module LinuxServerTargetPlatform (36)
[2015.04.14-11.36.49:561][446]LogModuleManager: Shutting down and abandoning module LinuxNoEditorTargetPlatform (35)
[2015.04.14-11.36.49:561][446]LogModuleManager: Shutting down and abandoning module Messaging (34)
[2015.04.14-11.36.49:561][446]LogModuleManager: Shutting down and abandoning module IOSTargetPlatform (33)
[2015.04.14-11.36.49:561][446]LogModuleManager: Shutting down and abandoning module HTML5TargetPlatform (32)
[2015.04.14-11.36.49:561][446]LogModuleManager: Shutting down and abandoning module Android_PVRTCTargetPlatform (31)
[2015.04.14-11.36.49:561][446]LogModuleManager: Shutting down and abandoning module Android_ETC2TargetPlatform (30)
[2015.04.14-11.36.49:561][446]LogModuleManager: Shutting down and abandoning module Android_ETC1TargetPlatform (29)
[2015.04.14-11.36.49:561][446]LogModuleManager: Shutting down and abandoning module Android_ES31TargetPlatform (28)
[2015.04.14-11.36.49:561][446]LogModuleManager: Shutting down and abandoning module Android_DXTTargetPlatform (27)
[2015.04.14-11.36.49:561][446]LogModuleManager: Shutting down and abandoning module Android_ATCTargetPlatform (26)
[2015.04.14-11.36.49:562][446]LogModuleManager: Shutting down and abandoning module AndroidTargetPlatform (25)
[2015.04.14-11.36.49:562][446]LogModuleManager: Shutting down and abandoning module WindowsTargetPlatform (24)
[2015.04.14-11.36.49:562][446]LogModuleManager: Shutting down and abandoning module WindowsServerTargetPlatform (23)
[2015.04.14-11.36.49:562][446]LogModuleManager: Shutting down and abandoning module WindowsNoEditorTargetPlatform (22)
[2015.04.14-11.36.49:562][446]LogModuleManager: Shutting down and abandoning module WindowsClientTargetPlatform (21)
[2015.04.14-11.36.49:562][446]LogModuleManager: Shutting down and abandoning module TargetPlatform (20)
[2015.04.14-11.36.49:562][446]LogModuleManager: Shutting down and abandoning module InputCore (19)
[2015.04.14-11.36.49:562][446]LogModuleManager: Shutting down and abandoning module Settings (18)
[2015.04.14-11.36.49:562][446]LogModuleManager: Shutting down and abandoning module OnlineSubsystem (16)
[2015.04.14-11.36.49:562][446]LogModuleManager: Shutting down and abandoning module OculusRift (15)
[2015.04.14-11.36.49:562][446]LogModuleManager: Shutting down and abandoning module ExampleDeviceProfileSelector (14)
[2015.04.14-11.36.49:562][446]LogModuleManager: Shutting down and abandoning module TextureCompressor (13)
[2015.04.14-11.36.49:562][446]LogModuleManager: Shutting down and abandoning module ShaderCore (12)
[2015.04.14-11.36.49:562][446]LogModuleManager: Shutting down and abandoning module Landscape (11)
[2015.04.14-11.36.49:562][446]LogModuleManager: Shutting down and abandoning module SlateRHIRenderer (10)
[2015.04.14-11.36.49:567][446]LogModuleManager: Shutting down and abandoning module OpenGLDrv (9)
[2015.04.14-11.36.49:567][446]LogModuleManager: Shutting down and abandoning module D3D11RHI (8)
[2015.04.14-11.36.49:567][446]LogModuleManager: Shutting down and abandoning module Renderer (7)
[2015.04.14-11.36.49:567][446]LogModuleManager: Shutting down and abandoning module Engine (6)
[2015.04.14-11.36.49:567][446]LogModuleManager: Shutting down and abandoning module CoreUObject (5)
[2015.04.14-11.36.49:567][446]LogModuleManager: Shutting down and abandoning module NetworkFile (4)
[2015.04.14-11.36.49:567][446]LogModuleManager: Shutting down and abandoning module StreamingFile (3)
[2015.04.14-11.36.49:567][446]LogModuleManager: Shutting down and abandoning module SandboxFile (2)
[2015.04.14-11.36.49:567][446]LogModuleManager: Shutting down and abandoning module PakFile (1)
[2015.04.14-11.36.49:571][446]LogExit: Exiting.
[2015.04.14-11.36.49:617][446]Log file closed, 04/14/15 13:36:49
