Log file open, 04/14/15 14:26:41
LogInit:Display: Running engine for game: SpaceGame
LogInit: Version: 4.7.5-2503383+++depot+UE4-Releases+4.7
LogInit: API Version: 2455222
LogInit: Compiled (64-bit): Apr  6 2015 23:21:51
LogInit: Compiled with Visual C++: 18.00.21005.01
LogInit: Build Configuration: Development
LogInit: Branch Name: ++depot+UE4-Releases+4.7
LogInit: Command line:  /Temp/Autosaves/Game/StarterContent/Maps/UEDPCMinimal_Default -game -PIEVIACONSOLE -ResX=1280 -ResY=720  -Multiprocess 
LogInit: Base directory: C:/Program Files/Epic Games/4.7/Engine/Binaries/Win64/
LogInit: Rocket: 1
[2015.04.14-12.26.41:840][  0]LogTaskGraph: Started task graph with 3 named threads and 6 total threads.
[2015.04.14-12.26.41:896][  0]LogOnline:Warning: No default platform service specified for OnlineSubsystem
[2015.04.14-12.26.41:909][  0]LogInit: Presizing for 0 objects not considered by GC, pre-allocating 0 bytes.
[2015.04.14-12.26.41:917][  0]LogInit: Object subsystem initialized
[2015.04.14-12.26.41:919][  0]LogConsoleResponse:Warning: Skipping Unknown console variable: 'TranslucentSortAxis = (X=0.000000,Y=-1.000000,Z=0.000000)'
[2015.04.14-12.26.41:919][  0]LogConsoleResponse:Warning:   Found in ini file 'C:/Users/admin/Documents/GitHub/SpaceGame/Saved/Config/Windows/Engine.ini', in section '[/Script/Engine.RendererSettings]'
[2015.04.14-12.26.41:919][  0]LogConsoleResponse:Warning: Skipping Unknown console variable: 'UIScaleRule = ShortestSide'
[2015.04.14-12.26.41:919][  0]LogConsoleResponse:Warning:   Found in ini file 'C:/Users/admin/Documents/GitHub/SpaceGame/Saved/Config/Windows/Engine.ini', in section '[/Script/Engine.RendererSettings]'
[2015.04.14-12.26.41:919][  0]LogConsoleResponse:Warning: Skipping Unknown console variable: 'UIScaleCurve = (EditorCurveData=(Keys=),ExternalCurve=None)'
[2015.04.14-12.26.41:919][  0]LogConsoleResponse:Warning:   Found in ini file 'C:/Users/admin/Documents/GitHub/SpaceGame/Saved/Config/Windows/Engine.ini', in section '[/Script/Engine.RendererSettings]'
[2015.04.14-12.26.41:919][  0]LogInit: Selected Device Profile: [Windows]
[2015.04.14-12.26.41:919][  0]LogInit: Applying CVar settings loaded from the selected device profile: [Windows]
[2015.04.14-12.26.41:925][  0]LogInit: Computer: ADMIN-PC
[2015.04.14-12.26.41:925][  0]LogInit: User: admin
[2015.04.14-12.26.41:925][  0]LogInit: CPU Page size=4096, Cores=4
[2015.04.14-12.26.41:925][  0]LogInit: High frequency timer resolution =14.318180 MHz
[2015.04.14-12.26.41:925][  0]LogMemory: Memory total: Physical=15.9GB (16GB approx) Virtual=131072.0GB
[2015.04.14-12.26.41:925][  0]LogMemory: Platform Memory Stats for Windows
[2015.04.14-12.26.41:925][  0]LogMemory: Process Physical Memory: 47.03 MB used, 47.03 MB peak
[2015.04.14-12.26.41:925][  0]LogMemory: Process Virtual Memory: 27.53 MB used, 27.54 MB peak
[2015.04.14-12.26.41:925][  0]LogMemory: Physical Memory: 9237.50 MB used, 16254.34 MB total
[2015.04.14-12.26.41:925][  0]LogMemory: Virtual Memory: 306.11 MB used, 134217728.00 MB total
[2015.04.14-12.26.41:951][  0]LogD3D11RHI: Found D3D11 adapter 0: NVIDIA GeForce GTX 770 (Feature Level 11_0)
[2015.04.14-12.26.41:951][  0]LogD3D11RHI: Adapter has 1987MB of dedicated video memory, 0MB of dedicated system memory, and 2048MB of shared system memory, 2 output[s]
[2015.04.14-12.26.41:958][  0]LogD3D11RHI: Found D3D11 adapter 1: Intel(R) HD Graphics 4600 (Feature Level 11_0)
[2015.04.14-12.26.41:958][  0]LogD3D11RHI: Adapter has 32MB of dedicated video memory, 0MB of dedicated system memory, and 1760MB of shared system memory, 1 output[s]
[2015.04.14-12.26.41:959][  0]LogD3D11RHI: Found D3D11 adapter 2: Microsoft Basic Render Driver (Feature Level 11_0)
[2015.04.14-12.26.41:959][  0]LogD3D11RHI: Adapter has 0MB of dedicated video memory, 0MB of dedicated system memory, and 256MB of shared system memory, 0 output[s]
[2015.04.14-12.26.41:959][  0]LogD3D11RHI: Chosen D3D11 Adapter Id = 0
[2015.04.14-12.26.41:964][  0]LogRHI: Texture pool is 1361 MB (70% of 1945 MB)
[2015.04.14-12.26.41:976][  0]LogD3D11RHI: Async texture creation enabled
[2015.04.14-12.26.42:036][  0]LogTextLocalizationManager: The requested culture ('de_DE') has no localization data; falling back to 'en' for localization and internationalization data.
[2015.04.14-12.26.42:109][  0]LogTextLocalizationManager:Warning: Loading localization resources contain conflicting entries for (Namespace:UICommands, Key:Save_ToolTip):
Resource: (C:/Program Files/Epic Games/4.7/Engine/Content/Localization/Editor/en/Editor.locres) Hash: (-29098895) String: (Saves the current level to disk)
Resource: (C:/Program Files/Epic Games/4.7/Engine/Content/Localization/Engine/en/Engine.locres) Hash: (-1280300587) String: (Save selected data to vlog file)
[2015.04.14-12.26.42:109][  0]LogTextLocalizationManager:Warning: Loading localization resources contain conflicting entries for (Namespace:ContentBrowser, Key:ImportAssetToolTip):
Resource: (C:/Program Files/Epic Games/4.7/Engine/Content/Localization/Editor/en/Editor.locres) Hash: (-630476809) String: (Import to {0}...)
Resource: (C:/Program Files/Epic Games/4.7/Engine/Content/Localization/Editor/en/Editor.locres) Hash: (1271782899) String: (Imports an asset from file to this folder.)
[2015.04.14-12.26.42:188][  0]LogContentStreaming: Texture pool size is 400.000000MB
[2015.04.14-12.26.43:865][  0]LogTargetPlatformManager:Display: Building Assets For Windows
[2015.04.14-12.26.44:270][  0]LogTargetPlatformManager:Display: Building Assets For Windows
[2015.04.14-12.26.44:317][  0]LogDerivedDataCache:Display: Max Cache Size: 512 MB
[2015.04.14-12.26.44:350][  0]LogDerivedDataCache: Loaded boot cache 0.03s 39MB C:/Users/admin/AppData/Local/UnrealEngine/4.7/DerivedDataCache/Boot.ddc.
[2015.04.14-12.26.44:350][  0]LogDerivedDataCache:Display: Loaded Boot cache: C:/Users/admin/AppData/Local/UnrealEngine/4.7/DerivedDataCache/Boot.ddc
[2015.04.14-12.26.44:350][  0]LogDerivedDataCache: FDerivedDataBackendGraph:  Pak pak cache file ../../../../../../Users/admin/Documents/GitHub/SpaceGame/DerivedDataCache/DDC.ddp not found, will not use a pak cache.
[2015.04.14-12.26.44:350][  0]LogDerivedDataCache: Unable to find inner node Pak for hierarchical cache Hierarchy.
[2015.04.14-12.26.44:440][  0]LogDerivedDataCache:Display: Pak cache opened for reading ../../../Engine/DerivedDataCache/Compressed.ddp.
[2015.04.14-12.26.44:452][  0]LogDerivedDataCache: Using Local data cache path C:/Users/admin/AppData/Local/UnrealEngine/Common/DerivedDataCache: Writable
[2015.04.14-12.26.44:653][  0]LogMeshUtilities: No automatic mesh reduction module available
[2015.04.14-12.26.44:653][  0]LogMeshUtilities: No automatic mesh merging module available
[2015.04.14-12.26.44:934][  0]LogInit: WinSock: version 1.1 (2.2), MaxSocks=32767, MaxUdp=65467
[2015.04.14-12.26.45:277][  0]LogWindowsMoviePlayer: Unable to load movie: ../../../../../../Users/admin/Documents/GitHub/SpaceGame/Content/Movies/Default_Startup.mp4
[2015.04.14-12.26.45:390][  0]LogSourceControl: RunCommandInternalRaw: 'git version'
[2015.04.14-12.26.45:390][  0]LogSourceControl: RunCommandInternalRaw: ExecProcess ReturnCode=2 OutResults=''
[2015.04.14-12.26.45:412][  0]SourceControl: Info Source control is disabled
[2015.04.14-12.26.45:412][  0]SourceControl: Info Source control is disabled
[2015.04.14-12.26.45:412][  0]SourceControl: Info Source control is disabled
[2015.04.14-12.26.45:419][  0]SourceControl: Info Source control is disabled
[2015.04.14-12.26.45:491][  0]LogObj: 23971 objects as part of root set at end of initial load.
[2015.04.14-12.26.45:491][  0]LogUObjectAllocator: 4988936 out of 0 bytes used by permanent object pool.
[2015.04.14-12.26.45:552][  0]LogAutomationTest:Warning: ERR: Transient text cannot be serialized "Testing Transient serialization detection".
[2015.04.14-12.26.45:552][  0]LogEngine: Initializing Engine...
[2015.04.14-12.26.47:705][  0]LogInit: XAudio2 using 'Lautsprecher (Logitech USB Headset)' : 2 channels at 44.1 kHz using 16 bits per sample (channel mask 0x3)
[2015.04.14-12.26.47:710][  0]LogInit: FAudioDevice initialized.
[2015.04.14-12.26.47:713][  0]LogInit: Texture streaming: Enabled
[2015.04.14-12.26.47:768][  0]LogAnalytics: Creating configured Analytics provider AnalyticsET
[2015.04.14-12.26.47:768][  0]LogAnalytics: ET APIKey = Rocket.Release. APIServer = http://et2.epicgames.com/ET2/. AppVersion = 4.7.5-2503383+++depot+UE4-Releases+4.7
[2015.04.14-12.26.47:768][  0]LogAnalytics: ET APIKey = Rocket.Release. DataRouterUploadURL = https://datarouter-public-service-gamedev.ol.epicgames.net/datarouter/api/v1/public/data. AppVersion = 4.7.5-2503383+++depot+UE4-Releases+4.7
[2015.04.14-12.26.47:768][  0]LogAnalytics: SetUserId dde3deed4523c0a2a770c48b31092dad|9afb1e8fda0a480cb286d8fd65efbaea|7aadb3ab-5297-4333-a6d6-a0753f16fa7d
[2015.04.14-12.26.47:768][  0]LogAnalytics: AnalyticsET::StartSession [Rocket.Release]
[2015.04.14-12.26.47:816][  0]LogNet: Browse: /Temp/Autosaves/Game/StarterContent/Maps/UEDPCMinimal_Default?Name=Player
[2015.04.14-12.26.47:817][  0]LogLoad: LoadMap: /Temp/Autosaves/Game/StarterContent/Maps/UEDPCMinimal_Default?Name=Player
[2015.04.14-12.26.47:826][  0]LogMemory: Platform Memory Stats for Windows
[2015.04.14-12.26.47:826][  0]LogMemory: Process Physical Memory: 269.70 MB used, 291.27 MB peak
[2015.04.14-12.26.47:826][  0]LogMemory: Process Virtual Memory: 206.86 MB used, 230.90 MB peak
[2015.04.14-12.26.47:826][  0]LogMemory: Physical Memory: 9438.08 MB used, 16254.34 MB total
[2015.04.14-12.26.47:826][  0]LogMemory: Virtual Memory: 671.64 MB used, 134217728.00 MB total
[2015.04.14-12.26.47:826][  0]LogMemory: 
[2015.04.14-12.26.47:826][  0]Allocator Stats for TBB: (not implemented)
[2015.04.14-12.26.48:110][  0]LogWorld: Game class is 'GameMode'
[2015.04.14-12.26.48:147][  0]LogAIModule: Creating AISystem for world Minimal_Default
[2015.04.14-12.26.48:150][  0]LogWorld: Bringing World /Temp/Autosaves/Game/StarterContent/Maps/UEDPCMinimal_Default.Minimal_Default up for play (max tick rate 0) at 2015.04.14-14.26.48
[2015.04.14-12.26.48:150][  0]LogWorld: Bringing up level for play took: 0.002745
[2015.04.14-12.26.48:151][  0]LogInit:Display: Game Engine Initialized.
[2015.04.14-12.26.48:408][  0]LogLoad: Full Startup: 8.25 seconds (BP compile: 0.04 seconds)
[2015.04.14-12.26.48:545][  2]LogRenderer:Warning: Reallocating scene render targets to support 640x360 (Frame:2).
[2015.04.14-12.27.17:128][413]LogEngine: All Windows Closed
[2015.04.14-12.27.17:128][413]LogWindows: FPlatformMisc::RequestExit(0)
[2015.04.14-12.27.17:137][414]LogExit: Preparing to exit.
[2015.04.14-12.27.17:244][414]LogParticles: Destroying 0 GPU particle simulations for FXSystem 0x000000EDA44C9580
[2015.04.14-12.27.17:244][414]LogExit: Game engine shut down
[2015.04.14-12.27.17:285][414]LogExit: Object subsystem successfully closed.
[2015.04.14-12.27.17:317][414]LogModuleManager: Shutting down and abandoning module AndroidDeviceDetection (106)
[2015.04.14-12.27.17:462][414]LogModuleManager: Shutting down and abandoning module AutomationWorker (105)
[2015.04.14-12.27.17:462][414]LogModuleManager: Shutting down and abandoning module CharacterAI (104)
[2015.04.14-12.27.17:462][414]LogModuleManager: Shutting down and abandoning module AITestSuite (103)
[2015.04.14-12.27.17:462][414]LogModuleManager: Shutting down and abandoning module GameplayDebugger (102)
[2015.04.14-12.27.17:462][414]LogModuleManager: Shutting down and abandoning module AIModule (101)
[2015.04.14-12.27.17:462][414]LogModuleManager: Shutting down and abandoning module GameLiveStreaming (100)
[2015.04.14-12.27.17:462][414]LogModuleManager: Shutting down and abandoning module StreamingPauseRendering (99)
[2015.04.14-12.27.17:462][414]LogModuleManager: Shutting down and abandoning module HTTP (98)
[2015.04.14-12.27.17:462][414]LogModuleManager: Shutting down and abandoning module AnalyticsET (97)
[2015.04.14-12.27.17:462][414]LogModuleManager: Shutting down and abandoning module Analytics (96)
[2015.04.14-12.27.17:462][414]LogModuleManager: Shutting down and abandoning module ProfilerService (95)
[2015.04.14-12.27.17:571][414]LogModuleManager: Shutting down and abandoning module TaskGraph (94)
[2015.04.14-12.27.17:571][414]LogModuleManager: Shutting down and abandoning module SlateRemote (93)
[2015.04.14-12.27.17:571][414]LogModuleManager: Shutting down and abandoning module CustomMeshComponent (92)
[2015.04.14-12.27.17:571][414]LogModuleManager: Shutting down and abandoning module CableComponent (91)
[2015.04.14-12.27.17:571][414]LogModuleManager: Shutting down and abandoning module DesktopPlatform (90)
[2015.04.14-12.27.17:571][414]LogModuleManager: Shutting down and abandoning module DirectoryWatcher (89)
[2015.04.14-12.27.17:571][414]LogModuleManager: Shutting down and abandoning module HotReload (88)
[2015.04.14-12.27.17:571][414]LogModuleManager: Shutting down and abandoning module VisualStudioSourceCodeAccess (87)
[2015.04.14-12.27.17:571][414]LogModuleManager: Shutting down and abandoning module UObjectPlugin (86)
[2015.04.14-12.27.17:571][414]LogModuleManager: Shutting down and abandoning module SubversionSourceControl (85)
[2015.04.14-12.27.17:571][414]LogModuleManager: Shutting down and abandoning module GitSourceControl (84)
[2015.04.14-12.27.17:571][414]LogModuleManager: Shutting down and abandoning module SourceControl (83)
[2015.04.14-12.27.17:571][414]LogModuleManager: Shutting down and abandoning module PerforceSourceControl (82)
[2015.04.14-12.27.17:571][414]LogModuleManager: Shutting down and abandoning module BlankPlugin (81)
[2015.04.14-12.27.17:571][414]LogModuleManager: Shutting down and abandoning module ScriptPlugin (80)
[2015.04.14-12.27.17:571][414]LogModuleManager: Shutting down and abandoning module UdpMessaging (79)
[2015.04.14-12.27.17:571][414]LogModuleManager: Shutting down and abandoning module Paper2D (78)
[2015.04.14-12.27.17:571][414]LogModuleManager: Shutting down and abandoning module WindowsMoviePlayer (77)
[2015.04.14-12.27.17:573][414]LogModuleManager: Shutting down and abandoning module Media (76)
[2015.04.14-12.27.17:573][414]LogModuleManager: Shutting down and abandoning module WmfMedia (75)
[2015.04.14-12.27.17:573][414]LogModuleManager: Shutting down and abandoning module OnlineBlueprintSupport (74)
[2015.04.14-12.27.17:573][414]LogModuleManager: Shutting down and abandoning module PropertyEditor (73)
[2015.04.14-12.27.17:573][414]LogModuleManager: Shutting down and abandoning module BehaviorTreeEditor (72)
[2015.04.14-12.27.17:573][414]LogModuleManager: Shutting down and abandoning module FunctionalTesting (71)
[2015.04.14-12.27.17:573][414]LogModuleManager: Shutting down and abandoning module CollisionAnalyzer (70)
[2015.04.14-12.27.17:573][414]LogModuleManager: Shutting down and abandoning module WorkspaceMenuStructure (69)
[2015.04.14-12.27.17:573][414]LogModuleManager: Shutting down and abandoning module MessageLog (68)
[2015.04.14-12.27.17:573][414]LogModuleManager: Shutting down and abandoning module Sequencer (67)
[2015.04.14-12.27.17:573][414]LogModuleManager: Shutting down and abandoning module AssetTools (66)
[2015.04.14-12.27.17:573][414]LogModuleManager: Shutting down and abandoning module UMGEditor (65)
[2015.04.14-12.27.17:573][414]LogModuleManager: Shutting down and abandoning module UMG (64)
[2015.04.14-12.27.17:573][414]LogModuleManager: Shutting down and abandoning module Slate (63)
[2015.04.14-12.27.17:573][414]LogModuleManager: Shutting down and abandoning module EditorStyle (62)
[2015.04.14-12.27.17:576][414]LogModuleManager: Shutting down and abandoning module SessionServices (61)
[2015.04.14-12.27.17:576][414]LogModuleManager: Shutting down and abandoning module SourceCodeAccess (60)
[2015.04.14-12.27.17:576][414]LogModuleManager: Shutting down and abandoning module HeadMountedDisplay (59)
[2015.04.14-12.27.17:576][414]LogModuleManager: Shutting down and abandoning module XAudio2 (58)
[2015.04.14-12.27.17:576][414]LogModuleManager: Shutting down and abandoning module Networking (56)
[2015.04.14-12.27.17:576][414]LogModuleManager: Shutting down and abandoning module Core (55)
[2015.04.14-12.27.17:576][414]LogModuleManager: Shutting down and abandoning module KismetCompiler (54)
[2015.04.14-12.27.17:576][414]LogModuleManager: Shutting down and abandoning module PhysXFormats (53)
[2015.04.14-12.27.17:576][414]LogModuleManager: Shutting down and abandoning module MeshUtilities (52)
[2015.04.14-12.27.17:576][414]LogModuleManager: Shutting down and abandoning module DerivedDataCache (51)
[2015.04.14-12.27.17:980][414]LogDerivedDataCache: Shutdown
[2015.04.14-12.27.17:980][414]LogModuleManager: Shutting down and abandoning module ShaderFormatOpenGL (50)
[2015.04.14-12.27.17:980][414]LogModuleManager: Shutting down and abandoning module ShaderFormatD3D (49)
[2015.04.14-12.27.17:980][414]LogModuleManager: Shutting down and abandoning module MetalShaderFormat (48)
[2015.04.14-12.27.17:980][414]LogModuleManager: Shutting down and abandoning module TextureFormatUncompressed (47)
[2015.04.14-12.27.17:980][414]LogModuleManager: Shutting down and abandoning module TextureFormatPVR (46)
[2015.04.14-12.27.17:980][414]LogModuleManager: Shutting down and abandoning module TextureFormatIntelISPCTexComp (45)
[2015.04.14-12.27.17:980][414]LogModuleManager: Shutting down and abandoning module TextureFormatDXT (44)
[2015.04.14-12.27.17:980][414]LogModuleManager: Shutting down and abandoning module ImageWrapper (43)
[2015.04.14-12.27.17:980][414]LogModuleManager: Shutting down and abandoning module TextureFormatASTC (42)
[2015.04.14-12.27.17:980][414]LogModuleManager: Shutting down and abandoning module TextureFormatAndroid (41)
[2015.04.14-12.27.17:980][414]LogModuleManager: Shutting down and abandoning module AudioFormatOpus (40)
[2015.04.14-12.27.17:980][414]LogModuleManager: Shutting down and abandoning module AudioFormatOgg (39)
[2015.04.14-12.27.17:980][414]LogModuleManager: Shutting down and abandoning module AudioFormatADPCM (38)
[2015.04.14-12.27.17:980][414]LogModuleManager: Shutting down and abandoning module LinuxTargetPlatform (37)
[2015.04.14-12.27.17:980][414]LogModuleManager: Shutting down and abandoning module LinuxServerTargetPlatform (36)
[2015.04.14-12.27.17:980][414]LogModuleManager: Shutting down and abandoning module LinuxNoEditorTargetPlatform (35)
[2015.04.14-12.27.17:980][414]LogModuleManager: Shutting down and abandoning module Messaging (34)
[2015.04.14-12.27.17:980][414]LogModuleManager: Shutting down and abandoning module IOSTargetPlatform (33)
[2015.04.14-12.27.17:981][414]LogModuleManager: Shutting down and abandoning module HTML5TargetPlatform (32)
[2015.04.14-12.27.17:981][414]LogModuleManager: Shutting down and abandoning module Android_PVRTCTargetPlatform (31)
[2015.04.14-12.27.17:981][414]LogModuleManager: Shutting down and abandoning module Android_ETC2TargetPlatform (30)
[2015.04.14-12.27.17:981][414]LogModuleManager: Shutting down and abandoning module Android_ETC1TargetPlatform (29)
[2015.04.14-12.27.17:981][414]LogModuleManager: Shutting down and abandoning module Android_ES31TargetPlatform (28)
[2015.04.14-12.27.17:981][414]LogModuleManager: Shutting down and abandoning module Android_DXTTargetPlatform (27)
[2015.04.14-12.27.17:981][414]LogModuleManager: Shutting down and abandoning module Android_ATCTargetPlatform (26)
[2015.04.14-12.27.17:981][414]LogModuleManager: Shutting down and abandoning module AndroidTargetPlatform (25)
[2015.04.14-12.27.17:981][414]LogModuleManager: Shutting down and abandoning module WindowsTargetPlatform (24)
[2015.04.14-12.27.17:981][414]LogModuleManager: Shutting down and abandoning module WindowsServerTargetPlatform (23)
[2015.04.14-12.27.17:981][414]LogModuleManager: Shutting down and abandoning module WindowsNoEditorTargetPlatform (22)
[2015.04.14-12.27.17:981][414]LogModuleManager: Shutting down and abandoning module WindowsClientTargetPlatform (21)
[2015.04.14-12.27.17:981][414]LogModuleManager: Shutting down and abandoning module TargetPlatform (20)
[2015.04.14-12.27.17:981][414]LogModuleManager: Shutting down and abandoning module InputCore (19)
[2015.04.14-12.27.17:981][414]LogModuleManager: Shutting down and abandoning module Settings (18)
[2015.04.14-12.27.17:981][414]LogModuleManager: Shutting down and abandoning module OnlineSubsystem (16)
[2015.04.14-12.27.17:981][414]LogModuleManager: Shutting down and abandoning module OculusRift (15)
[2015.04.14-12.27.17:981][414]LogModuleManager: Shutting down and abandoning module ExampleDeviceProfileSelector (14)
[2015.04.14-12.27.17:981][414]LogModuleManager: Shutting down and abandoning module TextureCompressor (13)
[2015.04.14-12.27.17:981][414]LogModuleManager: Shutting down and abandoning module ShaderCore (12)
[2015.04.14-12.27.17:981][414]LogModuleManager: Shutting down and abandoning module Landscape (11)
[2015.04.14-12.27.17:981][414]LogModuleManager: Shutting down and abandoning module SlateRHIRenderer (10)
[2015.04.14-12.27.17:981][414]LogModuleManager: Shutting down and abandoning module OpenGLDrv (9)
[2015.04.14-12.27.17:981][414]LogModuleManager: Shutting down and abandoning module D3D11RHI (8)
[2015.04.14-12.27.17:982][414]LogModuleManager: Shutting down and abandoning module Renderer (7)
[2015.04.14-12.27.17:982][414]LogModuleManager: Shutting down and abandoning module Engine (6)
[2015.04.14-12.27.17:982][414]LogModuleManager: Shutting down and abandoning module CoreUObject (5)
[2015.04.14-12.27.17:982][414]LogModuleManager: Shutting down and abandoning module NetworkFile (4)
[2015.04.14-12.27.17:982][414]LogModuleManager: Shutting down and abandoning module StreamingFile (3)
[2015.04.14-12.27.17:982][414]LogModuleManager: Shutting down and abandoning module SandboxFile (2)
[2015.04.14-12.27.17:982][414]LogModuleManager: Shutting down and abandoning module PakFile (1)
[2015.04.14-12.27.17:983][414]LogExit: Exiting.
[2015.04.14-12.27.17:987][414]Log file closed, 04/14/15 14:27:17
