Log file open, 04/14/15 14:27:33
LogInit:Display: Running engine for game: SpaceGame
LogInit: Version: 4.7.5-2503383+++depot+UE4-Releases+4.7
LogInit: API Version: 2455222
LogInit: Compiled (64-bit): Apr  6 2015 23:21:51
LogInit: Compiled with Visual C++: 18.00.21005.01
LogInit: Build Configuration: Development
LogInit: Branch Name: ++depot+UE4-Releases+4.7
LogInit: Command line:  /Temp/Autosaves/Game/StarterContent/Maps/UEDPCMinimal_Default -game -PIEVIACONSOLE -ResX=1280 -ResY=720  -Multiprocess 
LogInit: Base directory: C:/Program Files/Epic Games/4.7/Engine/Binaries/Win64/
LogInit: Rocket: 1
[2015.04.14-12.27.33:055][  0]LogTaskGraph: Started task graph with 3 named threads and 6 total threads.
[2015.04.14-12.27.33:112][  0]LogOnline:Warning: No default platform service specified for OnlineSubsystem
[2015.04.14-12.27.33:126][  0]LogInit: Presizing for 0 objects not considered by GC, pre-allocating 0 bytes.
[2015.04.14-12.27.33:134][  0]LogInit: Object subsystem initialized
[2015.04.14-12.27.33:135][  0]LogConsoleResponse:Warning: Skipping Unknown console variable: 'TranslucentSortAxis = (X=0.000000,Y=-1.000000,Z=0.000000)'
[2015.04.14-12.27.33:135][  0]LogConsoleResponse:Warning:   Found in ini file 'C:/Users/admin/Documents/GitHub/SpaceGame/Saved/Config/Windows/Engine.ini', in section '[/Script/Engine.RendererSettings]'
[2015.04.14-12.27.33:135][  0]LogConsoleResponse:Warning: Skipping Unknown console variable: 'UIScaleRule = ShortestSide'
[2015.04.14-12.27.33:135][  0]LogConsoleResponse:Warning:   Found in ini file 'C:/Users/admin/Documents/GitHub/SpaceGame/Saved/Config/Windows/Engine.ini', in section '[/Script/Engine.RendererSettings]'
[2015.04.14-12.27.33:135][  0]LogConsoleResponse:Warning: Skipping Unknown console variable: 'UIScaleCurve = (EditorCurveData=(Keys=),ExternalCurve=None)'
[2015.04.14-12.27.33:135][  0]LogConsoleResponse:Warning:   Found in ini file 'C:/Users/admin/Documents/GitHub/SpaceGame/Saved/Config/Windows/Engine.ini', in section '[/Script/Engine.RendererSettings]'
[2015.04.14-12.27.33:136][  0]LogInit: Selected Device Profile: [Windows]
[2015.04.14-12.27.33:136][  0]LogInit: Applying CVar settings loaded from the selected device profile: [Windows]
[2015.04.14-12.27.33:141][  0]LogInit: Computer: ADMIN-PC
[2015.04.14-12.27.33:141][  0]LogInit: User: admin
[2015.04.14-12.27.33:141][  0]LogInit: CPU Page size=4096, Cores=4
[2015.04.14-12.27.33:141][  0]LogInit: High frequency timer resolution =14.318180 MHz
[2015.04.14-12.27.33:141][  0]LogMemory: Memory total: Physical=15.9GB (16GB approx) Virtual=131072.0GB
[2015.04.14-12.27.33:141][  0]LogMemory: Platform Memory Stats for Windows
[2015.04.14-12.27.33:141][  0]LogMemory: Process Physical Memory: 47.02 MB used, 47.02 MB peak
[2015.04.14-12.27.33:141][  0]LogMemory: Process Virtual Memory: 27.54 MB used, 27.54 MB peak
[2015.04.14-12.27.33:141][  0]LogMemory: Physical Memory: 8662.80 MB used, 16254.34 MB total
[2015.04.14-12.27.33:141][  0]LogMemory: Virtual Memory: 306.11 MB used, 134217728.00 MB total
[2015.04.14-12.27.33:168][  0]LogD3D11RHI: Found D3D11 adapter 0: NVIDIA GeForce GTX 770 (Feature Level 11_0)
[2015.04.14-12.27.33:168][  0]LogD3D11RHI: Adapter has 1987MB of dedicated video memory, 0MB of dedicated system memory, and 2048MB of shared system memory, 2 output[s]
[2015.04.14-12.27.33:175][  0]LogD3D11RHI: Found D3D11 adapter 1: Intel(R) HD Graphics 4600 (Feature Level 11_0)
[2015.04.14-12.27.33:175][  0]LogD3D11RHI: Adapter has 32MB of dedicated video memory, 0MB of dedicated system memory, and 1760MB of shared system memory, 1 output[s]
[2015.04.14-12.27.33:176][  0]LogD3D11RHI: Found D3D11 adapter 2: Microsoft Basic Render Driver (Feature Level 11_0)
[2015.04.14-12.27.33:176][  0]LogD3D11RHI: Adapter has 0MB of dedicated video memory, 0MB of dedicated system memory, and 256MB of shared system memory, 0 output[s]
[2015.04.14-12.27.33:176][  0]LogD3D11RHI: Chosen D3D11 Adapter Id = 0
[2015.04.14-12.27.33:182][  0]LogRHI: Texture pool is 1361 MB (70% of 1945 MB)
[2015.04.14-12.27.33:193][  