Log file open, 04/15/15 23:40:40
LogInit:Display: Running engine for game: SpaceGame
LogInit: Version: 4.7.5-2503383+++depot+UE4-Releases+4.7
LogInit: API Version: 2455222
LogInit: Compiled (64-bit): Apr  6 2015 23:21:51
LogInit: Compiled with Visual C++: 18.00.21005.01
LogInit: Build Configuration: Development
LogInit: Branch Name: ++depot+UE4-Releases+4.7
LogInit: Command line:  
LogInit: Base directory: C:/Program Files/Epic Games/4.7/Engine/Binaries/Win64/
LogInit: Rocket: 1
[2015.04.15-21.40.40:831][  0]LogTaskGraph: Started task graph with 3 named threads and 6 total threads.
[2015.04.15-21.40.40:896][  0]LogOnline:Warning: No default platform service specified for OnlineSubsystem
[2015.04.15-21.40.40:911][  0]LogInit: Presizing for 0 objects not considered by GC, pre-allocating 0 bytes.
[2015.04.15-21.40.40:918][  0]LogInit: Object subsystem initialized
[2015.04.15-21.40.40:919][  0]LogConsoleResponse:Warning: Skipping Unknown console variable: 'TranslucentSortAxis = (X=0.000000,Y=-1.000000,Z=0.000000)'
[2015.04.15-21.40.40:919][  0]LogConsoleResponse:Warning:   Found in ini file 'C:/Users/admin/Documents/GitHub/SpaceGame/Saved/Config/Windows/Engine.ini', in section '[/Script/Engine.RendererSettings]'
[2015.04.15-21.40.40:919][  0]LogConsoleResponse:Warning: Skipping Unknown console variable: 'UIScaleRule = ShortestSide'
[2015.04.15-21.40.40:919][  0]LogConsoleResponse:Warning:   Found in ini file 'C:/Users/admin/Documents/GitHub/SpaceGame/Saved/Config/Windows/Engine.ini', in section '[/Script/Engine.RendererSettings]'
[2015.04.15-21.40.40:919][  0]LogConsoleResponse:Warning: Skipping Unknown console variable: 'UIScaleCurve = (EditorCurveData=(Keys=),ExternalCurve=None)'
[2015.04.15-21.40.40:919][  0]LogConsoleResponse:Warning:   Found in ini file 'C:/Users/admin/Documents/GitHub/SpaceGame/Saved/Config/Windows/Engine.ini', in section '[/Script/Engine.RendererSettings]'
[2015.04.15-21.40.40:920][  0]LogInit: Selected Device Profile: [Windows]
[2015.04.15-21.40.40:920][  0]LogInit: Applying CVar settings loaded from the selected device profile: [Windows]
[2015.04.15-21.40.40:926][  0]LogInit: Computer: ADMIN-PC
[2015.04.15-21.40.40:926][  0]LogInit: User: admin
[2015.04.15-21.40.40:926][  0]LogInit: CPU Page size=4096, Cores=4
[2015.04.15-21.40.40:926][  0]LogInit: High frequency timer resolution =14.318180 MHz
[2015.04.15-21.40.40:926][  0]LogMemory: Memory total: Physical=15.9GB (16GB approx) Virtual=131072.0GB
[2015.04.15-21.40.40:926][  0]LogMemory: Platform Memory Stats for Windows
[2015.04.15-21.40.40:926][  0]LogMemory: Process Physical Memory: 46.88 MB used, 46.88 MB peak
[2015.04.15-21.40.40:926][  0]LogMemory: Process Virtual Memory: 27.50 MB used, 27.50 MB peak
[2015.04.15-21.40.40:926][  0]LogMemory: Physical Memory: 5091.42 MB used, 16254.34 MB total
[2015.04.15-21.40.40:926][  0]LogMemory: Virtual Memory: 302.16 MB used, 134217728.00 MB total
[2015.04.15-21.40.40:946][  0]LogD3D11RHI: Found D3D11 adapter 0: NVIDIA GeForce GTX 770 (Feature Level 11_0)
[2015.04.15-21.40.40:946][  0]LogD3D11RHI: Adapter has 1987MB of dedicated video memory, 0MB of dedicated system memory, and 2048MB of shared system memory, 2 output[s]
[2015.04.15-21.40.40:951][  0]LogD3D11RHI: Found D3D11 adapter 1: Intel(R) HD Graphics 4600 (Feature Level 11_0)
[2015.04.15-21.40.40:951][  0]LogD3D11RHI: Adapter has 32MB of dedicated video memory, 0MB of dedicated system memory, and 1760MB of shared system memory, 1 output[s]
[2015.04.15-21.40.40:952][  0]LogD3D11RHI: Found D3D11 adapter 2: Microsoft Basic Render Driver (Feature Level 11_0)
[2015.04.15-21.40.40:952][  0]LogD3D11RHI: Adapter has 0MB of dedicated video memory, 0MB of dedicated system memory, and 256MB of shared system memory, 0 output[s]
[2015.04.15-21.40.40:952][  0]LogD3D11RHI: Chosen D3D11 Adapter Id = 0
[2015.04.15-21.40.40:956][  0]LogRHI: Texture pool is 1361 MB (70% of 1945 MB)
[2015.04.15-21.40.40:964][  0]LogD3D11RHI: Async texture creation enabled
[2015.04.15-21.40.41:019][  0]LogTextLocalizationManager: The requested culture ('de_DE') has no localization data; falling back to 'en' for localization and internationalization data.
[2015.04.15-21.40.41:083][  0]LogTextLocalizationManager:Warning: Loading localization resources contain conflicting entries for (Namespace:UICommands, Key:Save_ToolTip):
Resource: (C:/Program Files/Epic Games/4.7/Engine/Content/Localization/Editor/en/Editor.locres) Hash: (-29098895) String: (Saves the current level to disk)
Resource: (C:/Program Files/Epic Games/4.7/Engine/Content/Localization/Engine/en/Engine.locres) Hash: (-1280300587) String: (Save selected data to vlog file)
[2015.04.15-21.40.41:083][  0]LogTextLocalizationManager:Warning: Loading localization resources contain conflicting entries for (Namespace:ContentBrowser, Key:ImportAssetToolTip):
Resource: (C:/Program Files/Epic Games/4.7/Engine/Content/Localization/Editor/en/Editor.locres) Hash: (-630476809) String: (Import to {0}...)
Resource: (C:/Program Files/Epic Games/4.7/Engine/Content/Localization/Editor/en/Editor.locres) Hash: (1271782899) String: (Imports an asset from file to this folder.)
[2015.04.15-21.40.41:149][  0]LogContentStreaming: Texture pool size is 0.000000MB
[2015.04.15-21.40.42:899][  0]LogTargetPlatformManager:Display: Building Assets For Windows
[2015.04.15-21.40.43:287][  0]LogTargetPlatformManager:Display: Building Assets For Windows
[2015.04.15-21.40.43:332][  0]LogDerivedDataCache:Display: Max Cache Size: 512 MB
[2015.04.15-21.40.43:370][  0]LogDerivedDataCache: Loaded boot cache 0.04s 39MB C:/Users/admin/AppData/Local/UnrealEngine/4.7/DerivedDataCache/Boot.ddc.
[2015.04.15-21.40.43:370][  0]LogDerivedDataCache:Display: Loaded Boot cache: C:/Users/admin/AppData/Local/UnrealEngine/4.7/DerivedDataCache/Boot.ddc
[2015.04.15-21.40.43:370][  0]LogDerivedDataCache: FDerivedDataBackendGraph:  Pak pak cache file ../../../../../../Users/admin/Documents/GitHub/SpaceGame/DerivedDataCache/DDC.ddp not found, will not use a pak cache.
[2015.04.15-21.40.43:370][  0]LogDerivedDataCache: Unable to find inner node Pak for hierarchical cache Hierarchy.
[2015.04.15-21.40.43:459][  0]LogDerivedDataCache:Display: Pak cache opened for reading ../../../Engine/DerivedDataCache/Compressed.ddp.
[2015.04.15-21.40.43:471][  0]LogDerivedDataCache: Using Local data cache path C:/Users/admin/AppData/Local/UnrealEngine/Common/DerivedDataCache: Writable
[2015.04.15-21.40.43:684][  0]LogMeshUtilities: No automatic mesh reduction module available
[2015.04.15-21.40.43:684][  0]LogMeshUtilities: No automatic mesh merging module available
[2015.04.15-21.40.43:970][  0]LogInit: WinSock: version 1.1 (2.2), MaxSocks=32767, MaxUdp=65467
[2015.04.15-21.40.44:026][  0]LogSlate:Warning: Failed to load font data from '../../../Engine/Content/Slate/Fonts/Roboto-Italic.ttf'
[2015.04.15-21.40.44:594][  0]UdpMessaging: Initializing bridge on interface 0.0.0.0:0 to multicast group 230.0.0.1:6666.
[2015.04.15-21.40.44:798][  0]SourceControl: Info Source control is disabled
[2015.04.15-21.40.44:798][  0]SourceControl: Info Source control is disabled
[2015.04.15-21.40.44:798][  0]SourceControl: Info Source control is disabled
[2015.04.15-21.40.44:798][  0]LogSourceControl: RunCommandInternalRaw: 'git version'
[2015.04.15-21.40.44:798][  0]LogSourceControl: RunCommandInternalRaw: ExecProcess ReturnCode=2 OutResults=''
[2015.04.15-21.40.44:805][  0]SourceControl: Info Source control is disabled
[2015.04.15-21.40.44:939][  0]LogObj: 24232 objects as part of root set at end of initial load.
[2015.04.15-21.40.44:939][  0]LogUObjectAllocator: 5137176 out of 0 bytes used by permanent object pool.
[2015.04.15-21.40.45:003][  0]LogEngine: Initializing Engine...
[2015.04.15-21.40.47:149][  0]LogInit: XAudio2 using 'Lautsprecher (Logitech USB Headset)' : 2 channels at 44.1 kHz using 16 bits per sample (channel mask 0x3)
[2015.04.15-21.40.47:156][  0]LogInit: FAudioDevice initialized.
[2015.04.15-21.40.47:184][  0]LogAIModule: Creating AISystem for world NewWorld
[2015.04.15-21.40.47:207][  0]LogDerivedDataCache: Saved boot cache 0.02s 39MB C:/Users/admin/AppData/Local/UnrealEngine/4.7/DerivedDataCache/Boot.ddc.
[2015.04.15-21.40.47:213][  0]LogInit: Texture streaming: Enabled
[2015.04.15-21.40.47:280][  0]LogAnalytics: Creating configured Analytics provider AnalyticsET
[2015.04.15-21.40.47:280][  0]LogAnalytics: ET APIKey = Rocket.Release. APIServer = http://et2.epicgames.com/ET2/. AppVersion = 4.7.5-2503383+++depot+UE4-Releases+4.7
[2015.04.15-21.40.47:280][  0]LogAnalytics: ET APIKey = Rocket.Release. DataRouterUploadURL = https://datarouter-public-service-gamedev.ol.epicgames.net/datarouter/api/v1/public/data. AppVersion = 4.7.5-2503383+++depot+UE4-Releases+4.7
[2015.04.15-21.40.47:280][  0]LogAnalytics: SetUserId dde3deed4523c0a2a770c48b31092dad|9afb1e8fda0a480cb286d8fd65efbaea|7aadb3ab-5297-4333-a6d6-a0753f16fa7d
[2015.04.15-21.40.47:280][  0]LogAnalytics: AnalyticsET::StartSession [Rocket.Release]
[2015.04.15-21.40.47:300][  0]LogInit: Transaction tracking system initialized
[2015.04.15-21.40.47:433][  0]BlueprintLog: New page: Editor Load
[2015.04.15-21.40.47:465][  0]LogAssetRegistry: FAssetRegistry took 0.0109 seconds to start up
[2015.04.15-21.40.47:465][  0]LogDirectoryWatcher:Warning: Failed to begin reading directory changes for ../../../Engine/Plugins/Experimental/CharacterAI/Content/. Error: 0
[2015.04.15-21.40.47:867][  0]LogTargetPlatformManager:Display: Building Assets For Windows
[2015.04.15-21.40.48:149][  0]LogTargetPlatformManager:Display: Building Assets For Windows
[2015.04.15-21.40.48:335][  0]LogSlate:Warning: Failed to load font data from '../../../Engine/Content/Editor/Slate/Fonts/Roboto-Regular.ttf'
[2015.04.15-21.40.48:336][  0]LogSlate:Warning: Failed to load font data from '../../../Engine/Content/Editor/Slate/Fonts/Roboto-Bold.ttf'
[2015.04.15-21.40.48:339][  0]LogConsoleResponse:Display: 
[2015.04.15-21.40.48:434][  0]LogCook:Display: Done creating registry. It took  0.00s.
[2015.04.15-21.40.48:540][  0]SourceControl: Info Source control is disabled
[2015.04.15-21.40.48:540][  0]Cmd: MAP LOAD FILE="../../../../../../Users/admin/Documents/GitHub/SpaceGame/Content/StarterContent/Maps/Minimal_Default.umap" TEMPLATE=0 SHOWPROGRESS=1 FEATURELEVEL=3
[2015.04.15-21.40.48:540][  0]LightingResults: New page: Lighting Build
[2015.04.15-21.40.48:549][  0]MapCheck: New page: Map Check
[2015.04.15-21.40.48:549][  0]LightingResults: New page: Lighting Build
[2015.04.15-21.40.48:555][  0]LogParticles: Destroying 0 GPU particle simulations for FXSystem 0x000000A4580E3B00
[2015.04.15-21.40.49:093][  0]LogEditorServer: Finished looking for orphan Actors (0.000 secs)
[2015.04.15-21.40.49:102][  0]LogAIModule: Creating AISystem for world Minimal_Default
[2015.04.15-21.40.49:103][  0]Cmd: MAP CHECKDEP
[2015.04.15-21.40.49:103][  0]MapCheck: New page: Minimal_Default - Apr 16, 2015, 1:40:49 AM
[2015.04.15-21.40.49:162][  0]MapCheck: Info Map check complete: 0 Error(s), 0 Warning(s), took 59.506ms to complete.
[2015.04.15-21.40.49:163][  0]LogFileHelpers: Loading map 'Minimal_Default' took 0.623
[2015.04.15-21.40.49:307][  0]LogCollectionManager: Loaded 0 collections in 0.001350 seconds
[2015.04.15-21.40.49:315][  0]LogContentBrowser: Native class hierarchy populated in 0.0077 seconds. Added 1696 classes and 261 folders.
[2015.04.15-21.40.49:348][  0]LogContentBrowser: Native class hierarchy updated for 'SceneOutliner' in 0.0015 seconds. Added 1 classes and 2 folders.
[2015.04.15-21.40.49:387][  0]LogCrashTracker: Crashtracker disabled due to settings.
[2015.04.15-21.40.49:388][  0]LogSlate:Warning: Failed to load font data from 'Veranda'
[2015.04.15-21.40.49:398][  0]LogUObjectGlobals:Warning: Failed to find object 'Class None.'
[2015.04.15-21.40.49:423][  0]LogLoad: Full Startup: 10.27 seconds (BP compile: 0.06 seconds)
[2015.04.15-21.40.50:030][  0]LogRenderer:Warning: Reallocating scene render targets to support 1208x512 (Frame:2).
[2015.04.15-21.40.52:885][  9]LogAssetRegistry: Asset discovery search completed in 5.4317 seconds
[2015.04.15-21.40.55:921][193]LogContentBrowser:Verbose: The content browser source was changed by the sources view to '/Game/StarterContent'
[2015.04.15-21.40.59:387][596]LogContentBrowser:Verbose: The content browser source was changed by the sources view to '/Game/StarterContent/MyCharacter'
[2015.04.15-21.41.00:464][720]LogContentBrowser:Verbose: The content browser source was changed by the sources view to '/Game/StarterContent/MyCharacter/ODST_Character'
[2015.04.15-21.41.04:109][139]LogContentBrowser:Verbose: The content browser source was changed by the sources view to '/Game/StarterContent/MyCharacter'
[2015.04.15-21.41.05:393][292]LogContentBrowser:Verbose: The content browser source was changed by the sources view to '/Game/StarterContent/MyCharacter/ODST_Character'
[2015.04.15-21.41.06:106][371]LogContentBrowser:Verbose: The content browser source was changed by the sources view to '/Game/StarterContent/MyCharacter/Vincent'
[2015.04.15-21.41.07:277][507]LogContentBrowser:Verbose: The content browser source was changed by the sources view to '/Game/StarterContent/MyCharacter/ODST_Character'
[2015.04.15-21.41.19:365][873]LogContentBrowser:Verbose: The content browser source was changed by the sources view to '/Game/StarterContent/MyCharacter/Vincent'
[2015.04.15-21.41.20:110][960]LogContentBrowser:Verbose: The content browser source was changed by the sources view to '/Game/StarterContent/MyCharacter/ODST_Character'
[2015.04.15-21.41.21:790][155]LogContentBrowser:Verbose: The content browser source was changed by the sources view to '/Game/StarterContent/MyCharacter/ODST_Character/Animation'
[2015.04.15-21.41.24:109][373]LogContentBrowser:Verbose: The content browser source was changed by the sources view to '/Game/StarterContent/MyCharacter/ODST_Character'
[2015.04.15-21.41.25:187][495]LogContentBrowser:Verbose: The content browser source was changed by the sources view to '/Game/StarterContent/MyCharacter/ODST_Character/Animation'
[2015.04.15-21.41.26:702][624]LogContentBrowser:Verbose: The content browser source was changed by the sources view to '/Game/StarterContent/MyCharacter/Vincent'
[2015.04.15-21.41.27:458][711]LogContentBrowser:Verbose: The content browser source was changed by the sources view to '/Game/StarterContent/MyCharacter/ODST_Character/Animation'
[2015.04.15-21.41.29:107][862]LogContentBrowser:Verbose: The content browser source was changed by the sources view to '/Game/StarterContent/Blueprints'
[2015.04.15-21.41.33:661][400]LogContentBrowser:Verbose: The content browser source was changed by the sources view to '/Game/StarterContent/MyCharacter'
[2015.04.15-21.41.35:541][625]LogContentBrowser:Verbose: The content browser source was changed by the sources view to '/Game/StarterContent/MyCharacter/ODST_Character'
[2015.04.15-21.41.39:050][995]LogContentBrowser:Verbose: The content browser source was changed by the sources view to '/Game/StarterContent/MyCharacter/ODST_Character'
[2015.04.15-21.41.45:607][754]LogSavePackage: Save=66.752480ms
[2015.04.15-21.41.45:607][754]LogSavePackage: Moving '../../../../../../Users/admin/Documents/GitHub/SpaceGame/Saved/Minimal_DefaultDEAFCA0844203B9670AD6984108F84D9.tmp' to '../../../../../../Users/admin/Documents/GitHub/SpaceGame/Content/StarterContent/Maps/Minimal_Default.umap'
[2015.04.15-21.41.47:974][  6]LogContentBrowser:Verbose: The content browser source was changed by the sources view to '/Game/StarterContent/MyCharacter/ODST_Character/Blueprint'
[2015.04.15-21.41.57:785][743]LogLinker:Warning: Asset '../../../Engine/Content/EngineMeshes/Humanoid.uasset' has been saved with empty engine version. The asset will be loaded but may be incompatible.
[2015.04.15-21.41.57:798][743]LogContentBrowser:Verbose: The content browser source was changed by the sources view to '/Game/StarterContent/MyCharacter/ODST_Character/Blueprint'
[2015.04.15-21.42.12:562][400]LogSkeletalMesh: InitArticulated: Bodies already created (/Engine/Transient.DebugSkelMeshComponent_0) - call TermArticulated first.
[2015.04.15-21.42.12:616][400]LogLinker:Warning: Asset '../../../Engine/Content/Tutorial/SubEditors/PersonaAnimEditorTutorial.uasset' has been saved with empty engine version. The asset will be loaded but may be incompatible.
[2015.04.15-21.42.12:689][400]LogContentBrowser:Verbose: The majority of assets in the view are of type: AnimSequence
[2015.04.15-21.44.39:441][939]LogUObjectGlobals:Warning: Failed to find object 'Object None.'
[2015.04.15-21.44.39:441][939]LogUObjectGlobals:Warning: Failed to find object 'Object None.'
[2015.04.15-21.44.39:442][939]LogUObjectGlobals:Warning: Failed to find object 'Object None.'
[2015.04.15-21.44.39:442][939]LogUObjectGlobals:Warning: Failed to find object 'Object None.'
[2015.04.15-21.44.39:442][939]LogUObjectGlobals:Warning: Failed to find object 'Object None.'
[2015.04.15-21.44.39:442][939]LogUObjectGlobals:Warning: Failed to find object 'Object None.'
[2015.04.15-21.44.39:442][939]LogUObjectGlobals:Warning: Failed to find object 'Object None.'
[2015.04.15-21.44.39:442][939]LogUObjectGlobals:Warning: Failed to find object 'Object None.'
[2015.04.15-21.44.39:442][939]LogUObjectGlobals:Warning: Failed to find object 'Object None.'
[2015.04.15-21.44.39:442][939]LogUObjectGlobals:Warning: Failed to find object 'Object None.'
[2015.04.15-21.44.39:442][939]LogUObjectGlobals:Warning: Failed to find object 'Object None.'
[2015.04.15-21.44.39:442][939]LogUObjectGlobals:Warning: Failed to find object 'Object None.'
[2015.04.15-21.44.39:442][939]LogUObjectGlobals:Warning: Failed to find object 'Object None.'
[2015.04.15-21.44.39:442][939]LogUObjectGlobals:Warning: Failed to find object 'Object None.'
[2015.04.15-21.44.39:442][939]LogUObjectGlobals:Warning: Failed to find object 'Object None.'
[2015.04.15-21.44.39:442][939]LogUObjectGlobals:Warning: Failed to find object 'Object None.'
[2015.04.15-21.44.39:442][939]LogUObjectGlobals:Warning: Failed to find object 'Object None.'
[2015.04.15-21.44.39:442][939]LogUObjectGlobals:Warning: Failed to find object 'Object None.'
[2015.04.15-21.44.39:443][939]LogUObjectGlobals:Warning: Failed to find object 'Object None.'
[2015.04.15-21.44.39:443][939]LogUObjectGlobals:Warning: Failed to find object 'Object None.'
[2015.04.15-21.44.39:443][939]LogUObjectGlobals:Warning: Failed to find object 'Object None.'
[2015.04.15-21.44.39:443][939]LogUObjectGlobals:Warning: Failed to find object 'Object None.'
[2015.04.15-21.44.39:443][939]LogUObjectGlobals:Warning: Failed to find object 'Object None.'
[2015.04.15-21.44.39:443][939]LogUObjectGlobals:Warning: Failed to find object 'Object None.'
[2015.04.15-21.44.39:443][939]LogUObjectGlobals:Warning: Failed to find object 'Object None.'
[2015.04.15-21.44.39:443][939]LogUObjectGlobals:Warning: Failed to find object 'Object None.'
[2015.04.15-21.44.39:443][939]LogUObjectGlobals:Warning: Failed to find object 'Object None.'
[2015.04.15-21.44.39:444][939]LogProperty:Warning: ObjectProperty /Script/Engine.EdGraphPin:LinkedTo.LinkedTo: unresolved reference to 'EdGraphPin'K2Node_CallFunction_111602.EdGraphPin_3647''
[2015.04.15-21.44.39:444][939]LogProperty:Warning: ObjectProperty /Script/Engine.EdGraphPin:LinkedTo.LinkedTo: unresolved reference to 'EdGraphPin'K2Node_CallFunction_5988.EdGraphPin_3458''
[2015.04.15-21.44.39:446][939]LogProperty:Warning: ObjectProperty /Script/Engine.EdGraphPin:LinkedTo.LinkedTo: unresolved reference to 'EdGraphPin'K2Node_CallFunction_6134.EdGraphPin_3471''
[2015.04.15-21.44.39:447][939]LogProperty:Warning: ObjectProperty /Script/Engine.EdGraphPin:LinkedTo.LinkedTo: unresolved reference to 'EdGraphPin'K2Node_CallFunction_6170.EdGraphPin_3479''
[2015.04.15-21.44.39:448][939]LogProperty:Warning: ObjectProperty /Script/Engine.EdGraphPin:LinkedTo.LinkedTo: unresolved reference to 'EdGraphPin'K2Node_CallFunction_14338.EdGraphPin_3669''
[2015.04.15-21.44.39:450][939]LogProperty:Warning: ObjectProperty /Script/Engine.EdGraphPin:LinkedTo.LinkedTo: unresolved reference to 'EdGraphPin'K2Node_CallFunction_7589.EdGraphPin_3494''
[2015.04.15-21.44.39:450][939]LogProperty:Warning: ObjectProperty /Script/Engine.EdGraphPin:LinkedTo.LinkedTo: unresolved reference to 'EdGraphPin'K2Node_CallFunction_8062.EdGraphPin_3506''
[2015.04.15-21.44.39:451][939]LogProperty:Warning: ObjectProperty /Script/Engine.EdGraphPin:LinkedTo.LinkedTo: unresolved reference to 'EdGraphPin'K2Node_VariableSet_448.EdGraphPin_3588''
[2015.04.15-21.44.39:452][939]LogUObjectHash:Warning: Ambiguous search, could be K2Node_IfThenElse /Game/StarterContent/MyCharacter/ODST_Character/Blueprint/MyCharacter.MyCharacter:EventGraph.K2Node_IfThenElse_25 or K2Node_IfThenElse /Engine/EditorBlueprintResources/StandardMacros.StandardMacros:Gate.K2Node_IfThenElse_25
[2015.04.15-21.44.39:452][939]LogProperty:Warning: ObjectProperty /Script/Engine.EdGraphPin:LinkedTo.LinkedTo: unresolved reference to 'EdGraphPin'K2Node_IfThenElse_25.EdGraphPin_3518''
[2015.04.15-21.44.39:454][939]LogProperty:Warning: ObjectProperty /Script/Engine.EdGraphPin:LinkedTo.LinkedTo: unresolved reference to 'EdGraphPin'K2Node_VariableSet_432.EdGraphPin_3564''
[2015.04.15-21.44.39:455][939]LogProperty:Warning: ObjectProperty /Script/Engine.EdGraphPin:LinkedTo.LinkedTo: unresolved reference to 'EdGraphPin'K2Node_IfThenElse_27.EdGraphPin_3531''
[2015.04.15-21.44.39:456][939]LogProperty:Warning: ObjectProperty /Script/Engine.EdGraphPin:LinkedTo.LinkedTo: unresolved reference to 'EdGraphPin'K2Node_VariableSet_432.EdGraphPin_3562''
[2015.04.15-21.44.39:456][939]LogProperty:Warning: ObjectProperty /Script/Engine.EdGraphPin:LinkedTo.LinkedTo: unresolved reference to 'EdGraphPin'K2Node_VariableSet_448.EdGraphPin_3586''
[2015.04.15-21.44.39:457][939]LogProperty:Warning: ObjectProperty /Script/Engine.EdGraphPin:LinkedTo.LinkedTo: unresolved reference to 'EdGraphPin'K2Node_VariableSet_834.EdGraphPin_3623''
[2015.04.15-21.44.39:458][939]LogProperty:Warning: ObjectProperty /Script/Engine.EdGraphPin:LinkedTo.LinkedTo: unresolved reference to 'EdGraphPin'K2Node_CallFunction_8683.EdGraphPin_3544''
[2015.04.15-21.44.39:458][939]LogProperty:Warning: ObjectProperty /Script/Engine.EdGraphPin:LinkedTo.LinkedTo: unresolved reference to 'EdGraphPin'K2Node_VariableSet_440.EdGraphPin_3574''
[2015.04.15-21.44.39:459][939]LogProperty:Warning: ObjectProperty /Script/Engine.EdGraphPin:LinkedTo.LinkedTo: unresolved reference to 'EdGraphPin'K2Node_CallFunction_9156.EdGraphPin_3555''
[2015.04.15-21.44.39:461][939]LogProperty:Warning: ObjectProperty /Script/Engine.EdGraphPin:LinkedTo.LinkedTo: unresolved reference to 'EdGraphPin'K2Node_CallFunction_111602.EdGraphPin_3647''
[2015.04.15-21.44.39:461][939]LogProperty:Warning: ObjectProperty /Script/Engine.EdGraphPin:LinkedTo.LinkedTo: unresolved reference to 'EdGraphPin'K2Node_VariableSet_834.EdGraphPin_3624''
[2015.04.15-21.44.39:463][939]LogProperty:Warning: ObjectProperty /Script/Engine.EdGraphPin:LinkedTo.LinkedTo: unresolved reference to 'EdGraphPin'K2Node_VariableSet_464.EdGraphPin_3598''
[2015.04.15-21.44.39:463][939]LogLinker:Warning: Can't find file '/Game/Animations/Blueprints/MyCharacterBP'
[2015.04.15-21.44.39:464][939]LogLinker: Can't find file '/Game/Animations/Blueprints/MyCharacterBP'
[2015.04.15-21.44.39:464][939]LogProperty:Warning: WeakObjectProperty /Script/Engine.EdGraphPin:EdGraphPinType.PinSubCategoryObject: unresolved reference to 'AnimBlueprintGeneratedClass'/Game/Animations/Blueprints/MyCharacterBP.MyCharacterBP_C')'
[2015.04.15-21.44.39:465][939]LogProperty:Warning: ObjectProperty /Script/Engine.EdGraphPin:LinkedTo.LinkedTo: unresolved reference to 'EdGraphPin'K2Node_VariableSet_464.EdGraphPin_3598''
[2015.04.15-21.44.39:466][939]LogLinker:Warning: Can't find file '/Game/Animations/Blueprints/MyCharacterBP'
[2015.04.15-21.44.39:466][939]LogLinker: Can't find file '/Game/Animations/Blueprints/MyCharacterBP'
[2015.04.15-21.44.39:466][939]LogProperty:Warning: WeakObjectProperty /Script/Engine.EdGraphPin:EdGraphPinType.PinSubCategoryObject: unresolved reference to 'AnimBlueprintGeneratedClass'/Game/Animations/Blueprints/MyCharacterBP.MyCharacterBP_C')'
[2015.04.15-21.44.39:468][939]LogProperty:Warning: ObjectProperty /Script/Engine.EdGraphPin:LinkedTo.LinkedTo: unresolved reference to 'EdGraphPin'K2Node_VariableSet_464.EdGraphPin_3598''
[2015.04.15-21.44.39:468][939]LogLinker:Warning: Can't find file '/Game/Animations/Blueprints/MyCharacterBP'
[2015.04.15-21.44.39:469][939]LogLinker: Can't find file '/Game/Animations/Blueprints/MyCharacterBP'
[2015.04.15-21.44.39:469][939]LogProperty:Warning: WeakObjectProperty /Script/Engine.EdGraphPin:EdGraphPinType.PinSubCategoryObject: unresolved reference to 'AnimBlueprintGeneratedClass'/Game/Animations/Blueprints/MyCharacterBP.MyCharacterBP_C')'
[2015.04.15-21.44.39:470][939]LogProperty:Warning: ObjectProperty /Script/Engine.EdGraphPin:LinkedTo.LinkedTo: unresolved reference to 'EdGraphPin'K2Node_CallFunction_15968.EdGraphPin_3749''
[2015.04.15-21.44.39:471][939]LogLinker:Warning: Can't find file '/Game/Animations/Blueprints/MyCharacterBP'
[2015.04.15-21.44.39:471][939]LogLinker: Can't find file '/Game/Animations/Blueprints/MyCharacterBP'
[2015.04.15-21.44.39:471][939]LogProperty:Warning: WeakObjectProperty /Script/Engine.EdGraphPin:EdGraphPinType.PinSubCategoryObject: unresolved reference to 'AnimBlueprintGeneratedClass'/Game/Animations/Blueprints/MyCharacterBP.MyCharacterBP_C')'
[2015.04.15-21.44.39:473][939]LogProperty:Warning: ObjectProperty /Script/Engine.EdGraphPin:LinkedTo.LinkedTo: unresolved reference to 'EdGraphPin'K2Node_DynamicCast_7.EdGraphPin_6092''
[2015.04.15-21.44.39:473][939]LogProperty:Warning: ObjectProperty /Script/Engine.EdGraphPin:LinkedTo.LinkedTo: unresolved reference to 'EdGraphPin'K2Node_VariableSet_834.EdGraphPin_3622''
[2015.04.15-21.44.39:473][939]LogProperty:Warning: ObjectProperty /Script/Engine.EdGraphPin:LinkedTo.LinkedTo: unresolved reference to 'EdGraphPin'K2Node_CallFunction_111442.EdGraphPin_3641''
[2015.04.15-21.44.39:473][939]LogLinker:Warning: Can't find file '/Game/Animations/Blueprints/MyCharacterBP'
[2015.04.15-21.44.39:474][939]LogLinker: Can't find file '/Game/Animations/Blueprints/MyCharacterBP'
[2015.04.15-21.44.39:474][939]LogProperty:Warning: WeakObjectProperty /Script/Engine.EdGraphPin:EdGraphPinType.PinSubCategoryObject: unresolved reference to 'AnimBlueprintGeneratedClass'/Game/Animations/Blueprints/MyCharacterBP.MyCharacterBP_C')'
[2015.04.15-21.44.39:476][939]LogLinker:Warning: Can't find file '/Game/Animations/Blueprints/MyCharacterBP'
[2015.04.15-21.44.39:476][939]LogLinker: Can't find file '/Game/Animations/Blueprints/MyCharacterBP'
[2015.04.15-21.44.39:476][939]LogProperty:Warning: WeakObjectProperty /Script/Engine.EdGraphPin:EdGraphPinType.PinSubCategoryObject: unresolved reference to 'AnimBlueprintGeneratedClass'/Game/Animations/Blueprints/MyCharacterBP.MyCharacterBP_C')'
[2015.04.15-21.44.39:477][939]LogProperty:Warning: ObjectProperty /Script/Engine.EdGraphPin:LinkedTo.LinkedTo: unresolved reference to 'EdGraphPin'K2Node_DynamicCast_7.EdGraphPin_6095''
[2015.04.15-21.44.39:477][939]LogProperty:Warning: ObjectProperty /Script/Engine.EdGraphPin:LinkedTo.LinkedTo: unresolved reference to 'EdGraphPin'K2Node_CallFunction_111442.EdGraphPin_3640''
[2015.04.15-21.44.39:479][939]LogProperty:Warning: ObjectProperty /Script/Engine.EdGraphPin:LinkedTo.LinkedTo: unresolved reference to 'EdGraphPin'K2Node_DynamicCast_7.EdGraphPin_6095''
[2015.04.15-21.44.39:480][939]LogProperty:Warning: ObjectProperty /Script/Engine.EdGraphPin:LinkedTo.LinkedTo: unresolved reference to 'EdGraphPin'K2Node_DynamicCast_7.EdGraphPin_6095''
[2015.04.15-21.44.39:480][939]LogProperty:Warning: ObjectProperty /Script/Engine.EdGraphPin:LinkedTo.LinkedTo: unresolved reference to 'EdGraphPin'K2Node_CallFunction_14538.EdGraphPin_3681''
[2015.04.15-21.44.39:481][939]LogProperty:Warning: ObjectProperty /Script/Engine.EdGraphPin:LinkedTo.LinkedTo: unresolved reference to 'EdGraphPin'K2Node_DynamicCast_7.EdGraphPin_6095''
[2015.04.15-21.44.39:482][939]LogProperty:Warning: ObjectProperty /Script/Engine.EdGraphPin:LinkedTo.LinkedTo: unresolved reference to 'EdGraphPin'K2Node_CallFunction_14538.EdGraphPin_3682''
[2015.04.15-21.44.39:483][939]LogProperty:Warning: ObjectProperty /Script/Engine.EdGraphPin:LinkedTo.LinkedTo: unresolved reference to 'EdGraphPin'K2Node_CallFunction_15661.EdGraphPin_3714''
[2015.04.15-21.44.39:484][939]LogProperty:Warning: ObjectProperty /Script/Engine.EdGraphPin:LinkedTo.LinkedTo: unresolved reference to 'EdGraphPin'K2Node_CallFunction_15625.EdGraphPin_3698''
[2015.04.15-21.44.39:485][939]LogLinker:Warning: Can't find file '/Game/Animations/Blueprints/MyCharacterBP'
[2015.04.15-21.44.39:485][939]LogLinker: Can't find file '/Game/Animations/Blueprints/MyCharacterBP'
[2015.04.15-21.44.39:485][939]LogProperty:Warning: WeakObjectProperty /Script/Engine.EdGraphPin:EdGraphPinType.PinSubCategoryObject: unresolved reference to 'AnimBlueprintGeneratedClass'/Game/Animations/Blueprints/MyCharacterBP.MyCharacterBP_C')'
[2015.04.15-21.44.39:487][939]LogProperty:Warning: ObjectProperty /Script/Engine.EdGraphPin:LinkedTo.LinkedTo: unresolved reference to 'EdGraphPin'K2Node_CallFunction_15661.EdGraphPin_3713''
[2015.04.15-21.44.39:489][939]LogProperty:Warning: ObjectProperty /Script/Engine.EdGraphPin:LinkedTo.LinkedTo: unresolved reference to 'EdGraphPin'K2Node_Event_40.EdGraphPin_3433''
[2015.04.15-21.44.39:489][939]LogProperty:Warning: ObjectProperty /Script/Engine.EdGraphPin:LinkedTo.LinkedTo: unresolved reference to 'EdGraphPin'K2Node_CallFunction_15697.EdGraphPin_3731''
[2015.04.15-21.44.39:491][939]LogProperty:Warning: ObjectProperty /Script/Engine.EdGraphPin:LinkedTo.LinkedTo: unresolved reference to 'EdGraphPin'K2Node_CallFunction_15968.EdGraphPin_3746''
[2015.04.15-21.44.39:500][939]LogBlueprint:Warning: [MyCharacter] CreatePinForVariable: 'Direction' variable not found. Base class was probably changed.
[2015.04.15-21.44.39:500][939]LogBlueprint:Warning: [MyCharacter] CreatePinForVariable: 'Direction' variable not found. Base class was probably changed.
[2015.04.15-21.44.39:500][939]LogBlueprint:Warning: [MyCharacter] CreatePinForVariable: 'Direction' variable not found. Base class was probably changed.
[2015.04.15-21.44.39:500][939]LogBlueprint:Warning: [MyCharacter] CreatePinForVariable: 'Direction' variable not found. Base class was probably changed.
[2015.04.15-21.44.39:500][939]LogBlueprint:Warning: [MyCharacter] CreatePinForVariable: 'Direction' variable not found. Base class was probably changed.
[2015.04.15-21.44.39:500][939]LogBlueprint:Warning: [MyCharacter] CreatePinForVariable: 'Direction' variable not found. Base class was probably changed.
[2015.04.15-21.44.39:501][939]LogBlueprint:Warning: [MyCharacter] CreatePinForVariable: 'AimPitch' variable not found. Base class was probably changed.
[2015.04.15-21.44.39:501][939]LogBlueprint:Warning: [MyCharacter] CreatePinForVariable: 'AimPitch' variable not found. Base class was probably changed.
[2015.04.15-21.44.39:501][939]LogBlueprint:Warning: [MyCharacter] CreatePinForVariable: 'IsJumping' variable not found. Base class was probably changed.
[2015.04.15-21.44.39:501][939]LogBlueprint:Warning: [MyCharacter] CreatePinForVariable: 'IsJumping' variable not found. Base class was probably changed.
[2015.04.15-21.44.39:501][939]LogBlueprint:Warning: [MyCharacter] CreatePinForVariable: 'Speed' variable not found. Base class was probably changed.
[2015.04.15-21.44.39:501][939]LogBlueprint:Warning: [MyCharacter] CreatePinForVariable: 'Speed' variable not found. Base class was probably changed.
[2015.04.15-21.44.39:504][939]LogBlueprint:Warning: [MyCharacter] CreatePinForVariable: 'AimPitch' variable not found. Base class was probably changed.
[2015.04.15-21.44.43:185][240]LogEditorTransaction: Undo Paste clipboard contents
[2015.04.15-21.44.44:407][339]LogUObjectGlobals:Warning: Failed to find object 'Object None.'
[2015.04.15-21.44.44:407][339]LogUObjectGlobals:Warning: Failed to find object 'Object None.'
[2015.04.15-21.44.44:408][339]LogUObjectGlobals:Warning: Failed to find object 'Object None.'
[2015.04.15-21.44.44:408][339]LogUObjectGlobals:Warning: Failed to find object 'Object None.'
[2015.04.15-21.44.44:408][339]LogUObjectGlobals:Warning: Failed to find object 'Object None.'
[2015.04.15-21.44.44:408][339]LogUObjectGlobals:Warning: Failed to find object 'Object None.'
[2015.04.15-21.44.44:408][339]LogUObjectGlobals:Warning: Failed to find object 'Object None.'
[2015.04.15-21.44.44:409][339]LogUObjectGlobals:Warning: Failed to find object 'Object None.'
[2015.04.15-21.44.44:409][339]LogUObjectGlobals:Warning: Failed to find object 'Object None.'
[2015.04.15-21.44.44:409][339]LogUObjectGlobals:Warning: Failed to find object 'Object None.'
[2015.04.15-21.44.44:409][339]LogUObjectGlobals:Warning: Failed to find object 'Object None.'
[2015.04.15-21.44.44:409][339]LogUObjectGlobals:Warning: Failed to find object 'Object None.'
[2015.04.15-21.44.44:410][339]LogUObjectGlobals:Warning: Failed to find object 'Object None.'
[2015.04.15-21.44.44:410][339]LogUObjectGlobals:Warning: Failed to find object 'Object None.'
[2015.04.15-21.44.44:410][339]LogUObjectGlobals:Warning: Failed to find object 'Object None.'
[2015.04.15-21.44.44:410][339]LogUObjectGlobals:Warning: Failed to find object 'Object None.'
[2015.04.15-21.44.44:410][339]LogUObjectGlobals:Warning: Failed to find object 'Object None.'
[2015.04.15-21.44.44:410][339]LogUObjectGlobals:Warning: Failed to find object 'Object None.'
[2015.04.15-21.44.44:411][339]LogUObjectGlobals:Warning: Failed to find object 'Object None.'
[2015.04.15-21.44.44:411][339]LogUObjectGlobals:Warning: Failed to find object 'Object None.'
[2015.04.15-21.44.44:411][339]LogUObjectGlobals:Warning: Failed to find object 'Object None.'
[2015.04.15-21.44.44:411][339]LogUObjectGlobals:Warning: Failed to find object 'Object None.'
[2015.04.15-21.44.44:411][339]LogUObjectGlobals:Warning: Failed to find object 'Object None.'
[2015.04.15-21.44.44:412][339]LogUObjectGlobals:Warning: Failed to find object 'Object None.'
[2015.04.15-21.44.44:412][339]LogUObjectGlobals:Warning: Failed to find object 'Object None.'
[2015.04.15-21.44.44:412][339]LogUObjectGlobals:Warning: Failed to find object 'Object None.'
[2015.04.15-21.44.44:412][339]LogUObjectGlobals:Warning: Failed to find object 'Object None.'
[2015.04.15-21.44.44:413][339]LogProperty:Warning: ObjectProperty /Script/Engine.EdGraphPin:LinkedTo.LinkedTo: unresolved reference to 'EdGraphPin'K2Node_CallFunction_111602.EdGraphPin_3647''
[2015.04.15-21.44.44:414][339]LogProperty:Warning: ObjectProperty /Script/Engine.EdGraphPin:LinkedTo.LinkedTo: unresolved reference to 'EdGraphPin'K2Node_CallFunction_5988.EdGraphPin_3458''
[2015.04.15-21.44.44:416][339]LogProperty:Warning: ObjectProperty /Script/Engine.EdGraphPin:LinkedTo.LinkedTo: unresolved reference to 'EdGraphPin'K2Node_CallFunction_6134.EdGraphPin_3471''
[2015.04.15-21.44.44:416][339]LogProperty:Warning: ObjectProperty /Script/Engine.EdGraphPin:LinkedTo.LinkedTo: unresolved reference to 'EdGraphPin'K2Node_CallFunction_6170.EdGraphPin_3479''
[2015.04.15-21.44.44:417][339]LogProperty:Warning: ObjectProperty /Script/Engine.EdGraphPin:LinkedTo.LinkedTo: unresolved reference to 'EdGraphPin'K2Node_CallFunction_14338.EdGraphPin_3669''
[2015.04.15-21.44.44:420][339]LogProperty:Warning: ObjectProperty /Script/Engine.EdGraphPin:LinkedTo.LinkedTo: unresolved reference to 'EdGraphPin'K2Node_CallFunction_7589.EdGraphPin_3494''
[2015.04.15-21.44.44:420][339]LogProperty:Warning: ObjectProperty /Script/Engine.EdGraphPin:LinkedTo.LinkedTo: unresolved reference to 'EdGraphPin'K2Node_CallFunction_8062.EdGraphPin_3506''
[2015.04.15-21.44.44:420][339]LogProperty:Warning: ObjectProperty /Script/Engine.EdGraphPin:LinkedTo.LinkedTo: unresolved reference to 'EdGraphPin'K2Node_VariableSet_448.EdGraphPin_3588''
[2015.04.15-21.44.44:422][339]LogUObjectHash:Warning: Ambiguous search, could be K2Node_IfThenElse /Game/StarterContent/MyCharacter/ODST_Character/Blueprint/MyCharacter.MyCharacter:EventGraph.K2Node_IfThenElse_25 or K2Node_IfThenElse /Engine/EditorBlueprintResources/StandardMacros.StandardMacros:Gate.K2Node_IfThenElse_25
[2015.04.15-21.44.44:422][339]LogProperty:Warning: ObjectProperty /Script/Engine.EdGraphPin:LinkedTo.LinkedTo: unresolved reference to 'EdGraphPin'K2Node_IfThenElse_25.EdGraphPin_3518''
[2015.04.15-21.44.44:423][339]LogProperty:Warning: ObjectProperty /Script/Engine.EdGraphPin:LinkedTo.LinkedTo: unresolved reference to 'EdGraphPin'K2Node_VariableSet_432.EdGraphPin_3564''
[2015.04.15-21.44.44:425][339]LogProperty:Warning: ObjectProperty /Script/Engine.EdGraphPin:LinkedTo.LinkedTo: unresolved reference to 'EdGraphPin'K2Node_IfThenElse_27.EdGraphPin_3531''
[2015.04.15-21.44.44:425][339]LogProperty:Warning: ObjectProperty /Script/Engine.EdGraphPin:LinkedTo.LinkedTo: unresolved reference to 'EdGraphPin'K2Node_VariableSet_432.EdGraphPin_3562''
[2015.04.15-21.44.44:425][339]LogProperty:Warning: ObjectProperty /Script/Engine.EdGraphPin:LinkedTo.LinkedTo: unresolved reference to 'EdGraphPin'K2Node_VariableSet_448.EdGraphPin_3586''
[2015.04.15-21.44.44:427][339]LogProperty:Warning: ObjectProperty /Script/Engine.EdGraphPin:LinkedTo.LinkedTo: unresolved reference to 'EdGraphPin'K2Node_VariableSet_834.EdGraphPin_3623''
[2015.04.15-21.44.44:427][339]LogProperty:Warning: ObjectProperty /Script/Engine.EdGraphPin:LinkedTo.LinkedTo: unresolved reference to 'EdGraphPin'K2Node_CallFunction_8683.EdGraphPin_3544''
[2015.04.15-21.44.44:427][339]LogProperty:Warning: ObjectProperty /Script/Engine.EdGraphPin:LinkedTo.LinkedTo: unresolved reference to 'EdGraphPin'K2Node_VariableSet_440.EdGraphPin_3574''
[2015.04.15-21.44.44:429][339]LogProperty:Warning: ObjectProperty /Script/Engine.EdGraphPin:LinkedTo.LinkedTo: unresolved reference to 'EdGraphPin'K2Node_CallFunction_9156.EdGraphPin_3555''
[2015.04.15-21.44.44:430][339]LogProperty:Warning: ObjectProperty /Script/Engine.EdGraphPin:LinkedTo.LinkedTo: unresolved reference to 'EdGraphPin'K2Node_CallFunction_111602.EdGraphPin_3647''
[2015.04.15-21.44.44:431][339]LogProperty:Warning: ObjectProperty /Script/Engine.EdGraphPin:LinkedTo.LinkedTo: unresolved reference to 'EdGraphPin'K2Node_VariableSet_834.EdGraphPin_3624''
[2015.04.15-21.44.44:432][339]LogProperty:Warning: ObjectProperty /Script/Engine.EdGraphPin:LinkedTo.LinkedTo: unresolved reference to 'EdGraphPin'K2Node_VariableSet_464.EdGraphPin_3598''
[2015.04.15-21.44.44:433][339]LogLinker:Warning: Can't find file '/Game/Animations/Blueprints/MyCharacterBP'
[2015.04.15-21.44.44:433][339]LogLinker: Can't find file '/Game/Animations/Blueprints/MyCharacterBP'
[2015.04.15-21.44.44:433][339]LogProperty:Warning: WeakObjectProperty /Script/Engine.EdGraphPin:EdGraphPinType.PinSubCategoryObject: unresolved reference to 'AnimBlueprintGeneratedClass'/Game/Animations/Blueprints/MyCharacterBP.MyCharacterBP_C')'
[2015.04.15-21.44.44:435][339]LogProperty:Warning: ObjectProperty /Script/Engine.EdGraphPin:LinkedTo.LinkedTo: unresolved reference to 'EdGraphPin'K2Node_VariableSet_464.EdGraphPin_3598''
[2015.04.15-21.44.44:435][339]LogLinker:Warning: Can't find file '/Game/Animations/Blueprints/MyCharacterBP'
[2015.04.15-21.44.44:435][339]LogLinker: Can't find file '/Game/Animations/Blueprints/MyCharacterBP'
[2015.04.15-21.44.44:436][339]LogProperty:Warning: WeakObjectProperty /Script/Engine.EdGraphPin:EdGraphPinType.PinSubCategoryObject: unresolved reference to 'AnimBlueprintGeneratedClass'/Game/Animations/Blueprints/MyCharacterBP.MyCharacterBP_C')'
[2015.04.15-21.44.44:437][339]LogProperty:Warning: ObjectProperty /Script/Engine.EdGraphPin:LinkedTo.LinkedTo: unresolved reference to 'EdGraphPin'K2Node_VariableSet_464.EdGraphPin_3598''
[2015.04.15-21.44.44:438][339]LogLinker:Warning: Can't find file '/Game/Animations/Blueprints/MyCharacterBP'
[2015.04.15-21.44.44:438][339]LogLinker: Can't find file '/Game/Animations/Blueprints/MyCharacterBP'
[2015.04.15-21.44.44:438][339]LogProperty:Warning: WeakObjectProperty /Script/Engine.EdGraphPin:EdGraphPinType.PinSubCategoryObject: unresolved reference to 'AnimBlueprintGeneratedClass'/Game/Animations/Blueprints/MyCharacterBP.MyCharacterBP_C')'
[2015.04.15-21.44.44:440][339]LogProperty:Warning: ObjectProperty /Script/Engine.EdGraphPin:LinkedTo.LinkedTo: unresolved reference to 'EdGraphPin'K2Node_CallFunction_15968.EdGraphPin_3749''
[2015.04.15-21.44.44:440][339]LogLinker:Warning: Can't find file '/Game/Animations/Blueprints/MyCharacterBP'
[2015.04.15-21.44.44:440][339]LogLinker: Can't find file '/Game/Animations/Blueprints/MyCharacterBP'
[2015.04.15-21.44.44:440][339]LogProperty:Warning: WeakObjectProperty /Script/Engine.EdGraphPin:EdGraphPinType.PinSubCategoryObject: unresolved reference to 'AnimBlueprintGeneratedClass'/Game/Animations/Blueprints/MyCharacterBP.MyCharacterBP_C')'
[2015.04.15-21.44.44:442][339]LogProperty:Warning: ObjectProperty /Script/Engine.EdGraphPin:LinkedTo.LinkedTo: unresolved reference to 'EdGraphPin'K2Node_DynamicCast_7.EdGraphPin_6092''
[2015.04.15-21.44.44:442][339]LogProperty:Warning: ObjectProperty /Script/Engine.EdGraphPin:LinkedTo.LinkedTo: unresolved reference to 'EdGraphPin'K2Node_VariableSet_834.EdGraphPin_3622''
[2015.04.15-21.44.44:442][339]LogProperty:Warning: ObjectProperty /Script/Engine.EdGraphPin:LinkedTo.LinkedTo: unresolved reference to 'EdGraphPin'K2Node_CallFunction_111442.EdGraphPin_3641''
[2015.04.15-21.44.44:443][339]LogLinker:Warning: Can't find file '/Game/Animations/Blueprints/MyCharacterBP'
[2015.04.15-21.44.44:443][339]LogLinker: Can't find file '/Game/Animations/Blueprints/MyCharacterBP'
[2015.04.15-21.44.44:443][339]LogProperty:Warning: WeakObjectProperty /Script/Engine.EdGraphPin:EdGraphPinType.PinSubCategoryObject: unresolved reference to 'AnimBlueprintGeneratedClass'/Game/Animations/Blueprints/MyCharacterBP.MyCharacterBP_C')'
[2015.04.15-21.44.44:445][339]LogLinker:Warning: Can't find file '/Game/Animations/Blueprints/MyCharacterBP'
[2015.04.15-21.44.44:445][339]LogLinker: Can't find file '/Game/Animations/Blueprints/MyCharacterBP'
[2015.04.15-21.44.44:445][339]LogProperty:Warning: WeakObjectProperty /Script/Engine.EdGraphPin:EdGraphPinType.PinSubCategoryObject: unresolved reference to 'AnimBlueprintGeneratedClass'/Game/Animations/Blueprints/MyCharacterBP.MyCharacterBP_C')'
[2015.04.15-21.44.44:446][339]LogProperty:Warning: ObjectProperty /Script/Engine.EdGraphPin:LinkedTo.LinkedTo: unresolved reference to 'EdGraphPin'K2Node_DynamicCast_7.EdGraphPin_6095''
[2015.04.15-21.44.44:447][339]LogProperty:Warning: ObjectProperty /Script/Engine.EdGraphPin:LinkedTo.LinkedTo: unresolved reference to 'EdGraphPin'K2Node_CallFunction_111442.EdGraphPin_3640''
[2015.04.15-21.44.44:448][339]LogProperty:Warning: ObjectProperty /Script/Engine.EdGraphPin:LinkedTo.LinkedTo: unresolved reference to 'EdGraphPin'K2Node_DynamicCast_7.EdGraphPin_6095''
[2015.04.15-21.44.44:449][339]LogProperty:Warning: ObjectProperty /Script/Engine.EdGraphPin:LinkedTo.LinkedTo: unresolved reference to 'EdGraphPin'K2Node_DynamicCast_7.EdGraphPin_6095''
[2015.04.15-21.44.44:450][339]LogProperty:Warning: ObjectProperty /Script/Engine.EdGraphPin:LinkedTo.LinkedTo: unresolved reference to 'EdGraphPin'K2Node_CallFunction_14538.EdGraphPin_3681''
[2015.04.15-21.44.44:451][339]LogProperty:Warning: ObjectProperty /Script/Engine.EdGraphPin:LinkedTo.LinkedTo: unresolved reference to 'EdGraphPin'K2Node_DynamicCast_7.EdGraphPin_6095''
[2015.04.15-21.44.44:451][339]LogProperty:Warning: ObjectProperty /Script/Engine.EdGraphPin:LinkedTo.LinkedTo: unresolved reference to 'EdGraphPin'K2Node_CallFunction_14538.EdGraphPin_3682''
[2015.04.15-21.44.44:453][339]LogProperty:Warning: ObjectProperty /Script/Engine.EdGraphPin:LinkedTo.LinkedTo: unresolved reference to 'EdGraphPin'K2Node_CallFunction_15661.EdGraphPin_3714''
[2015.04.15-21.44.44:454][339]LogProperty:Warning: ObjectProperty /Script/Engine.EdGraphPin:LinkedTo.LinkedTo: unresolved reference to 'EdGraphPin'K2Node_CallFunction_15625.EdGraphPin_3698''
[2015.04.15-21.44.44:454][339]LogLinker:Warning: Can't find file '/Game/Animations/Blueprints/MyCharacterBP'
[2015.04.15-21.44.44:454][339]LogLinker: Can't find file '/Game/Animations/Blueprints/MyCharacterBP'
[2015.04.15-21.44.44:454][339]LogProperty:Warning: WeakObjectProperty /Script/Engine.EdGraphPin:EdGraphPinType.PinSubCategoryObject: unresolved reference to 'AnimBlueprintGeneratedClass'/Game/Animations/Blueprints/MyCharacterBP.MyCharacterBP_C')'
[2015.04.15-21.44.44:456][339]LogProperty:Warning: ObjectProperty /Script/Engine.EdGraphPin:LinkedTo.LinkedTo: unresolved reference to 'EdGraphPin'K2Node_CallFunction_15661.EdGraphPin_3713''
[2015.04.15-21.44.44:458][339]LogProperty:Warning: ObjectProperty /Script/Engine.EdGraphPin:LinkedTo.LinkedTo: unresolved reference to 'EdGraphPin'K2Node_Event_40.EdGraphPin_3433''
[2015.04.15-21.44.44:459][339]LogProperty:Warning: ObjectProperty /Script/Engine.EdGraphPin:LinkedTo.LinkedTo: unresolved reference to 'EdGraphPin'K2Node_CallFunction_15697.EdGraphPin_3731''
[2015.04.15-21.44.44:461][339]LogProperty:Warning: ObjectProperty /Script/Engine.EdGraphPin:LinkedTo.LinkedTo: unresolved reference to 'EdGraphPin'K2Node_CallFunction_15968.EdGraphPin_3746''
[2015.04.15-21.44.44:469][339]LogBlueprint:Warning: [MyCharacter] CreatePinForVariable: 'Direction' variable not found. Base class was probably changed.
[2015.04.15-21.44.44:469][339]LogBlueprint:Warning: [MyCharacter] CreatePinForVariable: 'Direction' variable not found. Base class was probably changed.
[2015.04.15-21.44.44:469][339]LogBlueprint:Warning: [MyCharacter] CreatePinForVariable: 'Direction' variable not found. Base class was probably changed.
[2015.04.15-21.44.44:469][339]LogBlueprint:Warning: [MyCharacter] CreatePinForVariable: 'Direction' variable not found. Base class was probably changed.
[2015.04.15-21.44.44:469][339]LogBlueprint:Warning: [MyCharacter] CreatePinForVariable: 'Direction' variable not found. Base class was probably changed.
[2015.04.15-21.44.44:469][339]LogBlueprint:Warning: [MyCharacter] CreatePinForVariable: 'Direction' variable not found. Base class was probably changed.
[2015.04.15-21.44.44:470][339]LogBlueprint:Warning: [MyCharacter] CreatePinForVariable: 'AimPitch' variable not found. Base class was probably changed.
[2015.04.15-21.44.44:470][339]LogBlueprint:Warning: [MyCharacter] CreatePinForVariable: 'AimPitch' variable not found. Base class was probably changed.
[2015.04.15-21.44.44:470][339]LogBlueprint:Warning: [MyCharacter] CreatePinForVariable: 'IsJumping' variable not found. Base class was probably changed.
[2015.04.15-21.44.44:470][339]LogBlueprint:Warning: [MyCharacter] CreatePinForVariable: 'IsJumping' variable not found. Base class was probably changed.
[2015.04.15-21.44.44:470][339]LogBlueprint:Warning: [MyCharacter] CreatePinForVariable: 'Speed' variable not found. Base class was probably changed.
[2015.04.15-21.44.44:470][339]LogBlueprint:Warning: [MyCharacter] CreatePinForVariable: 'Speed' variable not found. Base class was probably changed.
[2015.04.15-21.44.44:473][339]LogBlueprint:Warning: [MyCharacter] CreatePinForVariable: 'AimPitch' variable not found. Base class was probably changed.
[2015.04.15-21.45.57:122][492]BlueprintLog: New page: Compile MyCharacter
[2015.04.15-21.45.57:137][492]LogBlueprint:Warning: [compiler] Warning Could not find a variable named "AimPitch" in 'MyCharacter_C'.
Make sure 'MyCharacter_C' has been compiled for  Get AimPitch 
[2015.04.15-21.45.57:137][492]LogBlueprint:Warning: [compiler] Warning Could not find a variable named "Speed" in 'MyCharacter_C'.
Make sure 'MyCharacter_C' has been compiled for  Set Speed 
[2015.04.15-21.45.57:137][492]LogBlueprint:Warning: [compiler] Warning Could not find a variable named "IsJumping" in 'MyCharacter_C'.
Make sure 'MyCharacter_C' has been compiled for  Set IsJumping 
[2015.04.15-21.45.57:137][492]LogBlueprint:Warning: [compiler] Warning Could not find a variable named "AimPitch" in 'MyCharacter_C'.
Make sure 'MyCharacter_C' has been compiled for  Set AimPitch 
[2015.04.15-21.45.57:138][492]LogBlueprint:Warning: [compiler] Warning Could not find a variable named "Direction" in 'MyCharacter_C'.
Make sure 'MyCharacter_C' has been compiled for  Set Direction 
[2015.04.15-21.45.57:138][492]LogBlueprint:Warning: [compiler] Warning Could not find a variable named "Direction" in 'MyCharacter_C'.
Make sure 'MyCharacter_C' has been compiled for  Set Direction 
[2015.04.15-21.45.57:138][492]LogBlueprint:Warning: [compiler] Warning Could not find a variable named "Direction" in 'MyCharacter_C'.
Make sure 'MyCharacter_C' has been compiled for  Set Direction 
[2015.04.15-21.45.57:139][492]LogBlueprint:Error: [compiler] Error This blueprint (self) is not a Pawn, therefore ' Target ' must have a connection.
[2015.04.15-21.45.57:139][492]LogBlueprint:Error: [compiler] Error This blueprint (self) is not a Actor, therefore ' Target ' must have a connection.
[2015.04.15-21.45.57:139][492]LogBlueprint:Error: [compiler] Error This blueprint (self) is not a Actor, therefore ' Target ' must have a connection.
[2015.04.15-21.45.57:140][492]LogBlueprint:Error: [compiler] Error This blueprint (self) is not a Pawn, therefore ' Target ' must have a connection.
[2015.04.15-21.45.57:140][492]LogBlueprint:Error: [compiler] Error The property associated with  Aim Pitch  could not be found
[2015.04.15-21.45.57:140][492]LogBlueprint:Error: [compiler] Error The property associated with  Direction  could not be found
[2015.04.15-21.45.57:140][492]LogBlueprint:Error: [compiler] Error The property associated with  Is Jumping  could not be found
[2015.04.15-21.45.57:140][492]LogBlueprint:Error: [compiler] Error The property associated with  Speed  could not be found
[2015.04.15-21.45.57:140][492]LogBlueprint:Error: [compiler] Error The property associated with  Direction  could not be found
[2015.04.15-21.45.57:141][492]LogBlueprint:Error: [compiler] Error The property associated with  Direction  could not be found
[2015.04.15-21.45.57:141][492]LogBlueprint:Error: [compiler] Error The property associated with  Aim Pitch  could not be found
[2015.04.15-21.45.57:217][492]LogBlueprint:Warning: [compiler] Warning [0318.07] Compile of MyCharacter failed. 11 Fatal Issue(s) 7 Warning(s) [in 94 ms]
[2015.04.15-21.45.57:217][492]BlueprintEditorCompileResults: Info  Result  was visible but ignored
[2015.04.15-21.45.57:217][492]BlueprintEditorCompileResults:Warning: Warning Could not find a variable named "AimPitch" in 'MyCharacter_C'.
Make sure 'MyCharacter_C' has been compiled for  Get AimPitch 
[2015.04.15-21.45.57:217][492]BlueprintEditorCompileResults:Warning: Warning Could not find a variable named "Speed" in 'MyCharacter_C'.
Make sure 'MyCharacter_C' has been compiled for  Set Speed 
[2015.04.15-21.45.57:217][492]BlueprintEditorCompileResults:Warning: Warning Could not find a variable named "IsJumping" in 'MyCharacter_C'.
Make sure 'MyCharacter_C' has been compiled for  Set IsJumping 
[2015.04.15-21.45.57:217][492]BlueprintEditorCompileResults:Warning: Warning Could not find a variable named "AimPitch" in 'MyCharacter_C'.
Make sure 'MyCharacter_C' has been compiled for  Set AimPitch 
[2015.04.15-21.45.57:217][492]BlueprintEditorCompileResults:Warning: Warning Could not find a variable named "Direction" in 'MyCharacter_C'.
Make sure 'MyCharacter_C' has been compiled for  Set Direction 
[2015.04.15-21.45.57:217][492]BlueprintEditorCompileResults:Warning: Warning Could not find a variable named "Direction" in 'MyCharacter_C'.
Make sure 'MyCharacter_C' has been compiled for  Set Direction 
[2015.04.15-21.45.57:217][492]BlueprintEditorCompileResults:Warning: Warning Could not find a variable named "Direction" in 'MyCharacter_C'.
Make sure 'MyCharacter_C' has been compiled for  Set Direction 
[2015.04.15-21.45.57:217][492]BlueprintEditorCompileResults:Error: Error This blueprint (self) is not a Pawn, therefore ' Target ' must have a connection.
[2015.04.15-21.45.57:217][492]BlueprintEditorCompileResults:Error: Error This blueprint (self) is not a Actor, therefore ' Target ' must have a connection.
[2015.04.15-21.45.57:217][492]BlueprintEditorCompileResults:Error: Error This blueprint (self) is not a Actor, therefore ' Target ' must have a connection.
[2015.04.15-21.45.57:217][492]BlueprintEditorCompileResults:Error: Error This blueprint (self) is not a Pawn, therefore ' Target ' must have a connection.
[2015.04.15-21.45.57:217][492]BlueprintEditorCompileResults:Error: Error The property associated with  Aim Pitch  could not be found
[2015.04.15-21.45.57:217][492]BlueprintEditorCompileResults:Error: Error The property associated with  Direction  could not be found
[2015.04.15-21.45.57:217][492]BlueprintEditorCompileResults:Error: Error The property associated with  Is Jumping  could not be found
[2015.04.15-21.45.57:217][492]BlueprintEditorCompileResults:Error: Error The property associated with  Speed  could not be found
[2015.04.15-21.45.57:217][492]BlueprintEditorCompileResults:Error: Error The property associated with  Direction  could not be found
[2015.04.15-21.45.57:217][492]BlueprintEditorCompileResults:Error: Error The property associated with  Direction  could not be found
[2015.04.15-21.45.57:217][492]BlueprintEditorCompileResults:Error: Error The property associated with  Aim Pitch  could not be found
[2015.04.15-21.45.57:217][492]BlueprintEditorCompileResults:Warning: Warning [0318.07] Compile of MyCharacter failed. 11 Fatal Issue(s) 7 Warning(s) [in 94 ms]
[2015.04.15-21.47.01:247][884]LogBlueprint:Warning: [compiler] Warning Could not find a variable named "AimPitch" in 'MyCharacter_C'.
Make sure 'MyCharacter_C' has been compiled for  Get AimPitch 
[2015.04.15-21.47.01:247][884]LogBlueprint:Warning: [compiler] Warning Could not find a variable named "Speed" in 'MyCharacter_C'.
Make sure 'MyCharacter_C' has been compiled for  Set Speed 
[2015.04.15-21.47.01:247][884]LogBlueprint:Warning: [compiler] Warning Could not find a variable named "AimPitch" in 'MyCharacter_C'.
Make sure 'MyCharacter_C' has been compiled for  Set AimPitch 
[2015.04.15-21.47.01:247][884]LogBlueprint:Warning: [compiler] Warning Could not find a variable named "Direction" in 'MyCharacter_C'.
Make sure 'MyCharacter_C' has been compiled for  Set Direction 
[2015.04.15-21.47.01:247][884]LogBlueprint:Warning: [compiler] Warning Could not find a variable named "Direction" in 'MyCharacter_C'.
Make sure 'MyCharacter_C' has been compiled for  Set Direction 
[2015.04.15-21.47.01:247][884]LogBlueprint:Warning: [compiler] Warning Could not find a variable named "Direction" in 'MyCharacter_C'.
Make sure 'MyCharacter_C' has been compiled for  Set Direction 
[2015.04.15-21.47.01:249][884]LogBlueprint:Error: [compiler] Error This blueprint (self) is not a Pawn, therefore ' Target ' must have a connection.
[2015.04.15-21.47.01:249][884]LogBlueprint:Error: [compiler] Error This blueprint (self) is not a Actor, therefore ' Target ' must have a connection.
[2015.04.15-21.47.01:249][884]LogBlueprint:Error: [compiler] Error This blueprint (self) is not a Actor, therefore ' Target ' must have a connection.
[2015.04.15-21.47.01:250][884]LogBlueprint:Error: [compiler] Error This blueprint (self) is not a Pawn, therefore ' Target ' must have a connection.
[2015.04.15-21.47.01:250][884]LogBlueprint:Error: [compiler] Error The property associated with  Aim Pitch  could not be found
[2015.04.15-21.47.01:250][884]LogBlueprint:Error: [compiler] Error The property associated with  Direction  could not be found
[2015.04.15-21.47.01:250][884]LogBlueprint:Error: [compiler] Error The property associated with  Speed  could not be found
[2015.04.15-21.47.01:250][884]LogBlueprint:Error: [compiler] Error The property associated with  Direction  could not be found
[2015.04.15-21.47.01:251][884]LogBlueprint:Error: [compiler] Error The property associated with  Direction  could not be found
[2015.04.15-21.47.01:251][884]LogBlueprint:Error: [compiler] Error The property associated with  Aim Pitch  could not be found
[2015.04.15-21.47.01:308][884]LogBlueprint:Warning: [compiler] Warning [0382.16] Compile of MyCharacter failed. 10 Fatal Issue(s) 6 Warning(s) [in 72 ms]
[2015.04.15-21.47.01:308][884]LogBlueprint:Warning: [compiler] Warning [0382.16] Compile of MyCharacter failed. 10 Fatal Issue(s) 7 Warning(s) [in 0 ms]
[2015.04.15-21.47.01:308][884]LogBlueprint:Warning: [compiler] Warning [0382.16] Compile of MyCharacter failed. 10 Fatal Issue(s) 8 Warning(s) [in 0 ms]
[2015.04.15-21.47.01:313][884]LogBlueprint:Warning: [compiler] Warning [0382.16] Compile of MyCharacter failed. 10 Fatal Issue(s) 9 Warning(s) [in 4 ms]
[2015.04.15-21.47.01:313][884]LogBlueprint:Warning: [compiler] Warning [0382.16] Compile of MyCharacter failed. 10 Fatal Issue(s) 10 Warning(s) [in 0 ms]
[2015.04.15-21.47.01:313][884]LogBlueprint:Warning: [compiler] Warning [0382.16] Compile of MyCharacter failed. 10 Fatal Issue(s) 11 Warning(s) [in 0 ms]
[2015.04.15-21.47.34:184][344]BlueprintLog: New page: Compile MyCharacter
[2015.04.15-21.47.34:208][344]LogBlueprint:Error: [compiler] Error This blueprint (self) is not a Pawn, therefore ' Target ' must have a connection.
[2015.04.15-21.47.34:208][344]LogBlueprint:Error: [compiler] Error This blueprint (self) is not a Actor, therefore ' Target ' must have a connection.
[2015.04.15-21.47.34:208][344]LogBlueprint:Error: [compiler] Error This blueprint (self) is not a Actor, therefore ' Target ' must have a connection.
[2015.04.15-21.47.34:208][344]LogBlueprint:Error: [compiler] Error This blueprint (self) is not a Pawn, therefore ' Target ' must have a connection.
[2015.04.15-21.47.34:297][344]LogBlueprint:Warning: [compiler] Warning [0415.15] Compile of MyCharacter failed. 4 Fatal Issue(s) 0 Warning(s) [in 113 ms]
[2015.04.15-21.47.34:297][344]BlueprintEditorCompileResults: Info  Result  was visible but ignored
[2015.04.15-21.47.34:297][344]BlueprintEditorCompileResults:Error: Error This blueprint (self) is not a Pawn, therefore ' Target ' must have a connection.
[2015.04.15-21.47.34:297][344]BlueprintEditorCompileResults:Error: Error This blueprint (self) is not a Actor, therefore ' Target ' must have a connection.
[2015.04.15-21.47.34:298][344]BlueprintEditorCompileResults:Error: Error This blueprint (self) is not a Actor, therefore ' Target ' must have a connection.
[2015.04.15-21.47.34:298][344]BlueprintEditorCompileResults:Error: Error This blueprint (self) is not a Pawn, therefore ' Target ' must have a connection.
[2015.04.15-21.47.34:298][344]BlueprintEditorCompileResults:Warning: Warning [0415.15] Compile of MyCharacter failed. 4 Fatal Issue(s) 0 Warning(s) [in 113 ms]
[2015.04.15-21.48.33:580][584]LogContentBrowser:Verbose: The majority of assets in the view are of type: AnimSequence
[2015.04.15-21.48.36:657][832]LogContentBrowser:Verbose: The majority of assets in the view are of type: AnimSequence
[2015.04.15-21.48.46:544][862]LogSavePackage: Save=333.487427ms
[2015.04.15-21.48.46:544][862]LogSavePackage: Moving '../../../../../../Users/admin/Documents/GitHub/SpaceGame/Saved/MyCharacter160516A44AFC9EDB52CE1FA034F4212D.tmp' to '../../../../../../Users/admin/Documents/GitHub/SpaceGame/Content/StarterContent/MyCharacter/ODST_Character/Blueprint/MyCharacter.uasset'
[2015.04.15-21.49.58:314][810]LogSavePackage: Save=345.790192ms
[2015.04.15-21.49.58:314][810]LogSavePackage: Moving '../../../../../../Users/admin/Documents/GitHub/SpaceGame/Saved/MyCharacter893C54DA4AC858A194F85D92D5D797D3.tmp' to '../../../../../../Users/admin/Documents/GitHub/SpaceGame/Content/StarterContent/MyCharacter/ODST_Character/Blueprint/MyCharacter.uasset'
[2015.04.15-21.50.44:624][562]LogSavePackage: Save=341.851410ms
[2015.04.15-21.50.44:624][562]LogSavePackage: Moving '../../../../../../Users/admin/Documents/GitHub/SpaceGame/Saved/MyCharacterCD3924EB42BD576717CDEEB4087A3564.tmp' to '../../../../../../Users/admin/Documents/GitHub/SpaceGame/Content/StarterContent/MyCharacter/ODST_Character/Blueprint/MyCharacter.uasset'
[2015.04.15-21.50.58:176][985]LogSavePackage: Save=342.398346ms
[2015.04.15-21.50.58:176][985]LogSavePackage: Moving '../../../../../../Users/admin/Documents/GitHub/SpaceGame/Saved/MyCharacter9B0E399D4491EB16BD91ADB8CB1220F4.tmp' to '../../../../../../Users/admin/Documents/GitHub/SpaceGame/Content/StarterContent/MyCharacter/ODST_Character/Blueprint/MyCharacter.uasset'
[2015.04.15-21.51.11:192][323]LogSavePackage: Save=360.505371ms
[2015.04.15-21.51.11:192][323]LogSavePackage: Moving '../../../../../../Users/admin/Documents/GitHub/SpaceGame/Saved/MyCharacter2BA66F35495CFC71D8F09BA06CF68B76.tmp' to '../../../../../../Users/admin/Documents/GitHub/SpaceGame/Content/StarterContent/MyCharacter/ODST_Character/Blueprint/MyCharacter.uasset'
[2015.04.15-21.51.25:115][865]BlueprintLog: New page: Compile MyCharacter
[2015.04.15-21.51.25:137][865]LogBlueprint:Error: [compiler] Error This blueprint (self) is not a Pawn, therefore ' Target ' must have a connection.
[2015.04.15-21.51.25:137][865]LogBlueprint:Error: [compiler] Error This blueprint (self) is not a Actor, therefore ' Target ' must have a connection.
[2015.04.15-21.51.25:137][865]LogBlueprint:Error: [compiler] Error This blueprint (self) is not a Actor, therefore ' Target ' must have a connection.
[2015.04.15-21.51.25:138][865]LogBlueprint:Error: [compiler] Error This blueprint (self) is not a Pawn, therefore ' Target ' must have a connection.
[2015.04.15-21.51.25:220][865]LogParticles: Destroying 0 GPU particle simulations for FXSystem 0x000000A45FD5F1A0
[2015.04.15-21.51.25:220][865]LogParticles: Destroying 0 GPU particle simulations for FXSystem 0x000000A475E591C0
[2015.04.15-21.51.25:234][865]LogBlueprint:Warning: [compiler] Warning [0646.08] Compile of MyCharacter failed. 4 Fatal Issue(s) 0 Warning(s) [in 119 ms]
[2015.04.15-21.51.25:234][865]BlueprintEditorCompileResults: Info  Result  was visible but ignored
[2015.04.15-21.51.25:234][865]BlueprintEditorCompileResults:Error: Error This blueprint (self) is not a Pawn, therefore ' Target ' must have a connection.
[2015.04.15-21.51.25:234][865]BlueprintEditorCompileResults:Error: Error This blueprint (self) is not a Actor, therefore ' Target ' must have a connection.
[2015.04.15-21.51.25:234][865]BlueprintEditorCompileResults:Error: Error This blueprint (self) is not a Actor, therefore ' Target ' must have a connection.
[2015.04.15-21.51.25:234][865]BlueprintEditorCompileResults:Error: Error This blueprint (self) is not a Pawn, therefore ' Target ' must have a connection.
[2015.04.15-21.51.25:234][865]BlueprintEditorCompileResults:Warning: Warning [0646.08] Compile of MyCharacter failed. 4 Fatal Issue(s) 0 Warning(s) [in 119 ms]
[2015.04.15-21.52.53:607][263]BlueprintLog: New page: Compile MyCharacter
[2015.04.15-21.52.53:630][263]LogBlueprint:Error: [compiler] Error This blueprint (self) is not a Pawn, therefore ' Target ' must have a connection.
[2015.04.15-21.52.53:630][263]LogBlueprint:Error: [compiler] Error This blueprint (self) is not a Actor, therefore ' Target ' must have a connection.
[2015.04.15-21.52.53:630][263]LogBlueprint:Error: [compiler] Error This blueprint (self) is not a Actor, therefore ' Target ' must have a connection.
[2015.04.15-21.52.53:630][263]LogBlueprint:Error: [compiler] Error This blueprint (self) is not a Pawn, therefore ' Target ' must have a connection.
[2015.04.15-21.52.53:720][263]LogBlueprint:Warning: [compiler] Warning [0734.57] Compile of MyCharacter failed. 4 Fatal Issue(s) 0 Warning(s) [in 113 ms]
[2015.04.15-21.52.53:720][263]BlueprintEditorCompileResults: Info  Result  was visible but ignored
[2015.04.15-21.52.53:720][263]BlueprintEditorCompileResults:Error: Error This blueprint (self) is not a Pawn, therefore ' Target ' must have a connection.
[2015.04.15-21.52.53:720][263]BlueprintEditorCompileResults:Error: Error This blueprint (self) is not a Actor, therefore ' Target ' must have a connection.
[2015.04.15-21.52.53:721][263]BlueprintEditorCompileResults:Error: Error This blueprint (self) is not a Actor, therefore ' Target ' must have a connection.
[2015.04.15-21.52.53:721][263]BlueprintEditorCompileResults:Error: Error This blueprint (self) is not a Pawn, therefore ' Target ' must have a connection.
[2015.04.15-21.52.53:721][263]BlueprintEditorCompileResults:Warning: Warning [0734.57] Compile of MyCharacter failed. 4 Fatal Issue(s) 0 Warning(s) [in 113 ms]
[2015.04.15-21.52.54:459][335]LogFileHelpers: Editor autosave (incl. sublevels) for '/Game/StarterContent/Maps/Minimal_Default' took 0.019
[2015.04.15-21.52.54:505][335]OBJ SavePackage: Generating thumbnails for [1] asset(s) in package [/Game/StarterContent/MyCharacter/ODST_Character/Blueprint/MyCharacter] ([1] browsable assets)...
[2015.04.15-21.52.54:558][335]OBJ SavePackage:     Rendered thumbnail for [AnimBlueprint /Game/StarterContent/MyCharacter/ODST_Character/Blueprint/MyCharacter.MyCharacter]
[2015.04.15-21.52.54:558][335]OBJ SavePackage: Finished generating thumbnails for package [/Game/StarterContent/MyCharacter/ODST_Character/Blueprint/MyCharacter]
[2015.04.15-21.52.55:002][335]LogSavePackage: Save=431.899109ms
[2015.04.15-21.52.55:003][335]LogSavePackage: Moving '../../../../../../Users/admin/Documents/GitHub/SpaceGame/Saved/MyCharacter_Auto18597D2B24C1102D26C756FB3A64C7C69.tmp' to '../../../../../../Users/admin/Documents/GitHub/SpaceGame/Saved/Autosaves/Game/StarterContent/MyCharacter/ODST_Character/Blueprint/MyCharacter_Auto1.uasset'
[2015.04.15-21.52.55:008][335]LogFileHelpers: Auto-saving content packages took 0.550
[2015.04.15-21.53.44:096][921]LogSavePackage: Save=107.280746ms
[2015.04.15-21.53.44:096][921]LogSavePackage: Moving '../../../../../../Users/admin/Documents/GitHub/SpaceGame/Saved/MyCharacterE395F64044993721338FCBA0DC79C68D.tmp' to '../../../../../../Users/admin/Documents/GitHub/SpaceGame/Content/StarterContent/MyCharacter/ODST_Character/Blueprint/MyCharacter.uasset'
[2015.04.15-21.54.04:911][242]LogSkeletalMesh: InitArticulated: Bodies already created (/Engine/Transient.DebugSkelMeshComponent_4) - call TermArticulated first.
[2015.04.15-21.54.48:404][117]BlueprintLog: New page: Compile MyCharacter
[2015.04.15-21.54.48:439][117]LogBlueprint:Warning: [compiler] Warning  JumpStart to JumpLoop  will never be taken, please connect something to  Can Enter Transition 
[2015.04.15-21.54.48:440][117]LogBlueprint:Warning: [compiler] Warning  JumpLoop to JumpEnd  will never be taken, please connect something to  Can Enter Transition 
[2015.04.15-21.54.48:440][117]LogBlueprint:Warning: [compiler] Warning  JumpEnd to Run  will never be taken, please connect something to  Can Enter Transition 
[2015.04.15-21.54.48:447][117]LogBlueprint:Error: [compiler] Error This blueprint (self) is not a Pawn, therefore ' Target ' must have a connection.
[2015.04.15-21.54.48:447][117]LogBlueprint:Error: [compiler] Error This blueprint (self) is not a Actor, therefore ' Target ' must have a connection.
[2015.04.15-21.54.48:447][117]LogBlueprint:Error: [compiler] Error This blueprint (self) is not a Actor, therefore ' Target ' must have a connection.
[2015.04.15-21.54.48:447][117]LogBlueprint:Error: [compiler] Error This blueprint (self) is not a Pawn, therefore ' Target ' must have a connection.
[2015.04.15-21.54.49:059][117]LogParticles: Destroying 0 GPU particle simulations for FXSystem 0x000000A4625C6160
[2015.04.15-21.54.49:059][117]LogParticles: Destroying 0 GPU particle simulations for FXSystem 0x000000A4625C6C00
[2015.04.15-21.54.49:059][117]LogParticles: Destroying 0 GPU particle simulations for FXSystem 0x000000A46CF2A840
[2015.04.15-21.54.49:068][117]LogBlueprint:Warning: [compiler] Warning [0849.92] Compile of MyCharacter failed. 4 Fatal Issue(s) 3 Warning(s) [in 664 ms]
[2015.04.15-21.54.49:068][117]BlueprintEditorCompileResults:Warning: Warning  JumpStart to JumpLoop  will never be taken, please connect something to  Can Enter Transition 
[2015.04.15-21.54.49:068][117]BlueprintEditorCompileResults:Warning: Warning  JumpLoop to JumpEnd  will never be taken, please connect something to  Can Enter Transition 
[2015.04.15-21.54.49:068][117]BlueprintEditorCompileResults:Warning: Warning  JumpEnd to Run  will never be taken, please connect something to  Can Enter Transition 
[2015.04.15-21.54.49:068][117]BlueprintEditorCompileResults:Error: Error This blueprint (self) is not a Pawn, therefore ' Target ' must have a connection.
[2015.04.15-21.54.49:068][117]BlueprintEditorCompileResults:Error: Error This blueprint (self) is not a Actor, therefore ' Target ' must have a connection.
[2015.04.15-21.54.49:068][117]BlueprintEditorCompileResults:Error: Error This blueprint (self) is not a Actor, therefore ' Target ' must have a connection.
[2015.04.15-21.54.49:069][117]BlueprintEditorCompileResults:Error: Error This blueprint (self) is not a Pawn, therefore ' Target ' must have a connection.
[2015.04.15-21.54.49:069][117]BlueprintEditorCompileResults:Warning: Warning [0849.92] Compile of MyCharacter failed. 4 Fatal Issue(s) 3 Warning(s) [in 664 ms]
[2015.04.15-21.55.21:231][796]BlueprintLog: New page: Compile MyCharacter
[2015.04.15-21.55.21:273][796]LogBlueprint:Warning: [compiler] Warning  JumpLoop to JumpEnd  will never be taken, please connect something to  Can Enter Transition 
[2015.04.15-21.55.21:274][796]LogBlueprint:Warning: [compiler] Warning  JumpEnd to Run  will never be taken, please connect something to  Can Enter Transition 
[2015.04.15-21.55.21:284][796]LogBlueprint:Error: [compiler] Error This blueprint (self) is not a Pawn, therefore ' Target ' must have a connection.
[2015.04.15-21.55.21:284][796]LogBlueprint:Error: [compiler] Error This blueprint (self) is not a Actor, therefore ' Target ' must have a connection.
[2015.04.15-21.55.21:284][796]LogBlueprint:Error: [compiler] Error This blueprint (self) is not a Actor, therefore ' Target ' must have a connection.
[2015.04.15-21.55.21:284][796]LogBlueprint:Error: [compiler] Error This blueprint (self) is not a Pawn, therefore ' Target ' must have a connection.
[2015.04.15-21.55.21:391][796]LogBlueprint:Warning: [compiler] Warning [0882.24] Compile of MyCharacter failed. 4 Fatal Issue(s) 2 Warning(s) [in 160 ms]
[2015.04.15-21.55.21:391][796]BlueprintEditorCompileResults:Warning: Warning  JumpLoop to JumpEnd  will never be taken, please connect something to  Can Enter Transition 
[2015.04.15-21.55.21:391][796]BlueprintEditorCompileResults:Warning: Warning  JumpEnd to Run  will never be taken, please connect something to  Can Enter Transition 
[2015.04.15-21.55.21:391][796]BlueprintEditorCompileResults:Error: Error This blueprint (self) is not a Pawn, therefore ' Target ' must have a connection.
[2015.04.15-21.55.21:391][796]BlueprintEditorCompileResults:Error: Error This blueprint (self) is not a Actor, therefore ' Target ' must have a connection.
[2015.04.15-21.55.21:392][796]BlueprintEditorCompileResults:Error: Error This blueprint (self) is not a Actor, therefore ' Target ' must have a connection.
[2015.04.15-21.55.21:392][796]BlueprintEditorCompileResults:Error: Error This blueprint (self) is not a Pawn, therefore ' Target ' must have a connection.
[2015.04.15-21.55.21:392][796]BlueprintEditorCompileResults:Warning: Warning [0882.24] Compile of MyCharacter failed. 4 Fatal Issue(s) 2 Warning(s) [in 160 ms]
[2015.04.15-21.56.14:143][387]LogSavePackage: Save=359.185120ms
[2015.04.15-21.56.14:143][387]LogSavePackage: Moving '../../../../../../Users/admin/Documents/GitHub/SpaceGame/Saved/MyCharacterCC80D4924B3E44E64ACA27B9920CBFDB.tmp' to '../../../../../../Users/admin/Documents/GitHub/SpaceGame/Content/StarterContent/MyCharacter/ODST_Character/Blueprint/MyCharacter.uasset'
[2015.04.15-21.56.14:535][433]BlueprintLog: New page: Compile MyCharacter
[2015.04.15-21.56.14:599][433]LogBlueprint:Error: [compiler] Error This blueprint (self) is not a Pawn, therefore ' Target ' must have a connection.
[2015.04.15-21.56.14:599][433]LogBlueprint:Error: [compiler] Error This blueprint (self) is not a Actor, therefore ' Target ' must have a connection.
[2015.04.15-21.56.14:599][433]LogBlueprint:Error: [compiler] Error This blueprint (self) is not a Actor, therefore ' Target ' must have a connection.
[2015.04.15-21.56.14:599][433]LogBlueprint:Error: [compiler] Error This blueprint (self) is not a Pawn, therefore ' Target ' must have a connection.
[2015.04.15-21.56.14:713][433]LogBlueprint:Warning: [compiler] Warning [0935.56] Compile of MyCharacter failed. 4 Fatal Issue(s) 0 Warning(s) [in 177 ms]
[2015.04.15-21.56.14:713][433]BlueprintEditorCompileResults:Error: Error This blueprint (self) is not a Pawn, therefore ' Target ' must have a connection.
[2015.04.15-21.56.14:713][433]BlueprintEditorCompileResults:Error: Error This blueprint (self) is not a Actor, therefore ' Target ' must have a connection.
[2015.04.15-21.56.14:713][433]BlueprintEditorCompileResults:Error: Error This blueprint (self) is not a Actor, therefore ' Target ' must have a connection.
[2015.04.15-21.56.14:713][433]BlueprintEditorCompileResults:Error: Error This blueprint (self) is not a Pawn, therefore ' Target ' must have a connection.
[2015.04.15-21.56.14:713][433]BlueprintEditorCompileResults:Warning: Warning [0935.56] Compile of MyCharacter failed. 4 Fatal Issue(s) 0 Warning(s) [in 177 ms]
[2015.04.15-21.56.38:977][755]BlueprintLog: New page: Compile MyCharacter
[2015.04.15-21.56.39:041][755]LogBlueprint:Error: [compiler] Error This blueprint (self) is not a Pawn, therefore ' Target ' must have a connection.
[2015.04.15-21.56.39:041][755]LogBlueprint:Error: [compiler] Error This blueprint (self) is not a Actor, therefore ' Target ' must have a connection.
[2015.04.15-21.56.39:041][755]LogBlueprint:Error: [compiler] Error This blueprint (self) is not a Actor, therefore ' Target ' must have a connection.
[2015.04.15-21.56.39:042][755]LogBlueprint:Error: [compiler] Error This blueprint (self) is not a Pawn, therefore ' Target ' must have a connection.
[2015.04.15-21.56.39:153][755]LogBlueprint:Warning: [compiler] Warning [0960.00] Compile of MyCharacter failed. 4 Fatal Issue(s) 0 Warning(s) [in 175 ms]
[2015.04.15-21.56.39:153][755]BlueprintEditorCompileResults:Error: Error This blueprint (self) is not a Pawn, therefore ' Target ' must have a connection.
[2015.04.15-21.56.39:153][755]BlueprintEditorCompileResults:Error: Error This blueprint (self) is not a Actor, therefore ' Target ' must have a connection.
[2015.04.15-21.56.39:153][755]BlueprintEditorCompileResults:Error: Error This blueprint (self) is not a Actor, therefore ' Target ' must have a connection.
[2015.04.15-21.56.39:153][755]BlueprintEditorCompileResults:Error: Error This blueprint (self) is not a Pawn, therefore ' Target ' must have a connection.
[2015.04.15-21.56.39:153][755]BlueprintEditorCompileResults:Warning: Warning [0960.00] Compile of MyCharacter failed. 4 Fatal Issue(s) 0 Warning(s) [in 175 ms]
[2015.04.15-21.56.41:652][ 47]LogContentBrowser:Verbose: The content browser source was changed by the sources view to 'None'
[2015.04.15-21.56.41:653][ 47]LogContentBrowser:Verbose: The content browser source was changed by the sources view to '/Game/StarterContent/MyCharacter/ODST_Character/Blueprint'
[2015.04.15-21.56.57:036][683]BlueprintLog: New page: Compile MyCharacter
[2015.04.15-21.56.57:102][683]LogBlueprint:Error: [compiler] Error This blueprint (self) is not a Pawn, therefore ' Target ' must have a connection.
[2015.04.15-21.56.57:102][683]LogBlueprint:Error: [compiler] Error This blueprint (self) is not a Actor, therefore ' Target ' must have a connection.
[2015.04.15-21.56.57:102][683]LogBlueprint:Error: [compiler] Error This blueprint (self) is not a Actor, therefore ' Target ' must have a connection.
[2015.04.15-21.56.57:102][683]LogBlueprint:Error: [compiler] Error This blueprint (self) is not a Pawn, therefore ' Target ' must have a connection.
[2015.04.15-21.56.57:213][683]LogBlueprint:Warning: [compiler] Warning [0978.06] Compile of MyCharacter failed. 4 Fatal Issue(s) 0 Warning(s) [in 176 ms]
[2015.04.15-21.56.57:213][683]BlueprintEditorCompileResults:Error: Error This blueprint (self) is not a Pawn, therefore ' Target ' must have a connection.
[2015.04.15-21.56.57:213][683]BlueprintEditorCompileResults:Error: Error This blueprint (self) is not a Actor, therefore ' Target ' must have a connection.
[2015.04.15-21.56.57:213][683]BlueprintEditorCompileResults:Error: Error This blueprint (self) is not a Actor, therefore ' Target ' must have a connection.
[2015.04.15-21.56.57:213][683]BlueprintEditorCompileResults:Error: Error This blueprint (self) is not a Pawn, therefore ' Target ' must have a connection.
[2015.04.15-21.56.57:213][683]BlueprintEditorCompileResults:Warning: Warning [0978.06] Compile of MyCharacter failed. 4 Fatal Issue(s) 0 Warning(s) [in 176 ms]
[2015.04.15-21.57.09:936][ 69]BlueprintLog: New page: Compile MyCharacter
[2015.04.15-21.57.10:041][ 69]BlueprintEditorCompileResults: Info [0990.89] Compile of MyCharacter successful! [in 105 ms]
[2015.04.15-21.58.25:068][325]LogContentBrowser:Verbose: The majority of assets in the view are of type: AnimSequence
[2015.04.15-21.58.43:357][127]BlueprintLog: New page: Compile MyCharacter
[2015.04.15-21.58.43:480][127]BlueprintEditorCompileResults: Info [1084.33] Compile of MyCharacter successful! [in 122 ms]
[2015.04.15-21.59.44:729][336]LogContentBrowser:Verbose: The content browser source was changed by the sources view to 'None'
[2015.04.15-21.59.44:729][336]LogContentBrowser:Verbose: The content browser source was changed by the sources view to '/Game/StarterContent/MyCharacter/ODST_Character/Animation'
[2015.04.15-21.59.46:390][425]LogContentBrowser:Verbose: The majority of assets in the view are of type: AnimSequence
[2015.04.15-22.00.31:130][790]LogSavePackage: Save=250.552231ms
[2015.04.15-22.00.31:131][790]LogSavePackage: Moving '../../../../../../Users/admin/Documents/GitHub/SpaceGame/Saved/Aim_Offset37E27A8544F849CBCD2CF09603FD93F1.tmp' to '../../../../../../Users/admin/Documents/GitHub/SpaceGame/Content/StarterContent/MyCharacter/ODST_Character/Animation/Aim_Offset.uasset'
[2015.04.15-22.01.19:465][313]LogRenderer:Warning: Reallocating scene render targets to support 1208x920 (Frame:147555).
[2015.04.15-22.01.20:668][400]LogContentBrowser:Verbose: The majority of assets in the view are of type: AnimSequence
[2015.04.15-22.02.08:792][611]LogWindows:Error: Windows GetLastError: Der Vorgang wurde erfolgreich beendet. (0)
[2015.04.15-22.02.08:803][611]LogCrashTracker: 


[2015.04.15-22.02.11:943][611]LogCrashTracker: 


[2015.04.15-22.02.11:943][611]LogWindows: === Critical error: ===
Assertion failed: (Index >= 0) & (Index < ArrayNum) [File:D:\BuildFarm\buildmachine_++depot+UE4-Releases+4.7\Engine\Source\Runtime\Core\Public\Containers\Array.h] [Line: 679] 
Array index out of bounds: 33 from an array of size 33


KERNELBASE.dll!UnknownFunction (0x00007ff927308b9c) + 0 bytes [UnknownFile:0]
UE4Editor-Core.dll!FOutputDeviceWindowsError::Serialize() (0x00007ff8ed468074) + 0 bytes [d:\buildfarm\buildmachine_++depot+ue4-releases+4.7\engine\source\runtime\core\private\windows\windowsplatformoutputdevices.cpp:95]
UE4Editor-Core.dll!FOutputDevice::Logf__VA() (0x00007ff8ed2e7878) + 159 bytes [d:\buildfarm\buildmachine_++depot+ue4-releases+4.7\engine\source\runtime\core\private\misc\outputdevice.cpp:144]
UE4Editor-Core.dll!FDebug::AssertFailed() (0x00007ff8ed2c8b17) + 62 bytes [d:\buildfarm\buildmachine_++depot+ue4-releases+4.7\engine\source\runtime\core\private\misc\outputdevice.cpp:224]
UE4Editor-Engine.dll!UAnimSequence::GetBonePose() (0x00007ff8ea1a4941) + 83 bytes [d:\buildfarm\buildmachine_++depot+ue4-releases+4.7\engine\source\runtime\engine\private\animation\animsequence.cpp:975]
UE4Editor-Engine.dll!UAnimSingleNodeInstance::InternalBlendSpaceEvaluatePose() (0x00007ff8ea1ad992) + 0 bytes [d:\buildfarm\buildmachine_++depot+ue4-releases+4.7\engine\source\runtime\engine\private\animation\animsinglenodeinstance.cpp:577]
UE4Editor-Engine.dll!UAnimSingleNodeInstance::NativeEvaluateAnimation() (0x00007ff8ea1af287) + 19 bytes [d:\buildfarm\buildmachine_++depot+ue4-releases+4.7\engine\source\runtime\engine\private\animation\animsinglenodeinstance.cpp:313]
UE4Editor-AnimGraph.dll!UAnimPreviewInstance::NativeEvaluateAnimation() (0x00007ff8ec890fe3) + 0 bytes [d:\buildfarm\buildmachine_++depot+ue4-releases+4.7\engine\source\editor\animgraph\private\animpreviewinstance.cpp:140]
UE4Editor-Engine.dll!UAnimInstance::EvaluateAnimation() (0x00007ff8ea12d8e9) + 15 bytes [d:\buildfarm\buildmachine_++depot+ue4-releases+4.7\engine\source\runtime\engine\private\animation\animinstance.cpp:503]
UE4Editor-Engine.dll!USkeletalMeshComponent::EvaluateAnimation() (0x00007ff8e9d614af) + 0 bytes [d:\buildfarm\buildmachine_++depot+ue4-releases+4.7\engine\source\runtime\engine\private\skeletalmeshcomponent.cpp:855]
UE4Editor-Engine.dll!USkeletalMeshComponent::PerformAnimationEvaluation() (0x00007ff8e9d87d93) + 0 bytes [d:\buildfarm\buildmachine_++depot+ue4-releases+4.7\engine\source\runtime\engine\private\skeletalmeshcomponent.cpp:920]
UE4Editor-Engine.dll!USkeletalMeshComponent::RefreshBoneTransforms() (0x00007ff8e9d8f949) + 0 bytes [d:\buildfarm\buildmachine_++depot+ue4-releases+4.7\engine\source\runtime\engine\private\skeletalmeshcomponent.cpp:996]
UE4Editor-UnrealEd.dll!UDebugSkelMeshComponent::RefreshBoneTransforms() (0x00007ff8e82f406f) + 0 bytes [d:\buildfarm\buildmachine_++depot+ue4-releases+4.7\engine\source\editor\unrealed\private\animation\debugskelmeshcomponent.cpp:456]
UE4Editor-Engine.dll!USkinnedMeshComponent::TickComponent() (0x00007ff8e9e8c25b) + 9 bytes [d:\buildfarm\buildmachine_++depot+ue4-releases+4.7\engine\source\runtime\engine\private\skinnedmeshcomponent.cpp:301]
UE4Editor-Engine.dll!USkeletalMeshComponent::TickComponent() (0x00007ff8e9da191e) + 0 bytes [d:\buildfarm\buildmachine_++depot+ue4-releases+4.7\engine\source\runtime\engine\private\skeletalmeshcomponent.cpp:567]
UE4Editor-Engine.dll!UActorComponent::ConditionalTickComponent() (0x00007ff8e974ae67) + 22 bytes [d:\buildfarm\buildmachine_++depot+ue4-releases+4.7\engine\source\runtime\engine\private\actorcomponent.cpp:1042]
UE4Editor-Engine.dll!FActorComponentTickFunction::ExecuteTick() (0x00007ff8e9772179) + 20 bytes [d:\buildfarm\buildmachine_++depot+ue4-releases+4.7\engine\source\runtime\engine\private\actorcomponent.cpp:602]
UE4Editor-Engine.dll!FTickTaskSequencer::FTickFunctionTask::DoTask() (0x00007ff8e9f26cd6) + 0 bytes [d:\buildfarm\buildmachine_++depot+ue4-releases+4.7\engine\source\runtime\engine\private\ticktaskmanager.cpp:322]
UE4Editor-Engine.dll!TGraphTask<FTickTaskSequencer::FTickFunctionTask>::ExecuteTask() (0x00007ff8e9f32e7d) + 0 bytes [d:\buildfarm\buildmachine_++depot+ue4-releases+4.7\engine\source\runtime\core\public\async\taskgraphinterfaces.h:671]
UE4Editor-Core.dll!FTaskThread::ProcessTasks() (0x00007ff8ed204fa5) + 0 bytes [d:\buildfarm\buildmachine_++depot+ue4-releases+4.7\engine\source\runtime\core\private\async\taskgraph.cpp:428]
UE4Editor-Core.dll!FTaskThread::ProcessTasksUntilQuit() (0x00007ff8ed20518d) + 0 bytes [d:\buildfarm\buildmachine_++depot+ue4-releases+4.7\engine\source\runtime\core\private\async\taskgraph.cpp:271]
UE4Editor-Core.dll!FTaskGraphImplementation::WaitUntilTasksComplete() (0x00007ff8ed2264ff) + 0 bytes [d:\buildfarm\buildmachine_++depot+ue4-releases+4.7\engine\source\runtime\core\private\async\taskgraph.cpp:984]
UE4Editor-Engine.dll!FTaskGraphInterface::WaitUntilTaskCompletes() (0x00007ff8e9f6a11f) + 16 bytes [d:\buildfarm\buildmachine_++depot+ue4-releases+4.7\engine\source\runtime\core\public\async\taskgraphinterfaces.h:188]
UE4Editor-Engine.dll!FTickTaskSequencer::ReleaseTickGroup() (0x00007ff8e9f577d0) + 190 bytes [d:\buildfarm\buildmachine_++depot+ue4-releases+4.7\engine\source\runtime\engine\private\ticktaskmanager.cpp:187]
UE4Editor-Engine.dll!FTickTaskManager::RunTickGroup() (0x00007ff8e9f5a53e) + 0 bytes [d:\buildfarm\buildmachine_++depot+ue4-releases+4.7\engine\source\runtime\engine\private\ticktaskmanager.cpp:722]
UE4Editor-Engine.dll!UWorld::RunTickGroup() (0x00007ff8e9bb4566) + 0 bytes [d:\buildfarm\buildmachine_++depot+ue4-releases+4.7\engine\source\runtime\engine\private\leveltick.cpp:696]
UE4Editor-Engine.dll!UWorld::Tick() (0x00007ff8e9bbb58b) + 0 bytes [d:\buildfarm\buildmachine_++depot+ue4-releases+4.7\engine\source\runtime\engine\private\leveltick.cpp:1114]
UE4Editor-Persona.dll!FAnimationViewportClient::Tick() (0x00007ff8dd9fdfdb) + 0 bytes [d:\buildfarm\buildmachine_++depot+ue4-releases+4.7\engine\source\editor\persona\private\animationeditorviewportclient.cpp:795]
UE4Editor-UnrealEd.dll!UEditorEngine::Tick() (0x00007ff8e7dae85e) + 15 bytes [d:\buildfarm\buildmachine_++depot+ue4-releases+4.7\engine\source\editor\unrealed\private\editor.cpp:1389]
UE4Editor-UnrealEd.dll!UUnrealEdEngine::Tick() (0x00007ff8e8268306) + 0 bytes [d:\buildfarm\buildmachine_++depot+ue4-releases+4.7\engine\source\editor\unrealed\private\unrealedengine.cpp:347]
UE4Editor.exe!FEngineLoop::Tick() (0x00007ff777800263) + 0 bytes [d:\buildfarm\buildmachine_++depot+ue4-releases+4.7\engine\source\runtime\launch\private\launchengineloop.cpp:2257]
UE4Editor.exe!GuardedMain() (0x00007ff7777f267c) + 0 bytes [d:\buildfarm\buildmachine_++depot+ue4-releases+4.7\engine\source\runtime\launch\private\launch.cpp:142]
UE4Editor.exe!GuardedMainWrapper() (0x00007ff7777f26ea) + 5 bytes [d:\buildfarm\buildmachine_++depot+ue4-releases+4.7\engine\source\runtime\launch\private\windows\launchwindows.cpp:126]
UE4Editor.exe!WinMain() (0x00007ff777802219) + 17 bytes [d:\buildfarm\buildmachine_++depot+ue4-releases+4.7\engine\source\runtime\launch\private\windows\launchwindows.cpp:202]
UE4Editor.exe!__tmainCRTStartup() (0x00007ff777803159) + 21 bytes [f:\dd\vctools\crt\crtw32\dllstuff\crtexe.c:618]
KERNEL32.DLL!UnknownFunction (0x00007ff929a713d2) + 0 bytes [UnknownFile:0]
ntdll.dll!UnknownFunction (0x00007ff929e0e954) + 0 bytes [UnknownFile:0]
ntdll.dll!UnknownFunction (0x00007ff929e0e954) + 0 bytes [UnknownFile:0]


[2015.04.15-22.02.12:088][611]LogExit: Executing StaticShutdownAfterError
[2015.04.15-22.02.12:096][611]LogWindows: FPlatformMisc::RequestExit(1)
[2015.04.15-22.02.12:096][611]Log file closed, 04/16/15 00:02:12
