Log file open, 04/16/15 00:02:18
LogInit:Display: Running engine for game: SpaceGame
LogInit: Version: 4.7.5-2503383+++depot+UE4-Releases+4.7
LogInit: API Version: 2455222
LogInit: Compiled (64-bit): Apr  6 2015 23:21:51
LogInit: Compiled with Visual C++: 18.00.21005.01
LogInit: Build Configuration: Development
LogInit: Branch Name: ++depot+UE4-Releases+4.7
LogInit: Command line:  
LogInit: Base directory: C:/Program Files/Epic Games/4.7/Engine/Binaries/Win64/
LogInit: Rocket: 1
[2015.04.15-22.02.18:950][  0]LogTaskGraph: Started task graph with 3 named threads and 6 total threads.
[2015.04.15-22.02.19:009][  0]LogOnline:Warning: No default platform service specified for OnlineSubsystem
[2015.04.15-22.02.19:023][  0]LogInit: Presizing for 0 objects not considered by GC, pre-allocating 0 bytes.
[2015.04.15-22.02.19:030][  0]LogInit: Object subsystem initialized
[2015.04.15-22.02.19:031][  0]LogConsoleResponse:Warning: Skipping Unknown console variable: 'TranslucentSortAxis = (X=0.000000,Y=-1.000000,Z=0.000000)'
[2015.04.15-22.02.19:031][  0]LogConsoleResponse:Warning:   Found in ini file 'C:/Users/admin/Documents/GitHub/SpaceGame/Saved/Config/Windows/Engine.ini', in section '[/Script/Engine.RendererSettings]'
[2015.04.15-22.02.19:032][  0]LogConsoleResponse:Warning: Skipping Unknown console variable: 'UIScaleRule = ShortestSide'
[2015.04.15-22.02.19:032][  0]LogConsoleResponse:Warning:   Found in ini file 'C:/Users/admin/Documents/GitHub/SpaceGame/Saved/Config/Windows/Engine.ini', in section '[/Script/Engine.RendererSettings]'
[2015.04.15-22.02.19:032][  0]LogConsoleResponse:Warning: Skipping Unknown console variable: 'UIScaleCurve = (EditorCurveData=(Keys=),ExternalCurve=None)'
[2015.04.15-22.02.19:032][  0]LogConsoleResponse:Warning:   Found in ini file 'C:/Users/admin/Documents/GitHub/SpaceGame/Saved/Config/Windows/Engine.ini', in section '[/Script/Engine.RendererSettings]'
[2015.04.15-22.02.19:032][  0]LogInit: Selected Device Profile: [Windows]
[2015.04.15-22.02.19:032][  0]LogInit: Applying CVar settings loaded from the selected device profile: [Windows]
[2015.04.15-22.02.19:038][  0]LogInit: Computer: ADMIN-PC
[2015.04.15-22.02.19:038][  0]LogInit: User: admin
[2015.04.15-22.02.19:038][  0]LogInit: CPU Page size=4096, Cores=4
[2015.04.15-22.02.19:038][  0]LogInit: High frequency timer resolution =14.318180 MHz
[2015.04.15-22.02.19:038][  0]LogMemory: Memory total: Physical=15.9GB (16GB approx) Virtual=131072.0GB
[2015.04.15-22.02.19:038][  0]LogMemory: Platform Memory Stats for Windows
[2015.04.15-22.02.19:038][  0]LogMemory: Process Physical Memory: 46.95 MB used, 46.95 MB peak
[2015.04.15-22.02.19:038][  0]LogMemory: Process Virtual Memory: 27.50 MB used, 27.51 MB peak
[2015.04.15-22.02.19:038][  0]LogMemory: Physical Memory: 5666.27 MB used, 16254.34 MB total
[2015.04.15-22.02.19:038][  0]LogMemory: Virtual Memory: 302.16 MB used, 134217728.00 MB total
[2015.04.15-22.02.19:059][  0]LogD3D11RHI: Found D3D11 adapter 0: NVIDIA GeForce GTX 770 (Feature Level 11_0)
[2015.04.15-22.02.19:059][  0]LogD3D11RHI: Adapter has 1987MB of dedicated video memory, 0MB of dedicated system memory, and 2048MB of shared system memory, 2 output[s]
[2015.04.15-22.02.19:065][  0]LogD3D11RHI: Found D3D11 adapter 1: Intel(R) HD Graphics 4600 (Feature Level 11_0)
[2015.04.15-22.02.19:065][  0]LogD3D11RHI: Adapter has 32MB of dedicated video memory, 0MB of dedicated system memory, and 1760MB of shared system memory, 1 output[s]
[2015.04.15-22.02.19:066][  0]LogD3D11RHI: Found D3D11 adapter 2: Microsoft Basic Render Driver (Feature Level 11_0)
[2015.04.15-22.02.19:066][  0]LogD3D11RHI: Adapter has 0MB of dedicated video memory, 0MB of dedicated system memory, and 256MB of shared system memory, 0 output[s]
[2015.04.15-22.02.19:066][  0]LogD3D11RHI: Chosen D3D11 Adapter Id = 0
[2015.04.15-22.02.19:069][  0]LogRHI: Texture pool is 1361 MB (70% of 1945 MB)
[2015.04.15-22.02.19:079][  0]LogD3D11RHI: Async texture creation enabled
[2015.04.15-22.02.19:134][  0]LogTextLocalizationManager: The requested culture ('de_DE') has no localization data; falling back to 'en' for localization and internationalization data.
[2015.04.15-22.02.19:197][  0]LogTextLocalizationManager:Warning: Loading localization resources contain conflicting entries for (Namespace:UICommands, Key:Save_ToolTip):
Resource: (C:/Program Files/Epic Games/4.7/Engine/Content/Localization/Editor/en/Editor.locres) Hash: (-29098895) String: (Saves the current level to disk)
Resource: (C:/Program Files/Epic Games/4.7/Engine/Content/Localization/Engine/en/Engine.locres) Hash: (-1280300587) String: (Save selected data to vlog file)
[2015.04.15-22.02.19:197][  0]LogTextLocalizationManager:Warning: Loading localization resources contain conflicting entries for (Namespace:ContentBrowser, Key:ImportAssetToolTip):
Resource: (C:/Program Files/Epic Games/4.7/Engine/Content/Localization/Editor/en/Editor.locres) Hash: (-630476809) String: (Import to {0}...)
Resource: (C:/Program Files/Epic Games/4.7/Engine/Content/Localization/Editor/en/Editor.locres) Hash: (1271782899) String: (Imports an asset from file to this folder.)
[2015.04.15-22.02.19:262][  0]LogContentStreaming: Texture pool size is 0.000000MB
[2015.04.15-22.02.21:108][  0]LogTargetPlatformManager:Display: Building Assets For Windows
[2015.04.15-22.02.21:524][  0]LogTargetPlatformManager:Display: Building Assets For Windows
[2015.04.15-22.02.21:570][  0]LogDerivedDataCache:Display: Max Cache Size: 512 MB
[2015.04.15-22.02.21:603][  0]LogDerivedDataCache: Loaded boot cache 0.03s 39MB C:/Users/admin/AppData/Local/UnrealEngine/4.7/DerivedDataCache/Boot.ddc.
[2015.04.15-22.02.21:603][  0]LogDerivedDataCache:Display: Loaded Boot cache: C:/Users/admin/AppData/Local/UnrealEngine/4.7/DerivedDataCache/Boot.ddc
[2015.04.15-22.02.21:603][  0]LogDerivedDataCache: FDerivedDataBackendGraph:  Pak pak cache file ../../../../../../Users/admin/Documents/GitHub/SpaceGame/DerivedDataCache/DDC.ddp not found, will not use a pak cache.
[2015.04.15-22.02.21:603][  0]LogDerivedDataCache: Unable to find inner node Pak for hierarchical cache Hierarchy.
[2015.04.15-22.02.21:694][  0]LogDerivedDataCache:Display: Pak cache opened for reading ../../../Engine/DerivedDataCache/Compressed.ddp.
[2015.04.15-22.02.21:706][  0]LogDerivedDataCache: Using Local data cache path C:/Users/admin/AppData/Local/UnrealEngine/Common/DerivedDataCache: Writable
[2015.04.15-22.02.21:921][  0]LogMeshUtilities: No automatic mesh reduction module available
[2015.04.15-22.02.21:921][  0]LogMeshUtilities: No automatic mesh merging module available
[2015.04.15-22.02.22:249][  0]LogInit: WinSock: version 1.1 (2.2), MaxSocks=32767, MaxUdp=65467
[2015.04.15-22.02.22:306][  0]LogSlate:Warning: Failed to load font data from '../../../Engine/Content/Slate/Fonts/Roboto-Italic.ttf'
[2015.04.15-22.02.22:915][  0]UdpMessaging: Initializing bridge on interface 0.0.0.0:0 to multicast group 230.0.0.1:6666.
[2015.04.15-22.02.23:082][  0]SourceControl: Info Source control is disabled
[2015.04.15-22.02.23:082][  0]SourceControl: Info Source control is disabled
[2015.04.15-22.02.23:082][  0]SourceControl: Info Source control is disabled
[2015.04.15-22.02.23:083][  0]LogSourceControl: RunCommandInternalRaw: 'git version'
[2015.04.15-22.02.23:083][  0]LogSourceControl: RunCommandInternalRaw: ExecProcess ReturnCode=2 OutResults=''
[2015.04.15-22.02.23:089][  0]SourceControl: Info Source control is disabled
[2015.04.15-22.02.23:242][  0]LogObj: 24232 objects as part of root set at end of initial load.
[2015.04.15-22.02.23:242][  0]LogUObjectAllocator: 5137176 out of 0 bytes used by permanent object pool.
[2015.04.15-22.02.23:309][  0]LogEngine: Initializing Engine...
[2015.04.15-22.02.25:437][  0]LogInit: XAudio2 using 'Lautsprecher (Logitech USB Headset)' : 2 channels at 44.1 kHz using 16 bits per sample (channel mask 0x3)
[2015.04.15-22.02.25:443][  0]LogInit: FAudioDevice initialized.
[2015.04.15-22.02.25:474][  0]LogAIModule: Creating AISystem for world NewWorld
[2015.04.15-22.02.25:498][  0]LogDerivedDataCache: Saved boot cache 0.02s 39MB C:/Users/admin/AppData/Local/UnrealEngine/4.7/DerivedDataCache/Boot.ddc.
[2015.04.15-22.02.25:504][  0]LogInit: Texture streaming: Enabled
[2015.04.15-22.02.25:572][  0]LogAnalytics: Creating configured Analytics provider AnalyticsET
[2015.04.15-22.02.25:572][  0]LogAnalytics: ET APIKey = Rocket.Release. APIServer = http://et2.epicgames.com/ET2/. AppVersion = 4.7.5-2503383+++depot+UE4-Releases+4.7
[2015.04.15-22.02.25:572][  0]LogAnalytics: ET APIKey = Rocket.Release. DataRouterUploadURL = https://datarouter-public-service-gamedev.ol.epicgames.net/datarouter/api/v1/public/data. AppVersion = 4.7.5-2503383+++depot+UE4-Releases+4.7
[2015.04.15-22.02.25:572][  0]LogAnalytics: SetUserId dde3deed4523c0a2a770c48b31092dad|9afb1e8fda0a480cb286d8fd65efbaea|7aadb3ab-5297-4333-a6d6-a0753f16fa7d
[2015.04.15-22.02.25:572][  0]LogAnalytics: AnalyticsET::StartSession [Rocket.Release]
[2015.04.15-22.02.25:592][  0]LogInit: Transaction tracking system initialized
[2015.04.15-22.02.25:734][  0]BlueprintLog: New page: Editor Load
[2015.04.15-22.02.25:764][  0]LogAssetRegistry: FAssetRegistry took 0.0103 seconds to start up
[2015.04.15-22.02.25:764][  0]LogDirectoryWatcher:Warning: Failed to begin reading directory changes for ../../../Engine/Plugins/Experimental/CharacterAI/Content/. Error: 0
[2015.04.15-22.02.26:211][  0]LogTargetPlatformManager:Display: Building Assets For Windows
[2015.04.15-22.02.26:495][  0]LogTargetPlatformManager:Display: Building Assets For Windows
[2015.04.15-22.02.26:696][  0]LogSlate:Warning: Failed to load font data from '../../../Engine/Content/Editor/Slate/Fonts/Roboto-Regular.ttf'
[2015.04.15-22.02.26:696][  0]LogSlate:Warning: Failed to load font data from '../../../Engine/Content/Editor/Slate/Fonts/Roboto-Bold.ttf'
[2015.04.15-22.02.26:699][  0]LogConsoleResponse:Display: 
[2015.04.15-22.02.26:797][  0]LogCook:Display: Done creating registry. It took  0.00s.
[2015.04.15-22.02.26:908][  0]SourceControl: Info Source control is disabled
[2015.04.15-22.02.26:908][  0]Cmd: MAP LOAD FILE="../../../../../../Users/admin/Documents/GitHub/SpaceGame/Content/StarterContent/Maps/Minimal_Default.umap" TEMPLATE=0 SHOWPROGRESS=1 FEATURELEVEL=3
[2015.04.15-22.02.26:908][  0]LightingResults: New page: Lighting Build
[2015.04.15-22.02.26:918][  0]MapCheck: New page: Map Check
[2015.04.15-22.02.26:918][  0]LightingResults: New page: Lighting Build
[2015.04.15-22.02.26:924][  0]LogParticles: Destroying 0 GPU particle simulations for FXSystem 0x000000780D9DBB00
[2015.04.15-22.02.27:464][  0]LogEditorServer: Finished looking for orphan Actors (0.000 secs)
[2015.04.15-22.02.27:473][  0]LogAIModule: Creating AISystem for world Minimal_Default
[2015.04.15-22.02.27:474][  0]Cmd: MAP CHECKDEP
[2015.04.15-22.02.27:474][  0]MapCheck: New page: Minimal_Default - Apr 16, 2015, 2:02:27 AM
[2015.04.15-22.02.27:533][  0]MapCheck: Info Map check complete: 0 Error(s), 0 Warning(s), took 58.8ms to complete.
[2015.04.15-22.02.27:533][  0]LogFileHelpers: Loading map 'Minimal_Default' took 0.625
[2015.04.15-22.02.27:669][  0]LogCollectionManager: Loaded 0 collections in 0.001301 seconds
[2015.04.15-22.02.27:676][  0]LogContentBrowser: Native class hierarchy populated in 0.0075 seconds. Added 1696 classes and 261 folders.
[2015.04.15-22.02.27:707][  0]LogContentBrowser: Native class hierarchy updated for 'SceneOutliner' in 0.0014 seconds. Added 1 classes and 2 folders.
[2015.04.15-22.02.27:744][  0]LogCrashTracker: Crashtracker disabled due to settings.
[2015.04.15-22.02.27:745][  0]LogSlate:Warning: Failed to load font data from 'Veranda'
[2015.04.15-22.02.27:752][  0]LogUObjectGlobals:Warning: Failed to find object 'Class None.'
[2015.04.15-22.02.27:778][  0]LogLoad: Full Startup: 10.53 seconds (BP compile: 0.06 seconds)
[2015.04.15-22.02.28:230][  0]LogContentBrowser:Verbose: The content browser source was changed by the sources view to '/Game/StarterContent/MyCharacter/ODST_Character/Blueprint'
[2015.04.15-22.02.28:374][  0]LogRenderer:Warning: Reallocating scene render targets to support 1208x512 (Frame:2).
[2015.04.15-22.02.30:264][  6]LogAssetRegistry: Asset discovery search completed in 4.5108 seconds
[2015.04.15-22.02.32:574][232]LogLinker:Warning: Asset '../../../Engine/Content/EngineMeshes/Humanoid.uasset' has been saved with empty engine version. The asset will be loaded but may be incompatible.
[2015.04.15-22.02.32:764][232]LogBlueprint:Error: [compiler] Error This blueprint (self) is not a Pawn, therefore ' Target ' must have a connection.
[2015.04.15-22.02.32:764][232]LogBlueprint:Error: [compiler] Error This blueprint (self) is not a Actor, therefore ' Target ' must have a connection.
[2015.04.15-22.02.32:765][232]LogBlueprint:Error: [compiler] Error This blueprint (self) is not a Actor, therefore ' Target ' must have a connection.
[2015.04.15-22.02.32:765][232]LogBlueprint:Error: [compiler] Error This blueprint (self) is not a Pawn, therefore ' Target ' must have a connection.
[2015.04.15-22.02.32:795][232]LogBlueprint:Warning: [compiler] Warning [0015.54] Compile of MyCharacter failed. 4 Fatal Issue(s) 0 Warning(s) [in 82 ms]
[2015.04.15-22.02.32:795][232]LogBlueprint:Warning: [compiler] Warning [0015.54] Compile of MyCharacter failed. 4 Fatal Issue(s) 1 Warning(s) [in 0 ms]
[2015.04.15-22.02.32:795][232]LogBlueprint:Warning: [compiler] Warning [0015.54] Compile of MyCharacter failed. 4 Fatal Issue(s) 2 Warning(s) [in 0 ms]
[2015.04.15-22.02.32:795][232]LogBlueprint:Warning: [compiler] Warning [0015.54] Compile of MyCharacter failed. 4 Fatal Issue(s) 3 Warning(s) [in 0 ms]
[2015.04.15-22.02.33:533][232]LogSkeletalMesh: InitArticulated: Bodies already created (/Engine/Transient.DebugSkelMeshComponent_0) - call TermArticulated first.
[2015.04.15-22.02.33:885][232]LogActorComponent: RegisterComponentWithWorld: (/Engine/Transient.DebugSkelMeshComponent_0) Already registered. Aborting.
[2015.04.15-22.02.34:161][232]LogLinker:Warning: Asset '../../../Engine/Content/Tutorial/SubEditors/PersonaAnimEditorTutorial.uasset' has been saved with empty engine version. The asset will be loaded but may be incompatible.
[2015.04.15-22.02.34:227][232]LogContentBrowser:Verbose: The majority of assets in the view are of type: AnimSequence
[2015.04.15-22.02.45:526][ 93]LogContentBrowser:Verbose: The majority of assets in the view are of type: AnimSequence
[2015.04.15-22.02.49:098][462]LogRenderer:Warning: Reallocating scene render targets to support 1208x960 (Frame:1494).
[2015.04.15-22.02.49:098][462]LogContentBrowser:Verbose: The majority of assets in the view are of type: AnimSequence
[2015.04.15-22.03.42:444][532]LogSavePackage: Save=270.508667ms
[2015.04.15-22.03.42:444][532]LogSavePackage: Moving '../../../../../../Users/admin/Documents/GitHub/SpaceGame/Saved/Aim_Offset6ADDE00946FE2865EBAFB3B356223649.tmp' to '../../../../../../Users/admin/Documents/GitHub/SpaceGame/Content/StarterContent/MyCharacter/ODST_Character/Animation/Aim_Offset.uasset'
[2015.04.15-22.03.42:462][532]LogSavePackage: Save=3.174984ms
[2015.04.15-22.03.42:462][532]LogSavePackage: Moving '../../../../../../Users/admin/Documents/GitHub/SpaceGame/Saved/Aim_Offset86433DB949D522DF38597DA6A4AE6D42.tmp' to '../../../../../../Users/admin/Documents/GitHub/SpaceGame/Content/StarterContent/MyCharacter/ODST_Character/Animation/Aim_Offset.uasset'
[2015.04.15-22.03.43:917][616]LogContentBrowser:Verbose: The majority of assets in the view are of type: AnimSequence
[2015.04.15-22.03.45:529][769]BlueprintLog: New page: Compile MyCharacter
[2015.04.15-22.03.45:598][769]LogBlueprint:Error: [compiler] Error This blueprint (self) is not a Pawn, therefore ' Target ' must have a connection.
[2015.04.15-22.03.45:598][769]LogBlueprint:Error: [compiler] Error This blueprint (self) is not a Actor, therefore ' Target ' must have a connection.
[2015.04.15-22.03.45:598][769]LogBlueprint:Error: [compiler] Error This blueprint (self) is not a Actor, therefore ' Target ' must have a connection.
[2015.04.15-22.03.45:598][769]LogBlueprint:Error: [compiler] Error This blueprint (self) is not a Pawn, therefore ' Target ' must have a connection.
[2015.04.15-22.03.45:703][769]LogParticles: Destroying 0 GPU particle simulations for FXSystem 0x00000078044C4E00
[2015.04.15-22.03.45:703][769]LogParticles: Destroying 0 GPU particle simulations for FXSystem 0x00000078044C5D00
[2015.04.15-22.03.45:704][769]LogParticles: Destroying 0 GPU particle simulations for FXSystem 0x0000007815ED3C40
[2015.04.15-22.03.45:704][769]LogParticles: Destroying 0 GPU particle simulations for FXSystem 0x0000007818AD4EA0
[2015.04.15-22.03.45:717][769]LogBlueprint:Warning: [compiler] Warning [0088.47] Compile of MyCharacter failed. 4 Fatal Issue(s) 0 Warning(s) [in 188 ms]
[2015.04.15-22.03.45:717][769]BlueprintEditorCompileResults:Error: Error This blueprint (self) is not a Pawn, therefore ' Target ' must have a connection.
[2015.04.15-22.03.45:717][769]BlueprintEditorCompileResults:Error: Error This blueprint (self) is not a Actor, therefore ' Target ' must have a connection.
[2015.04.15-22.03.45:717][769]BlueprintEditorCompileResults:Error: Error This blueprint (self) is not a Actor, therefore ' Target ' must have a connection.
[2015.04.15-22.03.45:717][769]BlueprintEditorCompileResults:Error: Error This blueprint (self) is not a Pawn, therefore ' Target ' must have a connection.
[2015.04.15-22.03.45:717][769]BlueprintEditorCompileResults:Warning: Warning [0088.47] Compile of MyCharacter failed. 4 Fatal Issue(s) 0 Warning(s) [in 188 ms]
[2015.04.15-22.04.13:287][835]BlueprintLog: New page: Compile MyCharacter
[2015.04.15-22.04.13:351][835]LogBlueprint:Error: [compiler] Error This blueprint (self) is not a Pawn, therefore ' Target ' must have a connection.
[2015.04.15-22.04.13:351][835]LogBlueprint:Error: [compiler] Error This blueprint (self) is not a Actor, therefore ' Target ' must have a connection.
[2015.04.15-22.04.13:351][835]LogBlueprint:Error: [compiler] Error This blueprint (self) is not a Actor, therefore ' Target ' must have a connection.
[2015.04.15-22.04.13:351][835]LogBlueprint:Error: [compiler] Error This blueprint (self) is not a Pawn, therefore ' Target ' must have a connection.
[2015.04.15-22.04.13:453][835]LogBlueprint:Warning: [compiler] Warning [0116.20] Compile of MyCharacter failed. 4 Fatal Issue(s) 0 Warning(s) [in 166 ms]
[2015.04.15-22.04.13:453][835]BlueprintEditorCompileResults:Error: Error This blueprint (self) is not a Pawn, therefore ' Target ' must have a connection.
[2015.04.15-22.04.13:453][835]BlueprintEditorCompileResults:Error: Error This blueprint (self) is not a Actor, therefore ' Target ' must have a connection.
[2015.04.15-22.04.13:453][835]BlueprintEditorCompileResults:Error: Error This blueprint (self) is not a Actor, therefore ' Target ' must have a connection.
[2015.04.15-22.04.13:453][835]BlueprintEditorCompileResults:Error: Error This blueprint (self) is not a Pawn, therefore ' Target ' must have a connection.
[2015.04.15-22.04.13:453][835]BlueprintEditorCompileResults:Warning: Warning [0116.20] Compile of MyCharacter failed. 4 Fatal Issue(s) 0 Warning(s) [in 166 ms]
[2015.04.15-22.05.29:281][963]BlueprintLog: New page: Compile MyCharacter
[2015.04.15-22.05.29:359][963]LogBlueprint:Error: [compiler] Error This blueprint (self) is not a Pawn, therefore ' Target ' must have a connection.
[2015.04.15-22.05.29:359][963]LogBlueprint:Error: [compiler] Error This blueprint (self) is not a Actor, therefore ' Target ' must have a connection.
[2015.04.15-22.05.29:359][963]LogBlueprint:Error: [compiler] Error This blueprint (self) is not a Actor, therefore ' Target ' must have a connection.
[2015.04.15-22.05.29:359][963]LogBlueprint:Error: [compiler] Error This blueprint (self) is not a Pawn, therefore ' Target ' must have a connection.
[2015.04.15-22.05.29:473][963]LogBlueprint:Warning: [compiler] Warning [0192.22] Compile of MyCharacter failed. 4 Fatal Issue(s) 0 Warning(s) [in 192 ms]
[2015.04.15-22.05.29:473][963]BlueprintEditorCompileResults:Error: Error This blueprint (self) is not a Pawn, therefore ' Target ' must have a connection.
[2015.04.15-22.05.29:473][963]BlueprintEditorCompileResults:Error: Error This blueprint (self) is not a Actor, therefore ' Target ' must have a connection.
[2015.04.15-22.05.29:473][963]BlueprintEditorCompileResults:Error: Error This blueprint (self) is not a Actor, therefore ' Target ' must have a connection.
[2015.04.15-22.05.29:473][963]BlueprintEditorCompileResults:Error: Error This blueprint (self) is not a Pawn, therefore ' Target ' must have a connection.
[2015.04.15-22.05.29:473][963]BlueprintEditorCompileResults:Warning: Warning [0192.22] Compile of MyCharacter failed. 4 Fatal Issue(s) 0 Warning(s) [in 192 ms]
[2015.04.15-22.05.41:138][117]BlueprintLog: New page: Compile MyCharacter
[2015.04.15-22.05.41:216][117]LogBlueprint:Error: [compiler] Error This blueprint (self) is not a Pawn, therefore ' Target ' must have a connection.
[2015.04.15-22.05.41:216][117]LogBlueprint:Error: [compiler] Error This blueprint (self) is not a Actor, therefore ' Target ' must have a connection.
[2015.04.15-22.05.41:216][117]LogBlueprint:Error: [compiler] Error This blueprint (self) is not a Actor, therefore ' Target ' must have a connection.
[2015.04.15-22.05.41:216][117]LogBlueprint:Error: [compiler] Error This blueprint (self) is not a Pawn, therefore ' Target ' must have a connection.
[2015.04.15-22.05.41:332][117]LogBlueprint:Warning: [compiler] Warning [0204.08] Compile of MyCharacter failed. 4 Fatal Issue(s) 0 Warning(s) [in 194 ms]
[2015.04.15-22.05.41:332][117]BlueprintEditorCompileResults:Error: Error This blueprint (self) is not a Pawn, therefore ' Target ' must have a connection.
[2015.04.15-22.05.41:332][117]BlueprintEditorCompileResults:Error: Error This blueprint (self) is not a Actor, therefore ' Target ' must have a connection.
[2015.04.15-22.05.41:332][117]BlueprintEditorCompileResults:Error: Error This blueprint (self) is not a Actor, therefore ' Target ' must have a connection.
[2015.04.15-22.05.41:332][117]BlueprintEditorCompileResults:Error: Error This blueprint (self) is not a Pawn, therefore ' Target ' must have a connection.
[2015.04.15-22.05.41:332][117]BlueprintEditorCompileResults:Warning: Warning [0204.08] Compile of MyCharacter failed. 4 Fatal Issue(s) 0 Warning(s) [in 194 ms]
[2015.04.15-22.05.47:535][676]LogContentBrowser:Verbose: The majority of assets in the view are of type: AnimSequence
[2015.04.15-22.05.48:392][728]LogContentBrowser:Verbose: The majority of assets in the view are of type: AnimSequence
[2015.04.15-22.06.00:488][939]LogContentBrowser:Verbose: The content browser source was changed by the sources view to 'None'
[2015.04.15-22.06.00:489][939]LogContentBrowser:Verbose: The content browser source was changed by the sources view to '/Game/StarterContent/MyCharacter/ODST_Character/Blueprint'
[2015.04.15-22.06.06:573][490]LogSavePackage: Save=328.441681ms
[2015.04.15-22.06.06:573][490]LogSavePackage: Moving '../../../../../../Users/admin/Documents/GitHub/SpaceGame/Saved/MyCharacter30A7A35F4DCF1646F8089697E42CB878.tmp' to '../../../../../../Users/admin/Documents/GitHub/SpaceGame/Content/StarterContent/MyCharacter/ODST_Character/Blueprint/MyCharacter.uasset'
[2015.04.15-22.06.09:623][810]LogSavePackage: Save=54.598770ms
[2015.04.15-22.06.09:623][810]LogSavePackage: Moving '../../../../../../Users/admin/Documents/GitHub/SpaceGame/Saved/MyCharacterDDDFB946418652D63570C89B448ACCB6.tmp' to '../../../../../../Users/admin/Documents/GitHub/SpaceGame/Content/StarterContent/MyCharacter/ODST_Character/Blueprint/MyCharacter.uasset'
[2015.04.15-22.06.11:305][979]BlueprintLog: New page: Compile MyCharacter
[2015.04.15-22.06.11:421][979]LogParticles: Destroying 0 GPU particle simulations for FXSystem 0x0000007820905120
[2015.04.15-22.06.11:422][979]LogParticles: Destroying 0 GPU particle simulations for FXSystem 0x000000781E830CC0
[2015.04.15-22.06.11:434][979]BlueprintEditorCompileResults: Info [0234.18] Compile of MyCharacter successful! [in 129 ms]
[2015.04.15-22.06.38:507][916]LogContentBrowser:Verbose: The majority of assets in the view are of type: AnimSequence
[2015.04.15-22.06.59:132][799]LogWindows:Error: Windows GetLastError: Der Vorgang wurde erfolgreich beendet. (0)
[2015.04.15-22.06.59:132][799]LogCrashTracker: 


[2015.04.15-22.07.01:998][799]LogCrashTracker: 


[2015.04.15-22.07.01:998][799]LogWindows: === Critical error: ===
Assertion failed: (Index >= 0) & (Index < ArrayNum) [File:D:\BuildFarm\buildmachine_++depot+UE4-Releases+4.7\Engine\Source\Runtime\Core\Public\Containers\Array.h] [Line: 679] 
Array index out of bounds: 33 from an array of size 33


KERNELBASE.dll!UnknownFunction (0x00007ff927308b9c) + 0 bytes [UnknownFile:0]
UE4Editor-Core.dll!FOutputDeviceWindowsError::Serialize() (0x00007ff8ed468074) + 0 bytes [d:\buildfarm\buildmachine_++depot+ue4-releases+4.7\engine\source\runtime\core\private\windows\windowsplatformoutputdevices.cpp:95]
UE4Editor-Core.dll!FOutputDevice::Logf__VA() (0x00007ff8ed2e7878) + 159 bytes [d:\buildfarm\buildmachine_++depot+ue4-releases+4.7\engine\source\runtime\core\private\misc\outputdevice.cpp:144]
UE4Editor-Core.dll!FDebug::AssertFailed() (0x00007ff8ed2c8b17) + 62 bytes [d:\buildfarm\buildmachine_++depot+ue4-releases+4.7\engine\source\runtime\core\private\misc\outputdevice.cpp:224]
UE4Editor-Engine.dll!UAnimSequence::GetBonePose() (0x00007ff8ea1a4941) + 83 bytes [d:\buildfarm\buildmachine_++depot+ue4-releases+4.7\engine\source\runtime\engine\private\animation\animsequence.cpp:975]
UE4Editor-Engine.dll!UAnimSingleNodeInstance::InternalBlendSpaceEvaluatePose() (0x00007ff8ea1ad992) + 0 bytes [d:\buildfarm\buildmachine_++depot+ue4-releases+4.7\engine\source\runtime\engine\private\animation\animsinglenodeinstance.cpp:577]
UE4Editor-Engine.dll!UAnimSingleNodeInstance::NativeEvaluateAnimation() (0x00007ff8ea1af287) + 19 bytes [d:\buildfarm\buildmachine_++depot+ue4-releases+4.7\engine\source\runtime\engine\private\animation\animsinglenodeinstance.cpp:313]
UE4Editor-AnimGraph.dll!UAnimPreviewInstance::NativeEvaluateAnimation() (0x00007ff8ec890fe3) + 0 bytes [d:\buildfarm\buildmachine_++depot+ue4-releases+4.7\engine\source\editor\animgraph\private\animpreviewinstance.cpp:140]
UE4Editor-Engine.dll!UAnimInstance::EvaluateAnimation() (0x00007ff8ea12d8e9) + 15 bytes [d:\buildfarm\buildmachine_++depot+ue4-releases+4.7\engine\source\runtime\engine\private\animation\animinstance.cpp:503]
UE4Editor-Engine.dll!USkeletalMeshComponent::EvaluateAnimation() (0x00007ff8e9d614af) + 0 bytes [d:\buildfarm\buildmachine_++depot+ue4-releases+4.7\engine\source\runtime\engine\private\skeletalmeshcomponent.cpp:855]
UE4Editor-Engine.dll!USkeletalMeshComponent::PerformAnimationEvaluation() (0x00007ff8e9d87d93) + 0 bytes [d:\buildfarm\buildmachine_++depot+ue4-releases+4.7\engine\source\runtime\engine\private\skeletalmeshcomponent.cpp:920]
UE4Editor-Engine.dll!USkeletalMeshComponent::RefreshBoneTransforms() (0x00007ff8e9d8f949) + 0 bytes [d:\buildfarm\buildmachine_++depot+ue4-releases+4.7\engine\source\runtime\engine\private\skeletalmeshcomponent.cpp:996]
UE4Editor-UnrealEd.dll!UDebugSkelMeshComponent::RefreshBoneTransforms() (0x00007ff8e82f406f) + 0 bytes [d:\buildfarm\buildmachine_++depot+ue4-releases+4.7\engine\source\editor\unrealed\private\animation\debugskelmeshcomponent.cpp:456]
UE4Editor-Engine.dll!USkinnedMeshComponent::TickComponent() (0x00007ff8e9e8c25b) + 9 bytes [d:\buildfarm\buildmachine_++depot+ue4-releases+4.7\engine\source\runtime\engine\private\skinnedmeshcomponent.cpp:301]
UE4Editor-Engine.dll!USkeletalMeshComponent::TickComponent() (0x00007ff8e9da191e) + 0 bytes [d:\buildfarm\buildmachine_++depot+ue4-releases+4.7\engine\source\runtime\engine\private\skeletalmeshcomponent.cpp:567]
UE4Editor-Engine.dll!UActorComponent::ConditionalTickComponent() (0x00007ff8e974ae67) + 22 bytes [d:\buildfarm\buildmachine_++depot+ue4-releases+4.7\engine\source\runtime\engine\private\actorcomponent.cpp:1042]
UE4Editor-Engine.dll!FActorComponentTickFunction::ExecuteTick() (0x00007ff8e9772179) + 20 bytes [d:\buildfarm\buildmachine_++depot+ue4-releases+4.7\engine\source\runtime\engine\private\actorcomponent.cpp:602]
UE4Editor-Engine.dll!FTickTaskSequencer::FTickFunctionTask::DoTask() (0x00007ff8e9f26cd6) + 0 bytes [d:\buildfarm\buildmachine_++depot+ue4-releases+4.7\engine\source\runtime\engine\private\ticktaskmanager.cpp:322]
UE4Editor-Engine.dll!TGraphTask<FTickTaskSequencer::FTickFunctionTask>::ExecuteTask() (0x00007ff8e9f32e7d) + 0 bytes [d:\buildfarm\buildmachine_++depot+ue4-releases+4.7\engine\source\runtime\core\public\async\taskgraphinterfaces.h:671]
UE4Editor-Core.dll!FTaskThread::ProcessTasks() (0x00007ff8ed204fa5) + 0 bytes [d:\buildfarm\buildmachine_++depot+ue4-releases+4.7\engine\source\runtime\core\private\async\taskgraph.cpp:428]
UE4Editor-Core.dll!FTaskThread::ProcessTasksUntilQuit() (0x00007ff8ed20518d) + 0 bytes [d:\buildfarm\buildmachine_++depot+ue4-releases+4.7\engine\source\runtime\core\private\async\taskgraph.cpp:271]
UE4Editor-Core.dll!FTaskGraphImplementation::WaitUntilTasksComplete() (0x00007ff8ed2264ff) + 0 bytes [d:\buildfarm\buildmachine_++depot+ue4-releases+4.7\engine\source\runtime\core\private\async\taskgraph.cpp:984]
UE4Editor-Engine.dll!FTaskGraphInterface::WaitUntilTaskCompletes() (0x00007ff8e9f6a11f) + 16 bytes [d:\buildfarm\buildmachine_++depot+ue4-releases+4.7\engine\source\runtime\core\public\async\taskgraphinterfaces.h:188]
UE4Editor-Engine.dll!FTickTaskSequencer::ReleaseTickGroup() (0x00007ff8e9f577d0) + 190 bytes [d:\buildfarm\buildmachine_++depot+ue4-releases+4.7\engine\source\runtime\engine\private\ticktaskmanager.cpp:187]
UE4Editor-Engine.dll!FTickTaskManager::RunTickGroup() (0x00007ff8e9f5a53e) + 0 bytes [d:\buildfarm\buildmachine_++depot+ue4-releases+4.7\engine\source\runtime\engine\private\ticktaskmanager.cpp:722]
UE4Editor-Engine.dll!UWorld::RunTickGroup() (0x00007ff8e9bb4566) + 0 bytes [d:\buildfarm\buildmachine_++depot+ue4-releases+4.7\engine\source\runtime\engine\private\leveltick.cpp:696]
UE4Editor-Engine.dll!UWorld::Tick() (0x00007ff8e9bbb58b) + 0 bytes [d:\buildfarm\buildmachine_++depot+ue4-releases+4.7\engine\source\runtime\engine\private\leveltick.cpp:1114]
UE4Editor-Persona.dll!FAnimationViewportClient::Tick() (0x00007ff8dd9fdfdb) + 0 bytes [d:\buildfarm\buildmachine_++depot+ue4-releases+4.7\engine\source\editor\persona\private\animationeditorviewportclient.cpp:795]
UE4Editor-UnrealEd.dll!UEditorEngine::Tick() (0x00007ff8e7dae85e) + 15 bytes [d:\buildfarm\buildmachine_++depot+ue4-releases+4.7\engine\source\editor\unrealed\private\editor.cpp:1389]
UE4Editor-UnrealEd.dll!UUnrealEdEngine::Tick() (0x00007ff8e8268306) + 0 bytes [d:\buildfarm\buildmachine_++depot+ue4-releases+4.7\engine\source\editor\unrealed\private\unrealedengine.cpp:347]
UE4Editor.exe!FEngineLoop::Tick() (0x00007ff777800263) + 0 bytes [d:\buildfarm\buildmachine_++depot+ue4-releases+4.7\engine\source\runtime\launch\private\launchengineloop.cpp:2257]
UE4Editor.exe!GuardedMain() (0x00007ff7777f267c) + 0 bytes [d:\buildfarm\buildmachine_++depot+ue4-releases+4.7\engine\source\runtime\launch\private\launch.cpp:142]
UE4Editor.exe!GuardedMainWrapper() (0x00007ff7777f26ea) + 5 bytes [d:\buildfarm\buildmachine_++depot+ue4-releases+4.7\engine\source\runtime\launch\private\windows\launchwindows.cpp:126]
UE4Editor.exe!WinMain() (0x00007ff777802219) + 17 bytes [d:\buildfarm\buildmachine_++depot+ue4-releases+4.7\engine\source\runtime\launch\private\windows\launchwindows.cpp:202]
UE4Editor.exe!__tmainCRTStartup() (0x00007ff777803159) + 21 bytes [f:\dd\vctools\crt\crtw32\dllstuff\crtexe.c:618]
KERNEL32.DLL!UnknownFunction (0x00007ff929a713d2) + 0 bytes [UnknownFile:0]
ntdll.dll!UnknownFunction (0x00007ff929e0e954) + 0 bytes [UnknownFile:0]
ntdll.dll!UnknownFunction (0x00007ff929e0e954) + 0 bytes [UnknownFile:0]


[2015.04.15-22.07.02:077][799]LogExit: Executing StaticShutdownAfterError
[2015.04.15-22.07.02:082][799]LogWindows: FPlatformMisc::RequestExit(1)
[2015.04.15-22.07.02:082][799]Log file closed, 04/16/15 00:07:02
